"../../../../../../Users/twott/Desktop/Crazy-Wizard/Content/lambert1.uasset" 0
"../../../../../../Users/twott/Desktop/Crazy-Wizard/Content/Floor_1_pCube1.uasset" 1
"../../../../../../Users/twott/Desktop/Crazy-Wizard/Content/Floor_2.uasset" 2
"../../../../../../Users/twott/Desktop/Crazy-Wizard/Content/Floor_3_pCube6.uasset" 3
"../../../Engine/Content/EngineMaterials/BaseFlattenDiffuseMap.uasset" 4
"../../../Engine/Content/EngineMaterials/BaseFlattenEmissiveMap.uasset" 5
"../../../Engine/Content/EngineMaterials/BaseFlattenGrayscaleMap.uasset" 6
"../../../Engine/Content/EngineMaterials/BaseFlattenNormalMap.uasset" 7
"../../../Engine/Content/EngineMaterials/NewBaseFlattenMaterial.uasset" 8
"../../../../../../Users/twott/Desktop/Crazy-Wizard/Content/M_New_Stage_T_pPlane2_lambert1_8578E6C940343E7AFA5ECF8676BEDD03.uasset" 9
"../../../../../../Users/twott/Desktop/Crazy-Wizard/Content/Rolling/Materials/BaseMaterial.uasset" 10
"../../../../../../Users/twott/Desktop/Crazy-Wizard/Content/NewSlateBrushAsset.uasset" 11
"../../../../../../Users/twott/Desktop/Crazy-Wizard/Content/M_New_Stage_T_2_pPlane2_lambert1_25C014134CEC0CE6C4DB73B6DC4D9F3B.uasset" 12
"../../../../../../Users/twott/Desktop/Crazy-Wizard/Content/New_Stage_T_2_pPlane2.uasset" 13
"../../../../../../Users/twott/Desktop/Crazy-Wizard/Content/StarterContent/Textures/T_MacroVariation.uasset" 14
"../../../../../../Users/twott/Desktop/Crazy-Wizard/Content/StarterContent/Textures/T_Metal_Gold_D.uasset" 15
"../../../../../../Users/twott/Desktop/Crazy-Wizard/Content/StarterContent/Textures/T_Metal_Gold_N.uasset" 16
"../../../../../../Users/twott/Desktop/Crazy-Wizard/Content/StarterContent/Materials/M_Metal_Gold.uasset" 17
"../../../../../../Users/twott/Desktop/Crazy-Wizard/Content/Blueprints/Character/BallMesh.uasset" 18
"../../../../../../Users/twott/Desktop/Crazy-Wizard/Content/PhysicsBallBP.uasset" 19
"../../../../../../Users/twott/Desktop/Crazy-Wizard/Content/Blueprints/Widget/GameOverwithRestart.uasset" 20
"../../../../../../Users/twott/Desktop/Crazy-Wizard/Content/Blueprints/GameOverwithRestart.uasset" 21
"../../../../../../Users/twott/Desktop/Crazy-Wizard/Content/Blueprints/Widget/HUD.uasset" 22
"../../../../../../Users/twott/Desktop/Crazy-Wizard/Content/Blueprints/HUD.uasset" 23
"../../../Engine/Content/BasicShapes/BasicShapeMaterial.uasset" 24
"../../../Engine/Content/Functions/Engine_MaterialFunctions01/Opacity/CameraDepthFade.uasset" 25
"../../../Engine/Content/EngineMaterials/T_Default_Material_Grid_M.uasset" 26
"../../../Engine/Content/EngineMaterials/T_Default_Material_Grid_N.uasset" 27
"../../../Engine/Content/EngineMaterials/WorldGridMaterial.uasset" 28
"../../../Engine/Content/BasicShapes/Cube.uasset" 29
"../../../../../../Users/twott/Desktop/Crazy-Wizard/Content/Blueprints/MovingPlatform_BP.uasset" 30
"../../../../../../Users/twott/Desktop/Crazy-Wizard/Content/Blueprints/Skill_detail.uasset" 31
"../../../../../../Users/twott/Desktop/Crazy-Wizard/Content/Blueprints/lambert1.uasset" 32
"../../../../../../Users/twott/Desktop/Crazy-Wizard/Content/Blueprints/NexS.uasset" 33
"../../../../../../Users/twott/Desktop/Crazy-Wizard/Content/Blueprints/Next.uasset" 34
"../../../../../../Users/twott/Desktop/Crazy-Wizard/Content/Blueprints/lambert3SG.uasset" 35
"../../../../../../Users/twott/Desktop/Crazy-Wizard/Content/Blueprints/test_ID_pCylinder2.uasset" 36
"../../../../../../Users/twott/Desktop/Crazy-Wizard/Content/Blueprints/colWhiteSG.uasset" 37
"../../../../../../Users/twott/Desktop/Crazy-Wizard/Content/Blueprints/colYellowSG.uasset" 38
"../../../../../../Users/twott/Desktop/Crazy-Wizard/Content/Blueprints/initialShadingGroup.uasset" 39
"../../../../../../Users/twott/Desktop/Crazy-Wizard/Content/Blueprints/test_pCylinder1_ID.uasset" 40
"../../../../../../Users/twott/Desktop/Crazy-Wizard/Content/Blueprints/Widget/WinTrollLevel.uasset" 41
"../../../../../../Users/twott/Desktop/Crazy-Wizard/Content/Blueprints/WinTrollLevel.uasset" 42
"../../../../../../Users/twott/Desktop/Crazy-Wizard/Content/Blueprints/LevelAssets/RampMaterial.uasset" 43
"../../../../../../Users/twott/Desktop/Crazy-Wizard/Content/Blueprints/LevelAssets/Bump_StaticMesh.uasset" 44
"../../../../../../Users/twott/Desktop/Crazy-Wizard/Content/Blueprints/LevelAssets/lambert1.uasset" 45
"../../../../../../Users/twott/Desktop/Crazy-Wizard/Content/Blueprints/LevelAssets/Door.uasset" 46
"../../../../../../Users/twott/Desktop/Crazy-Wizard/Content/Blueprints/LevelAssets/lambert4.uasset" 47
"../../../../../../Users/twott/Desktop/Crazy-Wizard/Content/Blueprints/LevelAssets/Door_Window.uasset" 48
"../../../../../../Users/twott/Desktop/Crazy-Wizard/Content/Blueprints/Items/lambert1.uasset" 49
"../../../../../../Users/twott/Desktop/Crazy-Wizard/Content/Blueprints/LevelAssets/Floor_1_pCube1.uasset" 50
"../../../../../../Users/twott/Desktop/Crazy-Wizard/Content/Blueprints/LevelAssets/Floor_2.uasset" 51
"../../../../../../Users/twott/Desktop/Crazy-Wizard/Content/Blueprints/LevelAssets/Floor_3_pCube6.uasset" 52
"../../../../../../Users/twott/Desktop/Crazy-Wizard/Content/Blueprints/LevelAssets/LeftArm_StaticMesh.uasset" 53
"../../../../../../Users/twott/Desktop/Crazy-Wizard/Content/Blueprints/LevelAssets/Linear_Stair_StaticMesh.uasset" 54
"../../../../../../Users/twott/Desktop/Crazy-Wizard/Content/Blueprints/LevelAssets/T_M_New_Stage_T_2_pPlane2_M_Tech_Hex_Tile_Pulse_44663C464178810D29AC829F2033ACDC_BaseColor.uasset" 55
"../../../../../../Users/twott/Desktop/Crazy-Wizard/Content/Blueprints/LevelAssets/M_M_New_Stage_T_2_pPlane2_M_Tech_Hex_Tile_Pulse_44663C464178810D29AC829F2033ACDC.uasset" 56
"../../../../../../Users/twott/Desktop/Crazy-Wizard/Content/Blueprints/LevelAssets/T_M_New_Stage_T_pPlane2_lambert1_8578E6C940343E7AFA5ECF8676BEDD03_BaseColor.uasset" 57
"../../../../../../Users/twott/Desktop/Crazy-Wizard/Content/Blueprints/LevelAssets/M_M_New_Stage_T_pPlane2_lambert1_8578E6C940343E7AFA5ECF8676BEDD03.uasset" 58
"../../../../../../Users/twott/Desktop/Crazy-Wizard/Content/Blueprints/LevelAssets/Ramp_StaticMesh.uasset" 59
"../../../../../../Users/twott/Desktop/Crazy-Wizard/Content/Blueprints/LevelAssets/RightArm_StaticMesh.uasset" 60
"../../../../../../Users/twott/Desktop/Crazy-Wizard/Content/Blueprints/LevelAssets/phong1.uasset" 61
"../../../../../../Users/twott/Desktop/Crazy-Wizard/Content/Blueprints/LevelAssets/Wall.uasset" 62
"../../../../../../Users/twott/Desktop/Crazy-Wizard/Content/Blueprints/LevelAssets/GUI/Tutorial.uasset" 63
"../../../../../../Users/twott/Desktop/Crazy-Wizard/Content/Blueprints/LevelAssets/Key/initialShadingGroup.uasset" 64
"../../../../../../Users/twott/Desktop/Crazy-Wizard/Content/Blueprints/LevelAssets/Key/Key_5.uasset" 65
"../../../../../../Users/twott/Desktop/Crazy-Wizard/Content/Blueprints/LevelAssets/NewImport/lambert7SG.uasset" 66
"../../../../../../Users/twott/Desktop/Crazy-Wizard/Content/Blueprints/LevelAssets/NewImport/Book_Shelf_pCube59.uasset" 67
"../../../../../../Users/twott/Desktop/Crazy-Wizard/Content/Blueprints/LevelAssets/NewImport/initialShadingGroup.uasset" 68
"../../../../../../Users/twott/Desktop/Crazy-Wizard/Content/Blueprints/LevelAssets/NewImport/lambert3SG.uasset" 69
"../../../../../../Users/twott/Desktop/Crazy-Wizard/Content/Blueprints/LevelAssets/NewImport/lambert4SG.uasset" 70
"../../../../../../Users/twott/Desktop/Crazy-Wizard/Content/Blueprints/LevelAssets/NewImport/lambert5SG.uasset" 71
"../../../../../../Users/twott/Desktop/Crazy-Wizard/Content/Blueprints/LevelAssets/NewImport/lambert6SG.uasset" 72
"../../../../../../Users/twott/Desktop/Crazy-Wizard/Content/Blueprints/LevelAssets/NewImport/Book_Shelf_polySurface2.uasset" 73
"../../../../../../Users/twott/Desktop/Crazy-Wizard/Content/Blueprints/LevelAssets/NewImport/Chair_pCube1.uasset" 74
"../../../../../../Users/twott/Desktop/Crazy-Wizard/Content/Blueprints/LevelAssets/NewImport/Monster_1_pSphere6_group6.uasset" 75
"../../../../../../Users/twott/Desktop/Crazy-Wizard/Content/Blueprints/LevelAssets/NewImport/Monster_2_pCube1_group5.uasset" 76
"../../../../../../Users/twott/Desktop/Crazy-Wizard/Content/Blueprints/LevelAssets/NewImport/Monster_2_polySurface21.uasset" 77
"../../../../../../Users/twott/Desktop/Crazy-Wizard/Content/Blueprints/LevelAssets/NewImport/lambert2SG.uasset" 78
"../../../../../../Users/twott/Desktop/Crazy-Wizard/Content/Blueprints/LevelAssets/NewImport/Monster_3_polySurface93.uasset" 79
"../../../../../../Users/twott/Desktop/Crazy-Wizard/Content/StarterContent/Textures/T_Metal_Copper_D.uasset" 80
"../../../../../../Users/twott/Desktop/Crazy-Wizard/Content/StarterContent/Materials/M_Metal_Copper.uasset" 81
"../../../../../../Users/twott/Desktop/Crazy-Wizard/Content/Blueprints/LevelAssets/NewImport/Monster_4_pCylinder2.uasset" 82
"../../../../../../Users/twott/Desktop/Crazy-Wizard/Content/Blueprints/LevelAssets/NewImport/Monster_4_pSphere1.uasset" 83
"../../../../../../Users/twott/Desktop/Crazy-Wizard/Content/Blueprints/LevelAssets/NewImport/Object_1_pCylinder3.uasset" 84
"../../../../../../Users/twott/Desktop/Crazy-Wizard/Content/Blueprints/LevelAssets/NewImport/Object_1_pSphere1.uasset" 85
"../../../../../../Users/twott/Desktop/Crazy-Wizard/Content/Blueprints/LevelAssets/NewImport/lambert8SG.uasset" 86
"../../../../../../Users/twott/Desktop/Crazy-Wizard/Content/Blueprints/LevelAssets/NewImport/Object_S_1.uasset" 87
"../../../../../../Users/twott/Desktop/Crazy-Wizard/Content/Blueprints/LevelAssets/NewImport/Object_S_2.uasset" 88
"../../../../../../Users/twott/Desktop/Crazy-Wizard/Content/Blueprints/LevelAssets/NewImport/Table.uasset" 89
"../../../Engine/Content/EditorBlueprintResources/StandardMacros.uasset" 90
"../../../../../../Users/twott/Desktop/Crazy-Wizard/Content/RollingBP/EditMaterial/DoorMaterial.uasset" 91
"../../../../../../Users/twott/Desktop/Crazy-Wizard/Content/Sounds/Door_open.uasset" 92
"../../../../../../Users/twott/Desktop/Crazy-Wizard/Content/RollingBP/Blueprints/MovingDoor.uasset" 93
"../../../../../../Users/twott/Desktop/Crazy-Wizard/Content/RollingBP/Blueprints/MovingPlatform_BP.uasset" 94
"../../../../../../Users/twott/Desktop/Crazy-Wizard/Content/RollingBP/EditMaterial/DoorMaterial_R.uasset" 95
"../../../../../../Users/twott/Desktop/Crazy-Wizard/Content/RollingBP/Blueprints/Platform_BP.uasset" 96
"../../../../../../Users/twott/Desktop/Crazy-Wizard/Content/RollingBP/Blueprints/Box_BP.uasset" 97
"../../../../../../Users/twott/Desktop/Crazy-Wizard/Content/RollingBP/Blueprints/SaveGame_BP.uasset" 98
"../../../../../../Users/twott/Desktop/Crazy-Wizard/Content/RollingBP/Blueprints/SavePt_BP.uasset" 99
"../../../../../../Users/twott/Desktop/Crazy-Wizard/Content/Blueprints/LevelAssets/LoadLevel.uasset" 100
"../../../../../../Users/twott/Desktop/Crazy-Wizard/Content/UI/Element_Skill_Earth.uasset" 101
"../../../../../../Users/twott/Desktop/Crazy-Wizard/Content/UI/Element_Skill_Fire.uasset" 102
"../../../../../../Users/twott/Desktop/Crazy-Wizard/Content/UI/Element_Skill_Water.uasset" 103
"../../../../../../Users/twott/Desktop/Crazy-Wizard/Content/UI/Element_Skill_Wind.uasset" 104
"../../../../../../Users/twott/Desktop/Crazy-Wizard/Content/UI/Normal_Box_Text.uasset" 105
"../../../../../../Users/twott/Desktop/Crazy-Wizard/Content/Blueprints/UI_Oct19.uasset" 106
"../../../../../../Users/twott/Desktop/Crazy-Wizard/Content/Blueprints/lambert6.uasset" 107
"../../../../../../Users/twott/Desktop/Crazy-Wizard/Content/StarterContent/Materials/M_Glass.uasset" 108
"../../../../../../Users/twott/Desktop/Crazy-Wizard/Content/RollingBP/EditMaterial/DoorMaterial_B.uasset" 109
"../../../../../../Users/twott/Desktop/Crazy-Wizard/Content/RollingBP/EditMaterial/DoorMaterial_G.uasset" 110
"../../../../../../Users/twott/Desktop/Crazy-Wizard/Content/RollingBP/EditMaterial/DoorMaterial_Y.uasset" 111
"../../../../../../Users/twott/Desktop/Crazy-Wizard/Content/Blueprints/Widget/UI.uasset" 112
"../../../../../../Users/twott/Desktop/Crazy-Wizard/Content/Blueprints/Tutorial.uasset" 113
"../../../../../../Users/twott/Desktop/Crazy-Wizard/Content/Blueprints/lambert2.uasset" 114
"../../../../../../Users/twott/Desktop/Crazy-Wizard/Content/Blueprints/lambert3.uasset" 115
"../../../../../../Users/twott/Desktop/Crazy-Wizard/Content/Blueprints/lambert4.uasset" 116
"../../../../../../Users/twott/Desktop/Crazy-Wizard/Content/Blueprints/lambert5.uasset" 117
"../../../../../../Users/twott/Desktop/Crazy-Wizard/Content/Blueprints/wizard1.uasset" 118
"../../../Engine/Content/EngineMaterials/Grid.uasset" 119
"../../../../../../Users/twott/Desktop/Crazy-Wizard/Content/Rolling/Materials/PM_Ball.uasset" 120
"../../../../../../Users/twott/Desktop/Crazy-Wizard/Content/Rolling/Materials/M_Blue_Checker.uasset" 121
"../../../../../../Users/twott/Desktop/Crazy-Wizard/Content/Rolling/Meshes/BallMesh.uasset" 122
"../../../../../../Users/twott/Desktop/Crazy-Wizard/Content/RollingBP/Blueprints/Widgets/EndGamePopUp_BP.uasset" 123
"../../../../../../Users/twott/Desktop/Crazy-Wizard/Content/RollingBP/Blueprints/Widgets/UI_BP.uasset" 124
"../../../../../../Users/twott/Desktop/Crazy-Wizard/Content/Sounds/Jump.uasset" 125
"../../../../../../Users/twott/Desktop/Crazy-Wizard/Content/StarterContent/Audio/Explosion01.uasset" 126
"../../../../../../Users/twott/Desktop/Crazy-Wizard/Content/RollingBP/Blueprints/PhysicsBallBP.uasset" 127
"../../../../../../Users/twott/Desktop/Crazy-Wizard/Content/RollingBP/EditMaterial/MpMat_DB.uasset" 128
"../../../../../../Users/twott/Desktop/Crazy-Wizard/Content/Blueprints/Widget/MP_BP.uasset" 129
"../../../../../../Users/twott/Desktop/Crazy-Wizard/Content/Mannequin/Character/Mesh/UE4_Mannequin_Skeleton.uasset" 130
"../../../../../../Users/twott/Desktop/Crazy-Wizard/Content/Mannequin/Animations/ThirdPersonJump_End.uasset" 131
"../../../../../../Users/twott/Desktop/Crazy-Wizard/Content/Mannequin/Animations/ThirdPerson_Jump.uasset" 132
"../../../../../../Users/twott/Desktop/Crazy-Wizard/Content/Mannequin/Animations/ThirdPersonJump_Loop.uasset" 133
"../../../../../../Users/twott/Desktop/Crazy-Wizard/Content/Mannequin/Animations/ThirdPersonJump_Start.uasset" 134
"../../../../../../Users/twott/Desktop/Crazy-Wizard/Content/Mannequin/Animations/ThirdPersonIdle.uasset" 135
"../../../../../../Users/twott/Desktop/Crazy-Wizard/Content/Mannequin/Animations/ThirdPersonRun.uasset" 136
"../../../../../../Users/twott/Desktop/Crazy-Wizard/Content/Mannequin/Animations/ThirdPersonWalk.uasset" 137
"../../../../../../Users/twott/Desktop/Crazy-Wizard/Content/Mannequin/Animations/ThirdPerson_IdleRun_2D.uasset" 138
"../../../../../../Users/twott/Desktop/Crazy-Wizard/Content/Mannequin/Animations/ThirdPerson_AnimBP.uasset" 139
"../../../Engine/Content/Functions/Engine_MaterialFunctions02/Utility/BlendAngleCorrectedNormals.uasset" 140
"../../../Engine/Content/Functions/MaterialLayerFunctions/MatLayerBlend_NormalBlend.uasset" 141
"../../../Engine/Content/Functions/MaterialLayerFunctions/MatLayerBlend_Simple.uasset" 142
"../../../../../../Users/twott/Desktop/Crazy-Wizard/Content/Mannequin/Character/Materials/MaterialLayers/T_ML_Rubber_Blue_01_D.uasset" 143
"../../../../../../Users/twott/Desktop/Crazy-Wizard/Content/Mannequin/Character/Materials/MaterialLayers/T_ML_Rubber_Blue_01_N.uasset" 144
"../../../../../../Users/twott/Desktop/Crazy-Wizard/Content/Mannequin/Character/Materials/MaterialLayers/ML_GlossyBlack_Latex_UE4.uasset" 145
"../../../../../../Users/twott/Desktop/Crazy-Wizard/Content/Mannequin/Character/Materials/MaterialLayers/ML_Plastic_Shiny_Beige.uasset" 146
"../../../../../../Users/twott/Desktop/Crazy-Wizard/Content/Mannequin/Character/Textures/UE4_LOGO_CARD.uasset" 147
"../../../../../../Users/twott/Desktop/Crazy-Wizard/Content/Mannequin/Character/Materials/MaterialLayers/ML_Plastic_Shiny_Beige_LOGO.uasset" 148
"../../../../../../Users/twott/Desktop/Crazy-Wizard/Content/Mannequin/Character/Materials/MaterialLayers/T_ML_Aluminum01.uasset" 149
"../../../../../../Users/twott/Desktop/Crazy-Wizard/Content/Mannequin/Character/Materials/MaterialLayers/T_ML_Aluminum01_N.uasset" 150
"../../../../../../Users/twott/Desktop/Crazy-Wizard/Content/Mannequin/Character/Materials/MaterialLayers/ML_SoftMetal_UE4.uasset" 151
"../../../../../../Users/twott/Desktop/Crazy-Wizard/Content/Mannequin/Character/Textures/UE4_Mannequin__normals.uasset" 152
"../../../../../../Users/twott/Desktop/Crazy-Wizard/Content/Mannequin/Character/Textures/UE4_Mannequin_MAT_MASKA.uasset" 153
"../../../../../../Users/twott/Desktop/Crazy-Wizard/Content/Mannequin/Character/Materials/M_UE4Man_Body.uasset" 154
"../../../../../../Users/twott/Desktop/Crazy-Wizard/Content/Mannequin/Character/Textures/UE4Man_Logo_N.uasset" 155
"../../../../../../Users/twott/Desktop/Crazy-Wizard/Content/Mannequin/Character/Materials/M_UE4Man_ChestLogo.uasset" 156
"../../../../../../Users/twott/Desktop/Crazy-Wizard/Content/Mannequin/Character/Mesh/SK_Mannequin_PhysicsAsset.uasset" 157
"../../../../../../Users/twott/Desktop/Crazy-Wizard/Content/Mannequin/Character/Mesh/SK_Mannequin.uasset" 158
"../../../../../../Users/twott/Desktop/Crazy-Wizard/Content/RollingBP/Blueprints/Widgets/Credit_BP.uasset" 159
"../../../../../../Users/twott/Desktop/Crazy-Wizard/Content/RollingBP/Blueprints/Widgets/LevelSelect_BP.uasset" 160
"../../../../../../Users/twott/Desktop/Crazy-Wizard/Content/RollingBP/Blueprints/Widgets/PauseMenu_BP.uasset" 161
"../../../../../../Users/twott/Desktop/Crazy-Wizard/Content/RollingBP/Blueprints/Widgets/SettingMenu_BP.uasset" 162
"../../../../../../Users/twott/Desktop/Crazy-Wizard/Content/RollingBP/Blueprints/Widgets/MainMenu_BP.uasset" 163
"../../../../../../Users/twott/Desktop/Crazy-Wizard/Content/RollingBP/Blueprints/MainMenu_BP.uasset" 164
"../../../../../../Users/twott/Desktop/Crazy-Wizard/Content/RollingBP/MainMenu_BP.uasset" 165
"../../../../../../Users/twott/Desktop/Crazy-Wizard/Content/RollingBP/RollingOverview.uasset" 166
"../../../../../../Users/twott/Desktop/Crazy-Wizard/Content/Rolling/Materials/GrayMetalMaterial.uasset" 167
"../../../../../../Users/twott/Desktop/Crazy-Wizard/Content/RollingBP/Spike.uasset" 168
"../../../../../../Users/twott/Desktop/Crazy-Wizard/Content/RollingBP/Spike_StaticMesh.uasset" 169
"../../../../../../Users/twott/Desktop/Crazy-Wizard/Content/RollingBP/Blueprints/UI_BP.uasset" 170
"../../../../../../Users/twott/Desktop/Crazy-Wizard/Content/RollingBP/UI_BP.uasset" 171
"../../../../../../Users/twott/Desktop/Crazy-Wizard/Content/RollingBP/aiStandardSurface7.uasset" 172
"../../../../../../Users/twott/Desktop/Crazy-Wizard/Content/RollingBP/aiStandardSurface8.uasset" 173
"../../../../../../Users/twott/Desktop/Crazy-Wizard/Content/RollingBP/button.uasset" 174
"../../../../../../Users/twott/Desktop/Crazy-Wizard/Content/RollingBP/coat_mat.uasset" 175
"../../../../../../Users/twott/Desktop/Crazy-Wizard/Content/RollingBP/eye_mat.uasset" 176
"../../../../../../Users/twott/Desktop/Crazy-Wizard/Content/RollingBP/hair_mat.uasset" 177
"../../../../../../Users/twott/Desktop/Crazy-Wizard/Content/RollingBP/hat_mat.uasset" 178
"../../../../../../Users/twott/Desktop/Crazy-Wizard/Content/RollingBP/mouth.uasset" 179
"../../../../../../Users/twott/Desktop/Crazy-Wizard/Content/RollingBP/shirt.uasset" 180
"../../../../../../Users/twott/Desktop/Crazy-Wizard/Content/RollingBP/shirt_mat.uasset" 181
"../../../../../../Users/twott/Desktop/Crazy-Wizard/Content/RollingBP/skin.uasset" 182
"../../../../../../Users/twott/Desktop/Crazy-Wizard/Content/RollingBP/tie.uasset" 183
"../../../../../../Users/twott/Desktop/Crazy-Wizard/Content/RollingBP/walk_PhysicsAsset.uasset" 184
"../../../../../../Users/twott/Desktop/Crazy-Wizard/Content/RollingBP/walk_Skeleton.uasset" 185
"../../../../../../Users/twott/Desktop/Crazy-Wizard/Content/RollingBP/walk.uasset" 186
"../../../../../../Users/twott/Desktop/Crazy-Wizard/Content/RollingBP/aiStandardSurface2.uasset" 187
"../../../../../../Users/twott/Desktop/Crazy-Wizard/Content/RollingBP/btms.uasset" 188
"../../../../../../Users/twott/Desktop/Crazy-Wizard/Content/RollingBP/btms_png2.uasset" 189
"../../../../../../Users/twott/Desktop/Crazy-Wizard/Content/RollingBP/cloth_boy.uasset" 190
"../../../../../../Users/twott/Desktop/Crazy-Wizard/Content/RollingBP/cloth_png2.uasset" 191
"../../../../../../Users/twott/Desktop/Crazy-Wizard/Content/RollingBP/h_mat7.uasset" 192
"../../../../../../Users/twott/Desktop/Crazy-Wizard/Content/RollingBP/lambert1.uasset" 193
"../../../../../../Users/twott/Desktop/Crazy-Wizard/Content/RollingBP/lambert2.uasset" 194
"../../../../../../Users/twott/Desktop/Crazy-Wizard/Content/RollingBP/lambert3.uasset" 195
"../../../../../../Users/twott/Desktop/Crazy-Wizard/Content/RollingBP/lambert4.uasset" 196
"../../../../../../Users/twott/Desktop/Crazy-Wizard/Content/RollingBP/lambert5.uasset" 197
"../../../../../../Users/twott/Desktop/Crazy-Wizard/Content/RollingBP/lambert6.uasset" 198
"../../../../../../Users/twott/Desktop/Crazy-Wizard/Content/RollingBP/m_mat7.uasset" 199
"../../../../../../Users/twott/Desktop/Crazy-Wizard/Content/RollingBP/shoes_png2.uasset" 200
"../../../../../../Users/twott/Desktop/Crazy-Wizard/Content/RollingBP/wizard_ver01_boots_PhysicsAsset.uasset" 201
"../../../../../../Users/twott/Desktop/Crazy-Wizard/Content/RollingBP/wizard_ver01_boots_Skeleton.uasset" 202
"../../../../../../Users/twott/Desktop/Crazy-Wizard/Content/RollingBP/wizard_ver01_hand1_PhysicsAsset.uasset" 203
"../../../../../../Users/twott/Desktop/Crazy-Wizard/Content/RollingBP/wizard_ver01_hand1_Skeleton.uasset" 204
"../../../../../../Users/twott/Desktop/Crazy-Wizard/Content/RollingBP/wizard_ver01_hand_PhysicsAsset.uasset" 205
"../../../../../../Users/twott/Desktop/Crazy-Wizard/Content/RollingBP/wizard_ver01_hand_Skeleton.uasset" 206
"../../../../../../Users/twott/Desktop/Crazy-Wizard/Content/RollingBP/wizard_ver01_hat_PhysicsAsset.uasset" 207
"../../../../../../Users/twott/Desktop/Crazy-Wizard/Content/RollingBP/wizard_ver01_hat_Skeleton.uasset" 208
"../../../../../../Users/twott/Desktop/Crazy-Wizard/Content/RollingBP/wizard_ver01_pCube1_PhysicsAsset.uasset" 209
"../../../../../../Users/twott/Desktop/Crazy-Wizard/Content/RollingBP/wizard_ver01_pCube1_Skeleton.uasset" 210
"../../../../../../Users/twott/Desktop/Crazy-Wizard/Content/RollingBP/wizard_ver01_pCylinder1_PhysicsAsset.uasset" 211
"../../../../../../Users/twott/Desktop/Crazy-Wizard/Content/RollingBP/wizard_ver01_pCylinder1_Skeleton.uasset" 212
"../../../../../../Users/twott/Desktop/Crazy-Wizard/Content/RollingBP/wizard_ver01_pCylinder2_PhysicsAsset.uasset" 213
"../../../../../../Users/twott/Desktop/Crazy-Wizard/Content/RollingBP/wizard_ver01_pCylinder2_Skeleton.uasset" 214
"../../../../../../Users/twott/Desktop/Crazy-Wizard/Content/RollingBP/wizard_ver01_pCylinder3_PhysicsAsset.uasset" 215
"../../../../../../Users/twott/Desktop/Crazy-Wizard/Content/RollingBP/wizard_ver01_pCylinder3_Skeleton.uasset" 216
"../../../../../../Users/twott/Desktop/Crazy-Wizard/Content/RollingBP/wizard_ver01_pCylinder4_PhysicsAsset.uasset" 217
"../../../../../../Users/twott/Desktop/Crazy-Wizard/Content/RollingBP/wizard_ver01_pCylinder4_Skeleton.uasset" 218
"../../../../../../Users/twott/Desktop/Crazy-Wizard/Content/RollingBP/wizard_ver01_pCylinder7_PhysicsAsset.uasset" 219
"../../../../../../Users/twott/Desktop/Crazy-Wizard/Content/RollingBP/wizard_ver01_pCylinder7_Skeleton.uasset" 220
"../../../../../../Users/twott/Desktop/Crazy-Wizard/Content/RollingBP/wizard_ver01_pCylinder8_PhysicsAsset.uasset" 221
"../../../../../../Users/twott/Desktop/Crazy-Wizard/Content/RollingBP/wizard_ver01_pCylinder8_Skeleton.uasset" 222
"../../../../../../Users/twott/Desktop/Crazy-Wizard/Content/RollingBP/wizard_ver01_polySurface10_PhysicsAsset.uasset" 223
"../../../../../../Users/twott/Desktop/Crazy-Wizard/Content/RollingBP/wizard_ver01_polySurface10_Skeleton.uasset" 224
"../../../../../../Users/twott/Desktop/Crazy-Wizard/Content/RollingBP/wizard_ver01_polySurface11_PhysicsAsset.uasset" 225
"../../../../../../Users/twott/Desktop/Crazy-Wizard/Content/RollingBP/wizard_ver01_polySurface11_Skeleton.uasset" 226
"../../../../../../Users/twott/Desktop/Crazy-Wizard/Content/RollingBP/wizard_ver01_polySurface12_PhysicsAsset.uasset" 227
"../../../../../../Users/twott/Desktop/Crazy-Wizard/Content/RollingBP/wizard_ver01_polySurface12_Skeleton.uasset" 228
"../../../../../../Users/twott/Desktop/Crazy-Wizard/Content/RollingBP/wizard_ver01_polySurface13_PhysicsAsset.uasset" 229
"../../../../../../Users/twott/Desktop/Crazy-Wizard/Content/RollingBP/wizard_ver01_polySurface13_Skeleton.uasset" 230
"../../../../../../Users/twott/Desktop/Crazy-Wizard/Content/RollingBP/wizard_ver01_polySurface14_PhysicsAsset.uasset" 231
"../../../../../../Users/twott/Desktop/Crazy-Wizard/Content/RollingBP/wizard_ver01_polySurface14_Skeleton.uasset" 232
"../../../../../../Users/twott/Desktop/Crazy-Wizard/Content/RollingBP/wizard_ver01_polySurface1_1_Skeleton.uasset" 233
"../../../../../../Users/twott/Desktop/Crazy-Wizard/Content/RollingBP/wizard_ver01_polySurface1_PhysicsAsset.uasset" 234
"../../../../../../Users/twott/Desktop/Crazy-Wizard/Content/RollingBP/wizard_ver01_polySurface1_Skeleton.uasset" 235
"../../../../../../Users/twott/Desktop/Crazy-Wizard/Content/RollingBP/wizard_ver01_polySurface20_PhysicsAsset.uasset" 236
"../../../../../../Users/twott/Desktop/Crazy-Wizard/Content/RollingBP/wizard_ver01_polySurface20_Skeleton.uasset" 237
"../../../../../../Users/twott/Desktop/Crazy-Wizard/Content/RollingBP/wizard_ver01_polySurface2_PhysicsAsset.uasset" 238
"../../../../../../Users/twott/Desktop/Crazy-Wizard/Content/RollingBP/wizard_ver01_polySurface2_Skeleton.uasset" 239
"../../../../../../Users/twott/Desktop/Crazy-Wizard/Content/RollingBP/wizard_ver01_polySurface3_PhysicsAsset.uasset" 240
"../../../../../../Users/twott/Desktop/Crazy-Wizard/Content/RollingBP/wizard_ver01_polySurface3_Skeleton.uasset" 241
"../../../../../../Users/twott/Desktop/Crazy-Wizard/Content/RollingBP/wizard_ver01_polySurface4_PhysicsAsset.uasset" 242
"../../../../../../Users/twott/Desktop/Crazy-Wizard/Content/RollingBP/wizard_ver01_polySurface4_Skeleton.uasset" 243
"../../../../../../Users/twott/Desktop/Crazy-Wizard/Content/RollingBP/wizard_ver01_polySurface8_PhysicsAsset.uasset" 244
"../../../../../../Users/twott/Desktop/Crazy-Wizard/Content/RollingBP/wizard_ver01_polySurface8_Skeleton.uasset" 245
"../../../../../../Users/twott/Desktop/Crazy-Wizard/Content/RollingBP/wizard_ver01_polySurface9_PhysicsAsset.uasset" 246
"../../../../../../Users/twott/Desktop/Crazy-Wizard/Content/RollingBP/wizard_ver01_polySurface9_Skeleton.uasset" 247
"../../../../../../Users/twott/Desktop/Crazy-Wizard/Content/RollingBP/wizard_ver01_pSphere1_PhysicsAsset.uasset" 248
"../../../../../../Users/twott/Desktop/Crazy-Wizard/Content/RollingBP/wizard_ver01_pSphere1_Skeleton.uasset" 249
"../../../../../../Users/twott/Desktop/Crazy-Wizard/Content/RollingBP/wizard_ver01.uasset" 250
"../../../../../../Users/twott/Desktop/Crazy-Wizard/Content/RollingBP/Blueprints/KeyItem_BP.uasset" 251
"../../../../../../Users/twott/Desktop/Crazy-Wizard/Content/RollingBP/Blueprints/KeyItem_BP_BP1.uasset" 252
"../../../../../../Users/twott/Desktop/Crazy-Wizard/Content/Blueprints/LevelAssets/NewImport/Monster_1_group6_pSphere5.uasset" 253
"../../../../../../Users/twott/Desktop/Crazy-Wizard/Content/RollingBP/Blueprints/MonsterPlatform.uasset" 254
"../../../../../../Users/twott/Desktop/Crazy-Wizard/Content/RollingBP/Blueprints/MP_BP.uasset" 255
"../../../../../../Users/twott/Desktop/Crazy-Wizard/Content/RollingBP/Blueprints/Widgets/GameOverPopUp_BP.uasset" 256
"../../../../../../Users/twott/Desktop/Crazy-Wizard/Content/RollingBP/EditMaterial/DoorMaterial_Purple.uasset" 257
"../../../../../../Users/twott/Desktop/Crazy-Wizard/Content/Sounds/Ball_Movement.uasset" 258
"../../../../../../Users/twott/Desktop/Crazy-Wizard/Content/Sounds/Ball_Movement__Run_.uasset" 259
"../../../../../../Users/twott/Desktop/Crazy-Wizard/Content/Sounds/Bounce.uasset" 260
"../../../../../../Users/twott/Desktop/Crazy-Wizard/Content/Sounds/Chill_song.uasset" 261
"../../../../../../Users/twott/Desktop/Crazy-Wizard/Content/Sounds/Jump_Cue.uasset" 262
"../../../../../../Users/twott/Desktop/Crazy-Wizard/Content/Sounds/Rolling_Hard.uasset" 263
"../../../../../../Users/twott/Desktop/Crazy-Wizard/Content/Sounds/Rolling.uasset" 264
"../../../../../../Users/twott/Desktop/Crazy-Wizard/Content/StarterContent/Materials/M_Basic_Wall.uasset" 265
"../../../../../../Users/twott/Desktop/Crazy-Wizard/Content/StarterContent/Architecture/Pillar_50x500.uasset" 266
"../../../../../../Users/twott/Desktop/Crazy-Wizard/Content/StarterContent/Architecture/Wall_400x300.uasset" 267
"../../../../../../Users/twott/Desktop/Crazy-Wizard/Content/StarterContent/Architecture/Wall_400x400.uasset" 268
"../../../../../../Users/twott/Desktop/Crazy-Wizard/Content/StarterContent/Architecture/Wall_500x500.uasset" 269
"../../../../../../Users/twott/Desktop/Crazy-Wizard/Content/StarterContent/Architecture/Wall_Door_400x400.uasset" 270
"../../../../../../Users/twott/Desktop/Crazy-Wizard/Content/StarterContent/Architecture/Wall_Window_400x400.uasset" 271
"../../../../../../Users/twott/Desktop/Crazy-Wizard/Content/StarterContent/Audio/Collapse01.uasset" 272
"../../../../../../Users/twott/Desktop/Crazy-Wizard/Content/StarterContent/Audio/Collapse02.uasset" 273
"../../../../../../Users/twott/Desktop/Crazy-Wizard/Content/StarterContent/Audio/Explosion02.uasset" 274
"../../../../../../Users/twott/Desktop/Crazy-Wizard/Content/StarterContent/Audio/Fire01.uasset" 275
"../../../../../../Users/twott/Desktop/Crazy-Wizard/Content/StarterContent/Audio/Fire_Sparks01.uasset" 276
"../../../../../../Users/twott/Desktop/Crazy-Wizard/Content/StarterContent/Audio/Light01.uasset" 277
"../../../../../../Users/twott/Desktop/Crazy-Wizard/Content/StarterContent/Audio/Light01_Cue.uasset" 278
"../../../../../../Users/twott/Desktop/Crazy-Wizard/Content/StarterContent/Audio/Light02.uasset" 279
"../../../../../../Users/twott/Desktop/Crazy-Wizard/Content/StarterContent/Audio/Light02_Cue.uasset" 280
"../../../../../../Users/twott/Desktop/Crazy-Wizard/Content/StarterContent/Audio/Smoke01.uasset" 281
"../../../../../../Users/twott/Desktop/Crazy-Wizard/Content/StarterContent/Audio/Starter_Birds01.uasset" 282
"../../../../../../Users/twott/Desktop/Crazy-Wizard/Content/StarterContent/Audio/Starter_Music01.uasset" 283
"../../../../../../Users/twott/Desktop/Crazy-Wizard/Content/StarterContent/Audio/Starter_Wind05.uasset" 284
"../../../../../../Users/twott/Desktop/Crazy-Wizard/Content/StarterContent/Audio/Starter_Wind06.uasset" 285
"../../../../../../Users/twott/Desktop/Crazy-Wizard/Content/StarterContent/Audio/Steam01.uasset" 286
"../../../../../../Users/twott/Desktop/Crazy-Wizard/Content/StarterContent/Audio/Explosion_Cue.uasset" 287
"../../../../../../Users/twott/Desktop/Crazy-Wizard/Content/StarterContent/Textures/T_Burst_M.uasset" 288
"../../../../../../Users/twott/Desktop/Crazy-Wizard/Content/StarterContent/Particles/Materials/M_Burst.uasset" 289
"../../../../../../Users/twott/Desktop/Crazy-Wizard/Content/StarterContent/Textures/T_Explosion_SubUV.uasset" 290
"../../../../../../Users/twott/Desktop/Crazy-Wizard/Content/StarterContent/Particles/Materials/M_explosion_subUV.uasset" 291
"../../../../../../Users/twott/Desktop/Crazy-Wizard/Content/StarterContent/Particles/Materials/m_flare_01.uasset" 292
"../../../Engine/Content/Functions/Engine_MaterialFunctions01/Gradient/RadialGradient.uasset" 293
"../../../../../../Users/twott/Desktop/Crazy-Wizard/Content/StarterContent/Particles/Materials/M_radial_ramp.uasset" 294
"../../../../../../Users/twott/Desktop/Crazy-Wizard/Content/StarterContent/Textures/T_Smoke_SubUV.uasset" 295
"../../../../../../Users/twott/Desktop/Crazy-Wizard/Content/StarterContent/Textures/T_Smoke_Tiled_D.uasset" 296
"../../../../../../Users/twott/Desktop/Crazy-Wizard/Content/StarterContent/Particles/Materials/M_smoke_subUV.uasset" 297
"../../../../../../Users/twott/Desktop/Crazy-Wizard/Content/StarterContent/Particles/P_Explosion.uasset" 298
"../../../../../../Users/twott/Desktop/Crazy-Wizard/Content/StarterContent/Blueprints/Blueprint_Effect_Explosion.uasset" 299
"../../../Engine/Content/EditorMeshes/ColorCalibrator/T_ColorGrid.uasset" 300
"../../../../../../Users/twott/Desktop/Crazy-Wizard/Content/StarterContent/Materials/M_ColorGrid_LowSpec.uasset" 301
"../../../../../../Users/twott/Desktop/Crazy-Wizard/Content/StarterContent/Textures/T_Bush_D.uasset" 302
"../../../../../../Users/twott/Desktop/Crazy-Wizard/Content/StarterContent/Textures/T_Bush_N.uasset" 303
"../../../../../../Users/twott/Desktop/Crazy-Wizard/Content/StarterContent/Props/Materials/M_Bush.uasset" 304
"../../../../../../Users/twott/Desktop/Crazy-Wizard/Content/StarterContent/Props/SM_Bush.uasset" 305
"../../../../../../Users/twott/Desktop/Crazy-Wizard/Content/StarterContent/Textures/T_Chair_M.uasset" 306
"../../../../../../Users/twott/Desktop/Crazy-Wizard/Content/StarterContent/Textures/T_Chair_N.uasset" 307
"../../../../../../Users/twott/Desktop/Crazy-Wizard/Content/StarterContent/Props/Materials/M_Chair.uasset" 308
"../../../../../../Users/twott/Desktop/Crazy-Wizard/Content/StarterContent/Props/SM_Couch.uasset" 309
"../../../../../../Users/twott/Desktop/Crazy-Wizard/Content/StarterContent/Textures/T_Door_M.uasset" 310
"../../../../../../Users/twott/Desktop/Crazy-Wizard/Content/StarterContent/Textures/T_Door_N.uasset" 311
"../../../../../../Users/twott/Desktop/Crazy-Wizard/Content/StarterContent/Props/Materials/M_Door.uasset" 312
"../../../../../../Users/twott/Desktop/Crazy-Wizard/Content/StarterContent/Props/SM_Door.uasset" 313
"../../../../../../Users/twott/Desktop/Crazy-Wizard/Content/StarterContent/Props/Materials/M_MaterialSphere.uasset" 314
"../../../../../../Users/twott/Desktop/Crazy-Wizard/Content/StarterContent/Props/Materials/M_MaterialSphere_Plain.uasset" 315
"../../../../../../Users/twott/Desktop/Crazy-Wizard/Content/StarterContent/Props/SM_MatPreviewMesh_02.uasset" 316
"../../../../../../Users/twott/Desktop/Crazy-Wizard/Content/StarterContent/Textures/T_Detail_Rocky_N.uasset" 317
"../../../../../../Users/twott/Desktop/Crazy-Wizard/Content/StarterContent/Textures/T_Rock_Basalt_D.uasset" 318
"../../../../../../Users/twott/Desktop/Crazy-Wizard/Content/StarterContent/Textures/T_RockMesh_M.uasset" 319
"../../../../../../Users/twott/Desktop/Crazy-Wizard/Content/StarterContent/Textures/T_RockMesh_N.uasset" 320
"../../../../../../Users/twott/Desktop/Crazy-Wizard/Content/StarterContent/Props/Materials/M_Rock.uasset" 321
"../../../../../../Users/twott/Desktop/Crazy-Wizard/Content/StarterContent/Props/SM_Rock.uasset" 322
"../../../../../../Users/twott/Desktop/Crazy-Wizard/Content/StarterContent/Textures/T_Shelf_M.uasset" 323
"../../../../../../Users/twott/Desktop/Crazy-Wizard/Content/StarterContent/Textures/T_Shelf_N.uasset" 324
"../../../../../../Users/twott/Desktop/Crazy-Wizard/Content/StarterContent/Props/Materials/M_Shelf.uasset" 325
"../../../../../../Users/twott/Desktop/Crazy-Wizard/Content/StarterContent/Props/SM_Shelf.uasset" 326
"../../../../../../Users/twott/Desktop/Crazy-Wizard/Content/StarterContent/Materials/M_Basic_Floor.uasset" 327
"../../../../../../Users/twott/Desktop/Crazy-Wizard/Content/StarterContent/Props/SM_Stairs.uasset" 328
"../../../../../../Users/twott/Desktop/Crazy-Wizard/Content/StarterContent/Shapes/Shape_Cone.uasset" 329
"../../../../../../Users/twott/Desktop/Crazy-Wizard/Content/StarterContent/Shapes/Shape_Cylinder.uasset" 330
"../../../../../../Users/twott/Desktop/Crazy-Wizard/Content/StarterContent/Shapes/Shape_NarrowCapsule.uasset" 331
"../../../../../../Users/twott/Desktop/Crazy-Wizard/Content/StarterContent/Shapes/Shape_Pipe.uasset" 332
"../../../../../../Users/twott/Desktop/Crazy-Wizard/Content/StarterContent/Shapes/Shape_Pipe_180.uasset" 333
"../../../../../../Users/twott/Desktop/Crazy-Wizard/Content/StarterContent/Shapes/Shape_Pipe_90.uasset" 334
"../../../../../../Users/twott/Desktop/Crazy-Wizard/Content/StarterContent/Shapes/Shape_Plane.uasset" 335
"../../../../../../Users/twott/Desktop/Crazy-Wizard/Content/StarterContent/Shapes/Shape_Torus.uasset" 336
"../../../../../../Users/twott/Desktop/Crazy-Wizard/Content/StarterContent/Shapes/Shape_Trim.uasset" 337
"../../../../../../Users/twott/Desktop/Crazy-Wizard/Content/StarterContent/Shapes/Shape_Trim_90_In.uasset" 338
"../../../../../../Users/twott/Desktop/Crazy-Wizard/Content/StarterContent/Shapes/Shape_Trim_90_Out.uasset" 339
"../../../../../../Users/twott/Desktop/Crazy-Wizard/Content/StarterContent/Shapes/Shape_TriPyramid.uasset" 340
"../../../../../../Users/twott/Desktop/Crazy-Wizard/Content/StarterContent/Shapes/Shape_Tube.uasset" 341
"../../../../../../Users/twott/Desktop/Crazy-Wizard/Content/StarterContent/Shapes/Shape_Wedge_A.uasset" 342
"../../../../../../Users/twott/Desktop/Crazy-Wizard/Content/StarterContent/Shapes/Shape_Wedge_B.uasset" 343
"../../../../../../Users/twott/Desktop/Crazy-Wizard/Content/StarterContent/Shapes/Shape_WideCapsule.uasset" 344
"../../../../../../Users/twott/Desktop/Crazy-Wizard/Content/UI/Color_ref_text_box.uasset" 345
"../../../../../../Users/twott/Desktop/Crazy-Wizard/Content/UI/Element_Skill_Earth___Use__.uasset" 346
"../../../../../../Users/twott/Desktop/Crazy-Wizard/Content/UI/Element_Skill_Fire___Use__.uasset" 347
"../../../../../../Users/twott/Desktop/Crazy-Wizard/Content/UI/Element_Skill_Water___Use__.uasset" 348
"../../../../../../Users/twott/Desktop/Crazy-Wizard/Content/UI/Element_Skill_Wind___Use__.uasset" 349
"../../../../../../Users/twott/Desktop/Crazy-Wizard/Content/UI/light_element.uasset" 350
"../../../../../../Users/twott/Desktop/Crazy-Wizard/Content/UI/New_element_light.uasset" 351
"../../../../../../Users/twott/Desktop/Crazy-Wizard/Content/UI/Tutorial.uasset" 352
"../../../Engine/Content/Animation/DefaultAnimCurveCompressionSettings.uasset" 353
"../../../Engine/Content/ArtTools/RenderToTexture/Meshes/S_1_Unit_Plane.uasset" 354
"../../../Engine/Content/EngineMaterials/DefaultMaterial.uasset" 355
"../../../Engine/Content/BasicShapes/Cone.uasset" 356
"../../../Engine/Content/BasicShapes/Cylinder.uasset" 357
"../../../Engine/Content/BasicShapes/Plane.uasset" 358
"../../../Engine/Content/EditorLandscapeResources/DataLayer.uasset" 359
"../../../Engine/Content/EditorMaterials/GizmoMaterial.uasset" 360
"../../../Engine/Content/EditorMaterials/MAT_Groups_Toggle.uasset" 361
"../../../Engine/Content/EditorMaterials/MAT_Groups_Visibility.uasset" 362
"../../../Engine/Content/EditorMaterials/PreviewShadowIndicator.uasset" 363
"../../../Engine/Content/EditorMaterials/PreviewShadowIndicatorMaterial.uasset" 364
"../../../Engine/Content/EditorMaterials/MatineeGroups/MAT_ColorTrack.uasset" 365
"../../../Engine/Content/EditorMaterials/MatineeGroups/MAT_Groups_Anim.uasset" 366
"../../../Engine/Content/EditorMaterials/MatineeGroups/MAT_Groups_AudioMaster.uasset" 367
"../../../Engine/Content/EditorMaterials/MatineeGroups/MAT_Groups_Director.uasset" 368
"../../../Engine/Content/EditorMaterials/MatineeGroups/MAT_Groups_Event.uasset" 369
"../../../Engine/Content/EditorMaterials/MatineeGroups/MAT_Groups_Fade.uasset" 370
"../../../Engine/Content/EditorMaterials/MatineeGroups/MAT_Groups_Float.uasset" 371
"../../../Engine/Content/EditorMaterials/MatineeGroups/MAT_Groups_Move.uasset" 372
"../../../Engine/Content/EditorMaterials/MatineeGroups/MAT_Groups_Slomo.uasset" 373
"../../../Engine/Content/EditorMaterials/MatineeGroups/MAT_Groups_Sound.uasset" 374
"../../../Engine/Content/EditorMaterials/MatineeGroups/MAT_Groups_Vector.uasset" 375
"../../../Engine/Content/EditorMaterials/ParticleSystems/PSysThumbnail_NoImage.uasset" 376
"../../../Engine/Content/EditorMaterials/ParticleSystems/PSysThumbnail_OOD.uasset" 377
"../../../Engine/Content/EditorMaterials/Camera/CineMat.uasset" 378
"../../../Engine/Content/EditorMaterials/Camera/MI_CineMat_Rig.uasset" 379
"../../../Engine/Content/EditorMeshes/Camera/SM_CraneRig_Arm.uasset" 380
"../../../Engine/Content/EditorMeshes/Camera/SM_CraneRig_Base.uasset" 381
"../../../Engine/Content/EditorMeshes/Camera/SM_CraneRig_Body.uasset" 382
"../../../Engine/Content/EditorMeshes/Camera/SM_CraneRig_Mount.uasset" 383
"../../../Engine/Content/EditorMeshes/Camera/SM_RailRig_Mount.uasset" 384
"../../../Engine/Content/EditorMeshes/Camera/SM_RailRig_Track.uasset" 385
"../../../Engine/Content/EditorResources/BSPVertex.uasset" 386
"../../../Engine/Content/EditorResources/EmptyActor.uasset" 387
"../../../Engine/Content/EditorResources/S_Actor.uasset" 388
"../../../Engine/Content/EditorResources/S_Note.uasset" 389
"../../../Engine/Content/EditorResources/S_Trigger.uasset" 390
"../../../Engine/Content/EditorResources/AudioIcons/S_AudioComponent.uasset" 391
"../../../Engine/Content/EditorResources/AudioIcons/S_AudioComponent_AutoActivate.uasset" 392
"../../../Engine/Content/EditorResources/LightIcons/S_LightError.uasset" 393
"../../../Engine/Content/EditorResources/SequenceRecorder/Countdown.uasset" 394
"../../../Engine/Content/EditorResources/SequenceRecorder/RecordingIndicator.uasset" 395
"../../../Engine/Content/EditorSounds/Notifications/CompileFailed.uasset" 396
"../../../Engine/Content/EditorSounds/Notifications/CompileFailed_Cue.uasset" 397
"../../../Engine/Content/EditorSounds/Notifications/CompileSuccess.uasset" 398
"../../../Engine/Content/EditorSounds/Notifications/CompileStart_Cue.uasset" 399
"../../../Engine/Content/EditorSounds/Notifications/CompileSuccess_Cue.uasset" 400
"../../../Engine/Content/EngineDamageTypes/DmgTypeBP_Environmental.uasset" 401
"../../../Engine/Content/EngineDebugMaterials/HeatmapGradient.uasset" 402
"../../../Engine/Content/EngineDebugMaterials/BoneWeightMaterial.uasset" 403
"../../../Engine/Content/EngineDebugMaterials/ClothMaterial.uasset" 404
"../../../Engine/Content/EngineDebugMaterials/ClothMaterial_WF.uasset" 405
"../../../Engine/Content/EngineDebugMaterials/DebugEditorMaterial.uasset" 406
"../../../Engine/Content/EngineDebugMaterials/DebugMeshMaterial.uasset" 407
"../../../Engine/Content/EngineDebugMaterials/GeomMaterial.uasset" 408
"../../../Engine/Content/EngineDebugMaterials/M_SimpleTranslucent.uasset" 409
"../../../Engine/Content/EngineFonts/Faces/RobotoBold.uasset" 410
"../../../Engine/Content/EngineFonts/Faces/RobotoBoldItalic.uasset" 411
"../../../Engine/Content/EngineFonts/Faces/RobotoItalic.uasset" 412
"../../../Engine/Content/EngineFonts/Faces/RobotoLight.uasset" 413
"../../../Engine/Content/EngineFonts/Faces/RobotoRegular.uasset" 414
"../../../Engine/Content/EngineFonts/Roboto.uasset" 415
"../../../Engine/Content/EngineFonts/Faces/RobotoTiny.uasset" 416
"../../../Engine/Content/EngineFonts/RobotoTiny.uasset" 417
"../../../Engine/Content/EngineMaterials/BaseFlattenMaterial.uasset" 418
"../../../Engine/Content/EngineMaterials/DefaultBloomKernel.uasset" 419
"../../../Engine/Content/EngineMaterials/DefaultBokeh.uasset" 420
"../../../Engine/Content/EngineMaterials/DefaultDiffuse.uasset" 421
"../../../Engine/Content/EngineMaterials/DefaultDeferredDecalMaterial.uasset" 422
"../../../Engine/Content/EngineMaterials/DefaultLightFunctionMaterial.uasset" 423
"../../../Engine/Content/EngineMaterials/DefaultPhysicalMaterial.uasset" 424
"../../../Engine/Content/Functions/Engine_MaterialFunctions02/Utility/BreakOutFloat2Components.uasset" 425
"../../../Engine/Content/EngineMaterials/DefaultPostProcessMaterial.uasset" 426
"../../../Engine/Content/EngineFonts/RobotoDistanceField.uasset" 427
"../../../Engine/Content/EngineMaterials/DefaultTextMaterialOpaque.uasset" 428
"../../../Engine/Content/EngineMaterials/DefaultWhiteGrid.uasset" 429
"../../../Engine/Content/EngineMaterials/EditorBrushMaterial.uasset" 430
"../../../Engine/Content/EngineMaterials/Good64x64TilingNoiseHighFreq.uasset" 431
"../../../Engine/Content/EngineMaterials/MiniFont.uasset" 432
"../../../Engine/Content/EngineMaterials/InvalidLightmapSettings.uasset" 433
"../../../Engine/Content/EngineMaterials/M_InvalidLightmapSettings.uasset" 434
"../../../Engine/Content/Functions/Engine_MaterialFunctions02/WorldPositionOffset/CameraOffset.uasset" 435
"../../../Engine/Content/EngineMaterials/PhAT_JointLimitMaterial.uasset" 436
"../../../Engine/Content/EngineMaterials/PreintegratedSkinBRDF.uasset" 437
"../../../Engine/Content/EngineMaterials/RemoveSurfaceMaterial.uasset" 438
"../../../Engine/Content/EngineMaterials/WeightMapPlaceholderTexture.uasset" 439
"../../../Engine/Content/EngineResources/WhiteSquareTexture.uasset" 440
"../../../Engine/Content/EngineMaterials/Widget3DPassThrough.uasset" 441
"../../../Engine/Content/EngineMaterials/Widget3DPassThrough_Masked.uasset" 442
"../../../Engine/Content/EngineMaterials/Widget3DPassThrough_Opaque.uasset" 443
"../../../Engine/Content/EngineMaterials/Widget3DPassThrough_Masked_OneSided.uasset" 444
"../../../Engine/Content/EngineMaterials/Widget3DPassThrough_Opaque_OneSided.uasset" 445
"../../../Engine/Content/EngineMaterials/Widget3DPassThrough_Translucent.uasset" 446
"../../../Engine/Content/EngineMaterials/Widget3DPassThrough_Translucent_OneSided.uasset" 447
"../../../Engine/Content/EngineMeshes/Cylinder.uasset" 448
"../../../Engine/Content/EngineMeshes/Sphere.uasset" 449
"../../../Engine/Content/EngineResources/Black.uasset" 450
"../../../Engine/Content/EngineResources/DefaultTexture.uasset" 451
"../../../Engine/Content/EngineResources/DefaultTextureCube.uasset" 452
"../../../Engine/Content/EngineResources/DefaultVolumeTexture2D.uasset" 453
"../../../Engine/Content/EngineResources/DefaultVolumeTexture.uasset" 454
"../../../Engine/Content/EngineResources/GradientTexture0.uasset" 455
"../../../Engine/Content/EngineSounds/Master.uasset" 456
"../../../Engine/Content/Functions/Engine_MaterialFunctions01/Shading/ConvertFromDiffSpec.uasset" 457
"../../../Engine/Content/Functions/Engine_MaterialFunctions01/Shading/PowerToRoughness.uasset" 458
"../../../Engine/Content/Maps/Templates/Thumbnails/Default.uasset" 459
"../../../Engine/Content/Maps/Templates/Thumbnails/VR-Basic.uasset" 460
"../../../Engine/Content/MobileResources/T_MobileControls_texture.uasset" 461
"../../../Engine/Content/MobileResources/T_MobileMenu2.uasset" 462
"../../../Engine/Content/MobileResources/HUD/AnalogHat.uasset" 463
"../../../Engine/Content/MobileResources/HUD/VirtualJoystick_Background.uasset" 464
"../../../Engine/Content/MobileResources/HUD/VirtualJoystick_Thumb.uasset" 465
"../../../Engine/Content/MobileResources/HUD/DefaultVirtualJoysticks.uasset" 466
"../../../Engine/Content/MobileResources/HUD/LeftVirtualJoystickOnly.uasset" 467
"../../../Engine/Content/MobileResources/HUD/MobileHUDButton1_off.uasset" 468
"../../../Engine/Content/MobileResources/HUD/MobileHUDButton1_on.uasset" 469
"../../../Engine/Content/MobileResources/HUD/MobileHUDButton2_off.uasset" 470
"../../../Engine/Content/MobileResources/HUD/MobileHUDButton2_on.uasset" 471
"../../../Engine/Content/MobileResources/HUD/MobileHUDButton3.uasset" 472
"../../../Engine/Content/MobileResources/HUD/MobileHUDButtonFire.uasset" 473
"../../../Engine/Content/MobileResources/HUD/MobileHUDDirectionPad.uasset" 474
"../../../Engine/Content/MobileResources/HUD/MobileHUDDirectionPad2.uasset" 475
"../../../Engine/Content/MobileResources/HUD/MobileHUDDirectionPad3.uasset" 476
"../../../Engine/Content/MobileResources/HUD/MobileHUDDirectionStick.uasset" 477
"../../../Engine/Content/MobileResources/HUD/T_Castle_ThumbstickInner.uasset" 478
"../../../Engine/Content/MobileResources/HUD/T_Castle_ThumbstickOutter.uasset" 479
"../../../Engine/Content/Tutorial/ContentIntroCurve.uasset" 480
"../../../Engine/Content/Tutorial/Basics/LevelEditorAttract.uasset" 481
"../../../Engine/Content/Tutorial/Basics/TutorialAssets/icon_tab_Levels_40x.uasset" 482
"../../../Engine/Content/Tutorial/Basics/LevelEditorOverview.uasset" 483
"../../../Engine/Content/Tutorial/SubEditors/GettingSubstance.uasset" 484
"../../../Engine/Content/VREditor/LaserPointer/VR_LaserPower_01.uasset" 485
"../../../Engine/Content/VREditor/TransformGizmo/TransformGizmoMaterial.uasset" 486
"../../../Engine/Content/VREditor/TransformGizmo/TranslucentTransformGizmoMaterial.uasset" 487
"../../../Engine/Content/VREditor/TransformGizmo/BoundingBoxCorner.uasset" 488
"../../../Engine/Content/VREditor/TransformGizmo/BoundingBoxEdge.uasset" 489
"../../../Engine/Content/VREditor/TransformGizmo/PlaneTranslationHandle.uasset" 490
"../../../Engine/Content/VREditor/TransformGizmo/Main.uasset" 491
"../../../Engine/Content/VREditor/TransformGizmo/Xray.uasset" 492
"../../../Engine/Content/VREditor/TransformGizmo/SM_Sequencer_Key.uasset" 493
"../../../Engine/Content/VREditor/TransformGizmo/SM_Sequencer_Node.uasset" 494
"../../Plugins/2D/Paper2D/Content/PlaceholderTextures/DummySpriteTexture.uasset" 495
"../../Plugins/2D/Paper2D/Content/DummySprite.uasset" 496
"../../Plugins/2D/Paper2D/Content/DefaultPaperTerrainMaterial.uasset" 497
"../../Plugins/2D/Paper2D/Content/DummySpriteTexture.uasset" 498
"../../Plugins/2D/Paper2D/Content/DefaultSpriteMaterial.uasset" 499
"../../Plugins/2D/Paper2D/Content/MaskedUnlitSpriteMaterial.uasset" 500
"../../Plugins/2D/Paper2D/Content/OpaqueUnlitSpriteMaterial.uasset" 501
"../../Plugins/Runtime/Oculus/OculusVR/Content/OculusMR_RenderTarget.uasset" 502
"../../../Engine/Content/Functions/Engine_MaterialFunctions02/Utility/BreakOutFloat4Components.uasset" 503
"../../../Engine/Content/Functions/Engine_MaterialFunctions02/Utility/MakeFloat2.uasset" 504
"../../../Engine/Content/Functions/Engine_MaterialFunctions02/Utility/MakeFloat3.uasset" 505
"../../Plugins/Runtime/Oculus/OculusVR/Content/Materials/OculusMR_ChromaKey.uasset" 506
"../../Plugins/Runtime/Oculus/OculusVR/Content/Materials/OculusMR_ChromaKey_Lit.uasset" 507
"../../Plugins/Runtime/Oculus/OculusVR/Content/Materials/OculusMR_OpaqueColoredMaterial.uasset" 508
"../../Plugins/Runtime/Oculus/OculusVR/Content/Materials/OculusMR_WhiteMaterial.uasset" 509
"../../Plugins/Runtime/Oculus/OculusVR/Content/Materials/PokeAHoleMaterial.uasset" 510
"../../Plugins/Runtime/Oculus/OculusVR/Content/Textures/GearVRController_AO.uasset" 511
"../../Plugins/Runtime/Oculus/OculusVR/Content/Textures/GearVRController_Color.uasset" 512
"../../Plugins/Runtime/Oculus/OculusVR/Content/Textures/GearVRController_Normal.uasset" 513
"../../Plugins/Runtime/Oculus/OculusVR/Content/Materials/GearVRControllerMaterial.uasset" 514
"../../Plugins/Runtime/Oculus/OculusVR/Content/Meshes/GearVrController.uasset" 515
"../../Plugins/Runtime/Oculus/OculusVR/Content/Textures/touchController_albedo.uasset" 516
"../../Plugins/Runtime/Oculus/OculusVR/Content/Textures/touchController_controlmap.uasset" 517
"../../Plugins/Runtime/Oculus/OculusVR/Content/Materials/touchController_mat.uasset" 518
"../../Plugins/Runtime/Oculus/OculusVR/Content/Meshes/LeftTouchController.uasset" 519
"../../Plugins/Runtime/Oculus/OculusVR/Content/Meshes/RiftHMD.uasset" 520
"../../Plugins/Runtime/Oculus/OculusVR/Content/Meshes/RightTouchController.uasset" 521
"../../../Engine/Content/EngineSky/C_Sky_Cloud_Color.uasset" 522
"../../../Engine/Content/EngineSky/C_Sky_Horizon_Color.uasset" 523
"../../../Engine/Content/EngineSky/C_Sky_Zenith_Color.uasset" 524
"../../../Engine/Content/EngineSky/T_Sky_Blue.uasset" 525
"../../../Engine/Content/EngineSky/T_Sky_Clouds_M.uasset" 526
"../../../Engine/Content/EngineSky/T_Sky_Stars.uasset" 527
"../../../Engine/Content/EngineSky/M_Sky_Panning_Clouds2.uasset" 528
"../../../Engine/Content/EngineSky/SM_SkySphere.uasset" 529
"../../../Engine/Content/EngineSky/BP_Sky_Sphere.uasset" 530
"../../../../../../Users/twott/Desktop/Crazy-Wizard/Content/RollingBP/Blueprints/DropSpawn.uasset" 531
"../../../../../../Users/twott/Desktop/Crazy-Wizard/Content/StarterContent/Textures/T_Concrete_Poured_D.uasset" 532
"../../../../../../Users/twott/Desktop/Crazy-Wizard/Content/StarterContent/Textures/T_Concrete_Poured_N.uasset" 533
"../../../../../../Users/twott/Desktop/Crazy-Wizard/Content/StarterContent/Textures/T_Perlin_Noise_M.uasset" 534
"../../../../../../Users/twott/Desktop/Crazy-Wizard/Content/StarterContent/Materials/M_Concrete_Poured.uasset" 535
"../../../../../../Users/twott/Desktop/Crazy-Wizard/Content/RollingBP/RoughEnemy.uasset" 536
"../../../../../../Users/twott/Desktop/Crazy-Wizard/Content/RollingBP/Blueprints/MovingEnemy_BP.uasset" 537
"../../../../../../Users/twott/Desktop/Crazy-Wizard/Content/RollingBP/Blueprints/TurningPlatform_BP.uasset" 538
"../../../../../../Users/twott/Desktop/Crazy-Wizard/Content/Level1_BuiltData.uasset" 539
"../../../../../../Users/twott/Desktop/Crazy-Wizard/Content/StarterContent/Textures/T_CobbleStone_Smooth_D.uasset" 540
"../../../../../../Users/twott/Desktop/Crazy-Wizard/Content/StarterContent/Textures/T_CobbleStone_Smooth_M.uasset" 541
"../../../../../../Users/twott/Desktop/Crazy-Wizard/Content/StarterContent/Textures/T_CobbleStone_Smooth_N.uasset" 542
"../../../../../../Users/twott/Desktop/Crazy-Wizard/Content/StarterContent/Textures/T_Gradinet_01.uasset" 543
"../../../../../../Users/twott/Desktop/Crazy-Wizard/Content/StarterContent/Textures/T_Rock_Smooth_Granite_D.uasset" 544
"../../../../../../Users/twott/Desktop/Crazy-Wizard/Content/StarterContent/Materials/M_CobbleStone_Smooth.uasset" 545
"../../../../../../Users/twott/Desktop/Crazy-Wizard/Content/Blueprints/LevelAssets/BGM/BG_4_01.uasset" 546
"../../../../../../Users/twott/Desktop/Crazy-Wizard/Content/Level1.umap" 547
"../../../../../../Users/twott/Desktop/Crazy-Wizard/Content/Sounds/Chill_song_2.uasset" 548
"../../../../../../Users/twott/Desktop/Crazy-Wizard/Content/Blueprints/Character/BallGameMode.uasset" 549
"../../../../../../Users/twott/Desktop/Crazy-Wizard/Content/Blueprints/Items/LampAndRune2.uasset" 550
"../../../../../../Users/twott/Desktop/Crazy-Wizard/Content/Blueprints/Items/Lamp.uasset" 551
"../../../../../../Users/twott/Desktop/Crazy-Wizard/Content/RollingBP/Blueprints/Key_BP.uasset" 552
"../../../../../../Users/twott/Desktop/Crazy-Wizard/Content/LevelTest_BuiltData.uasset" 553
"../../../../../../Users/twott/Desktop/Crazy-Wizard/Content/StarterContent/Textures/T_Ground_Grass_D.uasset" 554
"../../../../../../Users/twott/Desktop/Crazy-Wizard/Content/StarterContent/Textures/T_Ground_Grass_N.uasset" 555
"../../../../../../Users/twott/Desktop/Crazy-Wizard/Content/StarterContent/Materials/M_Ground_Grass.uasset" 556
"../../../../../../Users/twott/Desktop/Crazy-Wizard/Content/StarterContent/Textures/T_Metal_Rust_D.uasset" 557
"../../../../../../Users/twott/Desktop/Crazy-Wizard/Content/StarterContent/Textures/T_Metal_Rust_N.uasset" 558
"../../../../../../Users/twott/Desktop/Crazy-Wizard/Content/StarterContent/Materials/M_Metal_Rust.uasset" 559
"../../../../../../Users/twott/Desktop/Crazy-Wizard/Content/StarterContent/Materials/Roof01.uasset" 560
"../../../../../../Users/twott/Desktop/Crazy-Wizard/Content/StarterContent/Materials/Roof_INST.uasset" 561
"../../../../../../Users/twott/Desktop/Crazy-Wizard/Content/StarterContent/Materials/Roof_INST_ambient_occlusion.uasset" 562
"../../../../../../Users/twott/Desktop/Crazy-Wizard/Content/StarterContent/Materials/Roof_INST_basecolor.uasset" 563
"../../../../../../Users/twott/Desktop/Crazy-Wizard/Content/StarterContent/Materials/Roof_INST_metallic.uasset" 564
"../../../../../../Users/twott/Desktop/Crazy-Wizard/Content/StarterContent/Materials/Roof_INST_normal.uasset" 565
"../../../../../../Users/twott/Desktop/Crazy-Wizard/Content/StarterContent/Materials/Roof_INST_roughness.uasset" 566
"../../../../../../Users/twott/Desktop/Crazy-Wizard/Content/StarterContent/Materials/Roof_MAT.uasset" 567
"../../../Engine/Content/MapTemplates/Sky/DaylightAmbientCubemap.uasset" 568
"../../../../../../Users/twott/Desktop/Crazy-Wizard/Content/StarterContent/Blueprints/Assets/M_LightStage_Skybox_Master.uasset" 569
"../../../../../../Users/twott/Desktop/Crazy-Wizard/Content/StarterContent/Blueprints/Assets/M_LightStage_Skybox_Black.uasset" 570
"../../../../../../Users/twott/Desktop/Crazy-Wizard/Content/Blueprints/LevelAssets/Floor01.uasset" 571
"../../../../../../Users/twott/Desktop/Crazy-Wizard/Content/Blueprints/LevelAssets/Floor1.uasset" 572
"../../../../../../Users/twott/Desktop/Crazy-Wizard/Content/Blueprints/LevelAssets/Floor2.uasset" 573
"../../../../../../Users/twott/Desktop/Crazy-Wizard/Content/Blueprints/LevelAssets/Key/Key_1.uasset" 574
"../../../../../../Users/twott/Desktop/Crazy-Wizard/Content/LevelTest.umap" 575
"../../../../../../Users/twott/Desktop/Crazy-Wizard/Content/Tutorial_Level_BuiltData.uasset" 576
"../../../../../../Users/twott/Desktop/Crazy-Wizard/Content/StarterContent/Textures/T_Tech_Hex_Tile_M.uasset" 577
"../../../../../../Users/twott/Desktop/Crazy-Wizard/Content/StarterContent/Textures/T_Tech_Hex_Tile_N.uasset" 578
"../../../../../../Users/twott/Desktop/Crazy-Wizard/Content/StarterContent/Materials/M_Tech_Hex_Tile.uasset" 579
"../../../../../../Users/twott/Desktop/Crazy-Wizard/Content/StarterContent/Materials/M_Tech_Hex_Tile_Pulse.uasset" 580
"../../../../../../Users/twott/Desktop/Crazy-Wizard/Content/Tutorial_Level.umap" 581
"../../../../../../Users/twott/Desktop/Crazy-Wizard/Content/Blueprints/LevelAssets/Jump_level_easy_BuiltData.uasset" 582
"../../../../../../Users/twott/Desktop/Crazy-Wizard/Content/StarterContent/Textures/T_CobbleStone_Rough_D.uasset" 583
"../../../../../../Users/twott/Desktop/Crazy-Wizard/Content/StarterContent/Textures/T_CobbleStone_Rough_N.uasset" 584
"../../../../../../Users/twott/Desktop/Crazy-Wizard/Content/StarterContent/Materials/M_CobbleStone_Rough.uasset" 585
"../../../../../../Users/twott/Desktop/Crazy-Wizard/Content/StarterContent/Textures/T_Concrete_Tiles_D.uasset" 586
"../../../../../../Users/twott/Desktop/Crazy-Wizard/Content/StarterContent/Textures/T_Concrete_Tiles_M.uasset" 587
"../../../../../../Users/twott/Desktop/Crazy-Wizard/Content/StarterContent/Textures/T_Concrete_Tiles_N.uasset" 588
"../../../../../../Users/twott/Desktop/Crazy-Wizard/Content/StarterContent/Textures/T_Concrete_Tiles_Variation_M.uasset" 589
"../../../../../../Users/twott/Desktop/Crazy-Wizard/Content/StarterContent/Materials/M_Concrete_Tiles.uasset" 590
"../../../../../../Users/twott/Desktop/Crazy-Wizard/Content/StarterContent/Textures/T_ground_Moss_D.uasset" 591
"../../../../../../Users/twott/Desktop/Crazy-Wizard/Content/StarterContent/Textures/T_Ground_Moss_N.uasset" 592
"../../../../../../Users/twott/Desktop/Crazy-Wizard/Content/StarterContent/Materials/M_Ground_Moss.uasset" 593
"../../../../../../Users/twott/Desktop/Crazy-Wizard/Content/StarterContent/Textures/T_Wood_Floor_Walnut_D.uasset" 594
"../../../../../../Users/twott/Desktop/Crazy-Wizard/Content/StarterContent/Textures/T_Wood_Floor_Walnut_M.uasset" 595
"../../../../../../Users/twott/Desktop/Crazy-Wizard/Content/StarterContent/Textures/T_Wood_Floor_Walnut_N.uasset" 596
"../../../../../../Users/twott/Desktop/Crazy-Wizard/Content/StarterContent/Materials/M_Wood_Floor_Walnut_Polished.uasset" 597
"../../../../../../Users/twott/Desktop/Crazy-Wizard/Content/Blueprints/LevelAssets/BGM/BG_1_01.uasset" 598
"../../../../../../Users/twott/Desktop/Crazy-Wizard/Content/Blueprints/LevelAssets/Key/Key_2.uasset" 599
"../../../../../../Users/twott/Desktop/Crazy-Wizard/Content/Blueprints/LevelAssets/Jump_level_easy.umap" 600
"../../../../../../Users/twott/Desktop/Crazy-Wizard/Content/Blueprints/LevelAssets/Jump_level_HARD_BuiltData.uasset" 601
"../../../../../../Users/twott/Desktop/Crazy-Wizard/Content/StarterContent/Textures/T_Rock_Basalt_N.uasset" 602
"../../../../../../Users/twott/Desktop/Crazy-Wizard/Content/StarterContent/Materials/M_Rock_Basalt.uasset" 603
"../../../../../../Users/twott/Desktop/Crazy-Wizard/Content/Blueprints/LevelAssets/BGM/BG_3_01.uasset" 604
"../../../../../../Users/twott/Desktop/Crazy-Wizard/Content/Blueprints/LevelAssets/Key/Key_3.uasset" 605
"../../../../../../Users/twott/Desktop/Crazy-Wizard/Content/Blueprints/LevelAssets/Jump_level_HARD.umap" 606
"../../../../../../Users/twott/Desktop/Crazy-Wizard/Content/Blueprints/LevelAssets/Jump_level_normal_BuiltData.uasset" 607
"../../../../../../Users/twott/Desktop/Crazy-Wizard/Content/Blueprints/LevelAssets/BGM/BG_2_01.uasset" 608
"../../../../../../Users/twott/Desktop/Crazy-Wizard/Content/Blueprints/LevelAssets/Key/Key_4.uasset" 609
"../../../../../../Users/twott/Desktop/Crazy-Wizard/Content/Blueprints/LevelAssets/Jump_level_normal.umap" 610
"../../../../../../Users/twott/Desktop/Crazy-Wizard/Content/Blueprints/LevelAssets/Jump_super_easy_BuiltData.uasset" 611
"../../../../../../Users/twott/Desktop/Crazy-Wizard/Content/M_New_Stage_T_2_pPlane2_M_Tech_Hex_Tile_Pulse_44663C464178810D29AC829F2033ACDC.uasset" 612
"../../../../../../Users/twott/Desktop/Crazy-Wizard/Content/Blueprints/LevelAssets/Jump_super_easy.umap" 613
"../../../../../../Users/twott/Desktop/Crazy-Wizard/Content/Blueprints/LevelAssets/Tutorial_Level_BuiltData.uasset" 614
"../../../../../../Users/twott/Desktop/Crazy-Wizard/Content/Blueprints/LevelAssets/Tutorial_Level.umap" 615
"../../../../../../Users/twott/Desktop/Crazy-Wizard/Content/Blueprints/Items/pCube3_1.uasset" 616
"../../../../../../Users/twott/Desktop/Crazy-Wizard/Content/Blueprints/Items/Rune.uasset" 617
"../../../../../../Users/twott/Desktop/Crazy-Wizard/Content/Blueprints/Items/FbxScene_LampAndRune2.uasset" 618
"../../../../../../Users/twott/Desktop/Crazy-Wizard/Content/Blueprints/Items/LampAndRuneModel.uasset" 619
"../../../../../../Users/twott/Desktop/Crazy-Wizard/Content/Blueprints/Items/pCube1.uasset" 620
"../../../../../../Users/twott/Desktop/Crazy-Wizard/Content/Blueprints/Items/pCube2.uasset" 621
"../../../../../../Users/twott/Desktop/Crazy-Wizard/Content/Blueprints/Items/pCube3.uasset" 622
"../../../../../../Users/twott/Desktop/Crazy-Wizard/Content/Blueprints/Items/FbxScene_LampAndRuneModel.uasset" 623
"../../../../../../Users/twott/Desktop/Crazy-Wizard/Content/Geometry/Meshes/CubeMaterial.uasset" 624
"../../../../../../Users/twott/Desktop/Crazy-Wizard/Content/Geometry/Meshes/1M_Cube.uasset" 625
"../../../../../../Users/twott/Desktop/Crazy-Wizard/Content/RollingBP/Blueprints/MyCube_BP_with_Infinite_loop_bug.uasset" 626
"../../../../../../Users/twott/Desktop/Crazy-Wizard/Content/RollingBP/Blueprints/MyCube_BP.uasset" 627
"../../../../../../Users/twott/Desktop/Crazy-Wizard/Content/Blueprints/Maps/Stage01_BuiltData.uasset" 628
"../../../../../../Users/twott/Desktop/Crazy-Wizard/Content/StarterContent/Textures/T_Wood_Oak_D.uasset" 629
"../../../../../../Users/twott/Desktop/Crazy-Wizard/Content/StarterContent/Textures/T_Wood_Oak_N.uasset" 630
"../../../../../../Users/twott/Desktop/Crazy-Wizard/Content/StarterContent/Materials/M_Wood_Oak.uasset" 631
"../../../../../../Users/twott/Desktop/Crazy-Wizard/Content/Geometry/Meshes/1M_Cube_Chamfer.uasset" 632
"../../../../../../Users/twott/Desktop/Crazy-Wizard/Content/Geometry/Meshes/TemplateFloor.uasset" 633
"../../../../../../Users/twott/Desktop/Crazy-Wizard/Content/ThirdPerson/Meshes/RampMaterial.uasset" 634
"../../../../../../Users/twott/Desktop/Crazy-Wizard/Content/ThirdPerson/Meshes/Bump_StaticMesh.uasset" 635
"../../../../../../Users/twott/Desktop/Crazy-Wizard/Content/ThirdPerson/Meshes/LeftArm_StaticMesh.uasset" 636
"../../../../../../Users/twott/Desktop/Crazy-Wizard/Content/ThirdPerson/Meshes/Linear_Stair_StaticMesh.uasset" 637
"../../../../../../Users/twott/Desktop/Crazy-Wizard/Content/ThirdPerson/Meshes/Ramp_StaticMesh.uasset" 638
"../../../../../../Users/twott/Desktop/Crazy-Wizard/Content/ThirdPerson/Meshes/RightArm_StaticMesh.uasset" 639
"../../../../../../Users/twott/Desktop/Crazy-Wizard/Content/Blueprints/Maps/Stage01.umap" 640
"../../../Engine/Content/BasicShapes/Sphere.uasset" 641
"../../../../../../Users/twott/Desktop/Crazy-Wizard/Content/Blueprints/Character/ThirdPersonCharacter.uasset" 642
"../../../../../../Users/twott/Desktop/Crazy-Wizard/Content/Sounds/Marble_Blast_Ultra_Soundtrack.uasset" 643
"../../../../../../Users/twott/Desktop/Crazy-Wizard/Content/Blueprints/Character/ThirdPersonGameMode.uasset" 644
"../../../../../../Users/twott/Desktop/Crazy-Wizard/Content/Blueprints/Maps/Stage02_BuiltData.uasset" 645
"../../../../../../Users/twott/Desktop/Crazy-Wizard/Content/StarterContent/Textures/T_Brick_Clay_Old_D.uasset" 646
"../../../../../../Users/twott/Desktop/Crazy-Wizard/Content/StarterContent/Textures/T_Brick_Clay_Old_N.uasset" 647
"../../../../../../Users/twott/Desktop/Crazy-Wizard/Content/StarterContent/Materials/M_Brick_Clay_Old.uasset" 648
"../../../../../../Users/twott/Desktop/Crazy-Wizard/Content/StarterContent/Shapes/Shape_Cube.uasset" 649
"../../../../../../Users/twott/Desktop/Crazy-Wizard/Content/Blueprints/Maps/Stage02.umap" 650
"../../../../../../Users/twott/Desktop/Crazy-Wizard/Content/Blueprints/Maps/Stage03_BuiltData.uasset" 651
"../../../../../../Users/twott/Desktop/Crazy-Wizard/Content/StarterContent/Textures/T_CobbleStone_Pebble_D.uasset" 652
"../../../../../../Users/twott/Desktop/Crazy-Wizard/Content/StarterContent/Textures/T_CobbleStone_Pebble_M.uasset" 653
"../../../../../../Users/twott/Desktop/Crazy-Wizard/Content/StarterContent/Textures/T_CobbleStone_Pebble_N.uasset" 654
"../../../../../../Users/twott/Desktop/Crazy-Wizard/Content/StarterContent/Materials/M_CobbleStone_Pebble.uasset" 655
"../../../../../../Users/twott/Desktop/Crazy-Wizard/Content/Blueprints/Maps/Stage03.umap" 656
"../../../../../../Users/twott/Desktop/Crazy-Wizard/Content/Blueprints/Maps/Test.umap" 657
"../../../../../../Users/twott/Desktop/Crazy-Wizard/Content/Sounds/Chill_song_1.uasset" 658
"../../../../../../Users/twott/Desktop/Crazy-Wizard/Content/Blueprints/GameModes/BallGameMode.uasset" 659
"../../../../../../Users/twott/Desktop/Crazy-Wizard/Content/Mana/WorldGridMaterial.uasset" 660
"../../../../../../Users/twott/Desktop/Crazy-Wizard/Content/Mana/Mana.uasset" 661
"../../../../../../Users/twott/Desktop/Crazy-Wizard/Content/Blueprints/MP_BP.uasset" 662
"../../../../../../Users/twott/Desktop/Crazy-Wizard/Content/Blueprints/Maps/Tutorial_BuiltData.uasset" 663
"../../../../../../Users/twott/Desktop/Crazy-Wizard/Content/StarterContent/Textures/T_Water_M.uasset" 664
"../../../../../../Users/twott/Desktop/Crazy-Wizard/Content/StarterContent/Textures/T_Water_N.uasset" 665
"../../../../../../Users/twott/Desktop/Crazy-Wizard/Content/StarterContent/Materials/M_Water_Ocean.uasset" 666
"../../../../../../Users/twott/Desktop/Crazy-Wizard/Content/Blueprints/LevelAssets/T_M_New_Stage_T_2_pPlane2_lambert1_25C014134CEC0CE6C4DB73B6DC4D9F3B_BaseColor.uasset" 667
"../../../../../../Users/twott/Desktop/Crazy-Wizard/Content/Blueprints/LevelAssets/M_M_New_Stage_T_2_pPlane2_lambert1_25C014134CEC0CE6C4DB73B6DC4D9F3B.uasset" 668
"../../../../../../Users/twott/Desktop/Crazy-Wizard/Content/Blueprints/LevelAssets/New_Stage_T_2_pPlane2.uasset" 669
"../../../../../../Users/twott/Desktop/Crazy-Wizard/Content/Blueprints/Text_S.uasset" 670
"../../../../../../Users/twott/Desktop/Crazy-Wizard/Content/Blueprints/Text_T.uasset" 671
"../../../../../../Users/twott/Desktop/Crazy-Wizard/Content/Blueprints/Maps/Tutorial.umap" 672
"../../../../../../Users/twott/Desktop/Crazy-Wizard/Content/RollingBP/MainMenu_BuiltData.uasset" 673
"../../../../../../Users/twott/Desktop/Crazy-Wizard/Content/RollingBP/MainMenu.umap" 674
"../../../../../../Users/twott/Desktop/Crazy-Wizard/Content/RollingBP/Blueprints/RollingGameMode.uasset" 675
"../../../../../../Users/twott/Desktop/Crazy-Wizard/Content/RollingBP/Maps/RollingBPExampleMap_BuiltData.uasset" 676
"../../../../../../Users/twott/Desktop/Crazy-Wizard/Content/Rolling/Materials/GrayMaterial.uasset" 677
"../../../../../../Users/twott/Desktop/Crazy-Wizard/Content/Rolling/Materials/OrangeMetalMaterial.uasset" 678
"../../../../../../Users/twott/Desktop/Crazy-Wizard/Content/RollingBP/Maps/RollingBPExampleMap.umap" 679
"../../../../../../Users/twott/Desktop/Crazy-Wizard/Content/StarterContent/Blueprints/Assets/FogBrightnessLUT.uasset" 680
"../../../../../../Users/twott/Desktop/Crazy-Wizard/Content/StarterContent/Blueprints/Assets/SunlightColorLUT.uasset" 681
"../../../../../../Users/twott/Desktop/Crazy-Wizard/Content/StarterContent/Blueprints/Assets/M_LightStage_Arrows.uasset" 682
"../../../../../../Users/twott/Desktop/Crazy-Wizard/Content/StarterContent/Blueprints/Assets/M_LightStage_Skybox_HDRI.uasset" 683
"../../../Engine/Content/EditorMaterials/Thumbnails/SkySphereMaterial.uasset" 684
"../../../../../../Users/twott/Desktop/Crazy-Wizard/Content/StarterContent/Blueprints/Assets/Skybox.uasset" 685
"../../../../../../Users/twott/Desktop/Crazy-Wizard/Content/StarterContent/Blueprints/Assets/SM_Arrows.uasset" 686
"../../../../../../Users/twott/Desktop/Crazy-Wizard/Content/StarterContent/HDRI/HDRI_Epic_Courtyard_Daylight.uasset" 687
"../../../../../../Users/twott/Desktop/Crazy-Wizard/Content/StarterContent/Blueprints/BP_LightStudio.uasset" 688
"../../../../../../Users/twott/Desktop/Crazy-Wizard/Content/StarterContent/Maps/Advanced_Lighting_BuiltData.uasset" 689
"../../../../../../Users/twott/Desktop/Crazy-Wizard/Content/StarterContent/Materials/M_AssetPlatform.uasset" 690
"../../../Engine/Content/EditorMeshes/ColorCalibrator/M_ChromeBall.uasset" 691
"../../../Engine/Content/EditorMeshes/ColorCalibrator/M_ClearCoat.uasset" 692
"../../../Engine/Content/EditorMeshes/ColorCalibrator/M_ClearCoatBlack.uasset" 693
"../../../Engine/Content/EditorMeshes/ColorCalibrator/Color_checker.uasset" 694
"../../../Engine/Content/EditorMeshes/ColorCalibrator/M_ColorGrid.uasset" 695
"../../../Engine/Content/EditorMeshes/ColorCalibrator/M_GreyBall.uasset" 696
"../../../Engine/Content/EditorMeshes/ColorCalibrator/SM_ColorCalibrator.uasset" 697
"../../../../../../Users/twott/Desktop/Crazy-Wizard/Content/StarterContent/Architecture/SM_AssetPlatform.uasset" 698
"../../../../../../Users/twott/Desktop/Crazy-Wizard/Content/StarterContent/Maps/Advanced_Lighting.umap" 699
"../../../../../../Users/twott/Desktop/Crazy-Wizard/Content/StarterContent/Maps/Minimal_Default_BuiltData.uasset" 700
"../../../../../../Users/twott/Desktop/Crazy-Wizard/Content/StarterContent/Materials/M_Metal_Brushed_Nickel.uasset" 701
"../../../../../../Users/twott/Desktop/Crazy-Wizard/Content/StarterContent/Textures/T_Metal_Aluminum_D.uasset" 702
"../../../../../../Users/twott/Desktop/Crazy-Wizard/Content/StarterContent/Materials/M_Metal_Burnished_Steel.uasset" 703
"../../../../../../Users/twott/Desktop/Crazy-Wizard/Content/StarterContent/Textures/T_Statue_M.uasset" 704
"../../../../../../Users/twott/Desktop/Crazy-Wizard/Content/StarterContent/Textures/T_Statue_N.uasset" 705
"../../../../../../Users/twott/Desktop/Crazy-Wizard/Content/StarterContent/Props/Materials/M_StatueGlass.uasset" 706
"../../../../../../Users/twott/Desktop/Crazy-Wizard/Content/StarterContent/Architecture/Floor_400x400.uasset" 707
"../../../../../../Users/twott/Desktop/Crazy-Wizard/Content/StarterContent/Audio/Starter_Background_Cue.uasset" 708
"../../../../../../Users/twott/Desktop/Crazy-Wizard/Content/StarterContent/Props/SM_Chair.uasset" 709
"../../../../../../Users/twott/Desktop/Crazy-Wizard/Content/StarterContent/Props/Materials/M_Statue.uasset" 710
"../../../../../../Users/twott/Desktop/Crazy-Wizard/Content/StarterContent/Props/SM_Statue.uasset" 711
"../../../../../../Users/twott/Desktop/Crazy-Wizard/Content/StarterContent/Textures/T_TableRound_M.uasset" 712
"../../../../../../Users/twott/Desktop/Crazy-Wizard/Content/StarterContent/Textures/T_TableRound_N.uasset" 713
"../../../../../../Users/twott/Desktop/Crazy-Wizard/Content/StarterContent/Props/Materials/M_TableRound.uasset" 714
"../../../../../../Users/twott/Desktop/Crazy-Wizard/Content/StarterContent/Props/SM_TableRound.uasset" 715
"../../../../../../Users/twott/Desktop/Crazy-Wizard/Content/StarterContent/Maps/Minimal_Default.umap" 716
"../../../../../../Users/twott/Desktop/Crazy-Wizard/Content/StarterContent/Audio/Fire01_Cue.uasset" 717
"../../../../../../Users/twott/Desktop/Crazy-Wizard/Content/StarterContent/Textures/T_Fire_SubUV.uasset" 718
"../../../../../../Users/twott/Desktop/Crazy-Wizard/Content/StarterContent/Textures/T_Fire_Tiled_D.uasset" 719
"../../../../../../Users/twott/Desktop/Crazy-Wizard/Content/StarterContent/Particles/Materials/M_Fire_SubUV.uasset" 720
"../../../../../../Users/twott/Desktop/Crazy-Wizard/Content/StarterContent/Particles/Materials/M_Heat_Distortion.uasset" 721
"../../../../../../Users/twott/Desktop/Crazy-Wizard/Content/StarterContent/Particles/Materials/M_Radial_Gradient.uasset" 722
"../../../../../../Users/twott/Desktop/Crazy-Wizard/Content/StarterContent/Particles/P_Fire.uasset" 723
"../../../../../../Users/twott/Desktop/Crazy-Wizard/Content/StarterContent/Blueprints/Blueprint_Effect_Fire.uasset" 724
"../../../../../../Users/twott/Desktop/Crazy-Wizard/Content/StarterContent/Audio/Smoke01_Cue.uasset" 725
"../../../../../../Users/twott/Desktop/Crazy-Wizard/Content/StarterContent/Particles/P_Smoke.uasset" 726
"../../../../../../Users/twott/Desktop/Crazy-Wizard/Content/StarterContent/Blueprints/Blueprint_Effect_Smoke.uasset" 727
"../../../../../../Users/twott/Desktop/Crazy-Wizard/Content/StarterContent/Audio/Fire_Sparks01_Cue.uasset" 728
"../../../../../../Users/twott/Desktop/Crazy-Wizard/Content/StarterContent/Textures/T_Spark_Core.uasset" 729
"../../../../../../Users/twott/Desktop/Crazy-Wizard/Content/StarterContent/Particles/Materials/M_Spark.uasset" 730
"../../../../../../Users/twott/Desktop/Crazy-Wizard/Content/StarterContent/Particles/P_Sparks.uasset" 731
"../../../../../../Users/twott/Desktop/Crazy-Wizard/Content/StarterContent/Blueprints/Blueprint_Effect_Sparks.uasset" 732
"../../../../../../Users/twott/Desktop/Crazy-Wizard/Content/StarterContent/Audio/Steam01_Cue.uasset" 733
"../../../../../../Users/twott/Desktop/Crazy-Wizard/Content/StarterContent/Particles/P_Steam_Lit.uasset" 734
"../../../../../../Users/twott/Desktop/Crazy-Wizard/Content/StarterContent/Blueprints/Blueprint_Effect_Steam.uasset" 735
"../../../../../../Users/twott/Desktop/Crazy-Wizard/Content/StarterContent/Textures/T_Lamp_M.uasset" 736
"../../../../../../Users/twott/Desktop/Crazy-Wizard/Content/StarterContent/Textures/T_Lamp_N.uasset" 737
"../../../../../../Users/twott/Desktop/Crazy-Wizard/Content/StarterContent/Props/Materials/M_Lamp.uasset" 738
"../../../../../../Users/twott/Desktop/Crazy-Wizard/Content/StarterContent/Props/SM_Lamp_Ceiling.uasset" 739
"../../../../../../Users/twott/Desktop/Crazy-Wizard/Content/StarterContent/Blueprints/Blueprint_CeilingLight.uasset" 740
"../../../../../../Users/twott/Desktop/Crazy-Wizard/Content/StarterContent/Props/SM_Lamp_Wall.uasset" 741
"../../../../../../Users/twott/Desktop/Crazy-Wizard/Content/StarterContent/Blueprints/Blueprint_WallSconce.uasset" 742
"../../../../../../Users/twott/Desktop/Crazy-Wizard/Content/StarterContent/Maps/StarterMap_BuiltData.uasset" 743
"../../../Engine/Content/Functions/Engine_MaterialFunctions03/Procedurals/ComputeFilterWidth.uasset" 744
"../../../Engine/Content/EngineMaterials/AntiAliasedTextMaterialTranslucent.uasset" 745
"../../../../../../Users/twott/Desktop/Crazy-Wizard/Content/StarterContent/Textures/T_Brick_Clay_Beveled_D.uasset" 746
"../../../../../../Users/twott/Desktop/Crazy-Wizard/Content/StarterContent/Textures/T_Brick_Clay_Beveled_M.uasset" 747
"../../../../../../Users/twott/Desktop/Crazy-Wizard/Content/StarterContent/Textures/T_Brick_Clay_Beveled_N.uasset" 748
"../../../../../../Users/twott/Desktop/Crazy-Wizard/Content/StarterContent/Materials/M_Brick_Clay_Beveled.uasset" 749
"../../../../../../Users/twott/Desktop/Crazy-Wizard/Content/StarterContent/Textures/T_Brick_Clay_New_D.uasset" 750
"../../../../../../Users/twott/Desktop/Crazy-Wizard/Content/StarterContent/Textures/T_Brick_Clay_New_M.uasset" 751
"../../../../../../Users/twott/Desktop/Crazy-Wizard/Content/StarterContent/Textures/T_Brick_Clay_New_N.uasset" 752
"../../../../../../Users/twott/Desktop/Crazy-Wizard/Content/StarterContent/Materials/M_Brick_Clay_New.uasset" 753
"../../../../../../Users/twott/Desktop/Crazy-Wizard/Content/StarterContent/Textures/T_Brick_Cut_Stone_D.uasset" 754
"../../../../../../Users/twott/Desktop/Crazy-Wizard/Content/StarterContent/Textures/T_Brick_Cut_Stone_N.uasset" 755
"../../../../../../Users/twott/Desktop/Crazy-Wizard/Content/StarterContent/Materials/M_Brick_Cut_Stone.uasset" 756
"../../../../../../Users/twott/Desktop/Crazy-Wizard/Content/StarterContent/Textures/T_Brick_Hewn_Stone_D.uasset" 757
"../../../../../../Users/twott/Desktop/Crazy-Wizard/Content/StarterContent/Textures/T_Brick_Hewn_Stone_M.uasset" 758
"../../../../../../Users/twott/Desktop/Crazy-Wizard/Content/StarterContent/Textures/T_Brick_Hewn_Stone_N.uasset" 759
"../../../../../../Users/twott/Desktop/Crazy-Wizard/Content/StarterContent/Materials/M_Brick_Hewn_Stone.uasset" 760
"../../../../../../Users/twott/Desktop/Crazy-Wizard/Content/StarterContent/Textures/T_Ceramic_Tile_M.uasset" 761
"../../../../../../Users/twott/Desktop/Crazy-Wizard/Content/StarterContent/Textures/T_Ceramic_Tile_N.uasset" 762
"../../../../../../Users/twott/Desktop/Crazy-Wizard/Content/StarterContent/Textures/T_Rock_Marble_Polished_D.uasset" 763
"../../../../../../Users/twott/Desktop/Crazy-Wizard/Content/StarterContent/Materials/M_Ceramic_Tile_Checker.uasset" 764
"../../../../../../Users/twott/Desktop/Crazy-Wizard/Content/StarterContent/Textures/T_Concrete_Grime_D.uasset" 765
"../../../../../../Users/twott/Desktop/Crazy-Wizard/Content/StarterContent/Materials/M_Concrete_Grime.uasset" 766
"../../../../../../Users/twott/Desktop/Crazy-Wizard/Content/StarterContent/Textures/T_Concrete_Panels_D.uasset" 767
"../../../../../../Users/twott/Desktop/Crazy-Wizard/Content/StarterContent/Textures/T_Concrete_Panels_N.uasset" 768
"../../../../../../Users/twott/Desktop/Crazy-Wizard/Content/StarterContent/Materials/M_Concrete_Panels.uasset" 769
"../../../../../../Users/twott/Desktop/Crazy-Wizard/Content/StarterContent/Textures/T_Ground_Gravel_D.uasset" 770
"../../../../../../Users/twott/Desktop/Crazy-Wizard/Content/StarterContent/Textures/T_Ground_Gravel_N.uasset" 771
"../../../../../../Users/twott/Desktop/Crazy-Wizard/Content/StarterContent/Materials/M_Ground_Gravel.uasset" 772
"../../../../../../Users/twott/Desktop/Crazy-Wizard/Content/StarterContent/Materials/M_Metal_Chrome.uasset" 773
"../../../../../../Users/twott/Desktop/Crazy-Wizard/Content/StarterContent/Textures/T_Metal_Steel_D.uasset" 774
"../../../../../../Users/twott/Desktop/Crazy-Wizard/Content/StarterContent/Textures/T_Metal_Steel_N.uasset" 775
"../../../../../../Users/twott/Desktop/Crazy-Wizard/Content/StarterContent/Materials/M_Metal_Steel.uasset" 776
"../../../../../../Users/twott/Desktop/Crazy-Wizard/Content/StarterContent/Materials/M_Rock_Marble_Polished.uasset" 777
"../../../../../../Users/twott/Desktop/Crazy-Wizard/Content/StarterContent/Textures/T_Rock_Sandstone_D.uasset" 778
"../../../../../../Users/twott/Desktop/Crazy-Wizard/Content/StarterContent/Textures/T_Rock_Sandstone_N.uasset" 779
"../../../../../../Users/twott/Desktop/Crazy-Wizard/Content/StarterContent/Materials/M_Rock_Sandstone.uasset" 780
"../../../../../../Users/twott/Desktop/Crazy-Wizard/Content/StarterContent/Textures/T_Rock_Slate_D.uasset" 781
"../../../../../../Users/twott/Desktop/Crazy-Wizard/Content/StarterContent/Textures/T_Rock_Slate_N.uasset" 782
"../../../../../../Users/twott/Desktop/Crazy-Wizard/Content/StarterContent/Materials/M_Rock_Slate.uasset" 783
"../../../../../../Users/twott/Desktop/Crazy-Wizard/Content/StarterContent/Textures/T_Checker_Noise_M.uasset" 784
"../../../../../../Users/twott/Desktop/Crazy-Wizard/Content/StarterContent/Textures/T_Single_Tile_N.uasset" 785
"../../../../../../Users/twott/Desktop/Crazy-Wizard/Content/StarterContent/Textures/T_Tech_Dot_M.uasset" 786
"../../../../../../Users/twott/Desktop/Crazy-Wizard/Content/StarterContent/Textures/T_Tech_Dot_N.uasset" 787
"../../../../../../Users/twott/Desktop/Crazy-Wizard/Content/StarterContent/Materials/M_Tech_Checker_Dot.uasset" 788
"../../../../../../Users/twott/Desktop/Crazy-Wizard/Content/StarterContent/Textures/T_Tech_Panel_M.uasset" 789
"../../../../../../Users/twott/Desktop/Crazy-Wizard/Content/StarterContent/Textures/T_Tech_Panel_N.uasset" 790
"../../../../../../Users/twott/Desktop/Crazy-Wizard/Content/StarterContent/Materials/M_Tech_Panel.uasset" 791
"../../../../../../Users/twott/Desktop/Crazy-Wizard/Content/StarterContent/Materials/M_Water_Lake.uasset" 792
"../../../Engine/Content/Functions/Engine_MaterialFunctions01/Opacity/AlphaOffset.uasset" 793
"../../../../../../Users/twott/Desktop/Crazy-Wizard/Content/StarterContent/Materials/M_Wood_Floor_Walnut_Worn.uasset" 794
"../../../../../../Users/twott/Desktop/Crazy-Wizard/Content/StarterContent/Textures/T_Wood_Pine_D.uasset" 795
"../../../../../../Users/twott/Desktop/Crazy-Wizard/Content/StarterContent/Textures/T_Wood_Pine_N.uasset" 796
"../../../../../../Users/twott/Desktop/Crazy-Wizard/Content/StarterContent/Materials/M_Wood_Pine.uasset" 797
"../../../../../../Users/twott/Desktop/Crazy-Wizard/Content/StarterContent/Textures/T_Wood_Walnut_D.uasset" 798
"../../../../../../Users/twott/Desktop/Crazy-Wizard/Content/StarterContent/Textures/T_Wood_Walnut_N.uasset" 799
"../../../../../../Users/twott/Desktop/Crazy-Wizard/Content/StarterContent/Materials/M_Wood_Walnut.uasset" 800
"../../../../../../Users/twott/Desktop/Crazy-Wizard/Content/StarterContent/Architecture/Wall_400x200.uasset" 801
"../../../../../../Users/twott/Desktop/Crazy-Wizard/Content/StarterContent/Architecture/Wall_Door_400x300.uasset" 802
"../../../../../../Users/twott/Desktop/Crazy-Wizard/Content/StarterContent/Architecture/Wall_Window_400x300.uasset" 803
"../../../../../../Users/twott/Desktop/Crazy-Wizard/Content/StarterContent/Audio/Collapse_Cue.uasset" 804
"../../../../../../Users/twott/Desktop/Crazy-Wizard/Content/StarterContent/Audio/Starter_Music_Cue.uasset" 805
"../../../../../../Users/twott/Desktop/Crazy-Wizard/Content/StarterContent/Textures/T_Dust_Particle_D.uasset" 806
"../../../../../../Users/twott/Desktop/Crazy-Wizard/Content/StarterContent/Particles/Materials/M_Dust_Particle.uasset" 807
"../../../../../../Users/twott/Desktop/Crazy-Wizard/Content/StarterContent/Particles/P_Ambient_Dust.uasset" 808
"../../../../../../Users/twott/Desktop/Crazy-Wizard/Content/StarterContent/Props/MaterialSphere.uasset" 809
"../../../../../../Users/twott/Desktop/Crazy-Wizard/Content/StarterContent/Textures/T_Frame_M.uasset" 810
"../../../../../../Users/twott/Desktop/Crazy-Wizard/Content/StarterContent/Textures/T_Frame_N.uasset" 811
"../../../../../../Users/twott/Desktop/Crazy-Wizard/Content/StarterContent/Props/Materials/M_Frame.uasset" 812
"../../../../../../Users/twott/Desktop/Crazy-Wizard/Content/StarterContent/Props/SM_CornerFrame.uasset" 813
"../../../../../../Users/twott/Desktop/Crazy-Wizard/Content/StarterContent/Props/SM_DoorFrame.uasset" 814
"../../../../../../Users/twott/Desktop/Crazy-Wizard/Content/StarterContent/Props/SM_GlassWindow.uasset" 815
"../../../../../../Users/twott/Desktop/Crazy-Wizard/Content/StarterContent/Props/SM_PillarFrame.uasset" 816
"../../../../../../Users/twott/Desktop/Crazy-Wizard/Content/StarterContent/Props/SM_PillarFrame300.uasset" 817
"../../../../../../Users/twott/Desktop/Crazy-Wizard/Content/StarterContent/Props/SM_WindowFrame.uasset" 818
"../../../../../../Users/twott/Desktop/Crazy-Wizard/Content/StarterContent/Shapes/Shape_QuadPyramid.uasset" 819
"../../../../../../Users/twott/Desktop/Crazy-Wizard/Content/StarterContent/Shapes/Shape_Sphere.uasset" 820
"../../../../../../Users/twott/Desktop/Crazy-Wizard/Content/StarterContent/Maps/StarterMap.umap" 821
"../../../Engine/Content/Maps/Entry_BuiltData.uasset" 822
"../../../Engine/Content/Maps/Entry.umap" 823
