"../../../../../../boontaweeboonthongrungtawee/Desktop/Crazy Wizard/Content/StarterContent/Textures/T_MacroVariation.uasset" 0
"../../../../../../boontaweeboonthongrungtawee/Desktop/Crazy Wizard/Content/StarterContent/Textures/T_Metal_Gold_D.uasset" 1
"../../../../../../boontaweeboonthongrungtawee/Desktop/Crazy Wizard/Content/StarterContent/Textures/T_Metal_Gold_N.uasset" 2
"../../../../../../boontaweeboonthongrungtawee/Desktop/Crazy Wizard/Content/StarterContent/Materials/M_Metal_Gold.uasset" 3
"../../../../../../boontaweeboonthongrungtawee/Desktop/Crazy Wizard/Content/Blueprints/Character/BallMesh.uasset" 4
"../../../../../../boontaweeboonthongrungtawee/Desktop/Crazy Wizard/Content/PhysicsBallBP.uasset" 5
"../../../Engine/Content/EngineMaterials/BaseFlattenDiffuseMap.uasset" 6
"../../../Engine/Content/EngineMaterials/BaseFlattenEmissiveMap.uasset" 7
"../../../Engine/Content/EngineMaterials/BaseFlattenGrayscaleMap.uasset" 8
"../../../Engine/Content/EngineMaterials/BaseFlattenNormalMap.uasset" 9
"../../../Engine/Content/EngineMaterials/NewBaseFlattenMaterial.uasset" 10
"../../../../../../boontaweeboonthongrungtawee/Desktop/Crazy Wizard/Content/M_New_Stage_T_pPlane2_lambert1_8578E6C940343E7AFA5ECF8676BEDD03.uasset" 11
"../../../../../../boontaweeboonthongrungtawee/Desktop/Crazy Wizard/Content/lambert1.uasset" 12
"../../../../../../boontaweeboonthongrungtawee/Desktop/Crazy Wizard/Content/Floor_3_pCube6.uasset" 13
"../../../../../../boontaweeboonthongrungtawee/Desktop/Crazy Wizard/Content/Floor_1_pCube1.uasset" 14
"../../../../../../boontaweeboonthongrungtawee/Desktop/Crazy Wizard/Content/Rolling/Materials/BaseMaterial.uasset" 15
"../../../../../../boontaweeboonthongrungtawee/Desktop/Crazy Wizard/Content/NewSlateBrushAsset.uasset" 16
"../../../../../../boontaweeboonthongrungtawee/Desktop/Crazy Wizard/Content/Floor_2.uasset" 17
"../../../../../../boontaweeboonthongrungtawee/Desktop/Crazy Wizard/Content/M_New_Stage_T_2_pPlane2_lambert1_25C014134CEC0CE6C4DB73B6DC4D9F3B.uasset" 18
"../../../../../../boontaweeboonthongrungtawee/Desktop/Crazy Wizard/Content/New_Stage_T_2_pPlane2.uasset" 19
"../../../../../../boontaweeboonthongrungtawee/Desktop/Crazy Wizard/Content/UI/Element_Skill_Water___Use__.uasset" 20
"../../../../../../boontaweeboonthongrungtawee/Desktop/Crazy Wizard/Content/UI/Element_Skill_Fire___Use__.uasset" 21
"../../../../../../boontaweeboonthongrungtawee/Desktop/Crazy Wizard/Content/UI/Element_Skill_Earth___Use__.uasset" 22
"../../../../../../boontaweeboonthongrungtawee/Desktop/Crazy Wizard/Content/UI/light_element.uasset" 23
"../../../../../../boontaweeboonthongrungtawee/Desktop/Crazy Wizard/Content/UI/New_element_light.uasset" 24
"../../../../../../boontaweeboonthongrungtawee/Desktop/Crazy Wizard/Content/UI/Color_ref_text_box.uasset" 25
"../../../../../../boontaweeboonthongrungtawee/Desktop/Crazy Wizard/Content/UI/Element_Skill_Wind___Use__.uasset" 26
"../../../../../../boontaweeboonthongrungtawee/Desktop/Crazy Wizard/Content/UI/Tutorial.uasset" 27
"../../../Engine/Content/Functions/Engine_MaterialFunctions02/Utility/BlendAngleCorrectedNormals.uasset" 28
"../../../Engine/Content/Functions/MaterialLayerFunctions/MatLayerBlend_NormalBlend.uasset" 29
"../../../Engine/Content/Functions/MaterialLayerFunctions/MatLayerBlend_Simple.uasset" 30
"../../../../../../boontaweeboonthongrungtawee/Desktop/Crazy Wizard/Content/Mannequin/Character/Materials/MaterialLayers/T_ML_Rubber_Blue_01_D.uasset" 31
"../../../../../../boontaweeboonthongrungtawee/Desktop/Crazy Wizard/Content/Mannequin/Character/Materials/MaterialLayers/T_ML_Rubber_Blue_01_N.uasset" 32
"../../../../../../boontaweeboonthongrungtawee/Desktop/Crazy Wizard/Content/Mannequin/Character/Materials/MaterialLayers/ML_GlossyBlack_Latex_UE4.uasset" 33
"../../../../../../boontaweeboonthongrungtawee/Desktop/Crazy Wizard/Content/Mannequin/Character/Materials/MaterialLayers/ML_Plastic_Shiny_Beige.uasset" 34
"../../../../../../boontaweeboonthongrungtawee/Desktop/Crazy Wizard/Content/Mannequin/Character/Textures/UE4_LOGO_CARD.uasset" 35
"../../../../../../boontaweeboonthongrungtawee/Desktop/Crazy Wizard/Content/Mannequin/Character/Materials/MaterialLayers/ML_Plastic_Shiny_Beige_LOGO.uasset" 36
"../../../../../../boontaweeboonthongrungtawee/Desktop/Crazy Wizard/Content/Mannequin/Character/Materials/MaterialLayers/T_ML_Aluminum01.uasset" 37
"../../../../../../boontaweeboonthongrungtawee/Desktop/Crazy Wizard/Content/Mannequin/Character/Materials/MaterialLayers/T_ML_Aluminum01_N.uasset" 38
"../../../../../../boontaweeboonthongrungtawee/Desktop/Crazy Wizard/Content/Mannequin/Character/Materials/MaterialLayers/ML_SoftMetal_UE4.uasset" 39
"../../../../../../boontaweeboonthongrungtawee/Desktop/Crazy Wizard/Content/Mannequin/Character/Textures/UE4_Mannequin__normals.uasset" 40
"../../../../../../boontaweeboonthongrungtawee/Desktop/Crazy Wizard/Content/Mannequin/Character/Textures/UE4_Mannequin_MAT_MASKA.uasset" 41
"../../../../../../boontaweeboonthongrungtawee/Desktop/Crazy Wizard/Content/Mannequin/Character/Materials/M_UE4Man_Body.uasset" 42
"../../../../../../boontaweeboonthongrungtawee/Desktop/Crazy Wizard/Content/Mannequin/Character/Textures/UE4Man_Logo_N.uasset" 43
"../../../../../../boontaweeboonthongrungtawee/Desktop/Crazy Wizard/Content/Mannequin/Character/Materials/M_UE4Man_ChestLogo.uasset" 44
"../../../../../../boontaweeboonthongrungtawee/Desktop/Crazy Wizard/Content/Mannequin/Character/Mesh/SK_Mannequin_PhysicsAsset.uasset" 45
"../../../../../../boontaweeboonthongrungtawee/Desktop/Crazy Wizard/Content/Mannequin/Character/Mesh/UE4_Mannequin_Skeleton.uasset" 46
"../../../../../../boontaweeboonthongrungtawee/Desktop/Crazy Wizard/Content/Mannequin/Character/Mesh/SK_Mannequin.uasset" 47
"../../../../../../boontaweeboonthongrungtawee/Desktop/Crazy Wizard/Content/Mannequin/Animations/ThirdPerson_Jump.uasset" 48
"../../../../../../boontaweeboonthongrungtawee/Desktop/Crazy Wizard/Content/Mannequin/Animations/ThirdPersonJump_Loop.uasset" 49
"../../../../../../boontaweeboonthongrungtawee/Desktop/Crazy Wizard/Content/Mannequin/Animations/ThirdPersonJump_Start.uasset" 50
"../../../../../../boontaweeboonthongrungtawee/Desktop/Crazy Wizard/Content/Mannequin/Animations/ThirdPersonIdle.uasset" 51
"../../../../../../boontaweeboonthongrungtawee/Desktop/Crazy Wizard/Content/Mannequin/Animations/ThirdPersonRun.uasset" 52
"../../../../../../boontaweeboonthongrungtawee/Desktop/Crazy Wizard/Content/Mannequin/Animations/ThirdPersonWalk.uasset" 53
"../../../../../../boontaweeboonthongrungtawee/Desktop/Crazy Wizard/Content/Mannequin/Animations/ThirdPerson_IdleRun_2D.uasset" 54
"../../../Engine/Content/EditorBlueprintResources/StandardMacros.uasset" 55
"../../../../../../boontaweeboonthongrungtawee/Desktop/Crazy Wizard/Content/Mannequin/Animations/ThirdPerson_AnimBP.uasset" 56
"../../../../../../boontaweeboonthongrungtawee/Desktop/Crazy Wizard/Content/Mannequin/Animations/ThirdPersonJump_End.uasset" 57
"../../../../../../boontaweeboonthongrungtawee/Desktop/Crazy Wizard/Content/Blueprints/lambert3SG.uasset" 58
"../../../../../../boontaweeboonthongrungtawee/Desktop/Crazy Wizard/Content/Blueprints/test_ID_pCylinder2.uasset" 59
"../../../../../../boontaweeboonthongrungtawee/Desktop/Crazy Wizard/Content/Blueprints/Widget/HUD.uasset" 60
"../../../../../../boontaweeboonthongrungtawee/Desktop/Crazy Wizard/Content/Blueprints/HUD.uasset" 61
"../../../../../../boontaweeboonthongrungtawee/Desktop/Crazy Wizard/Content/Blueprints/Skill_detail.uasset" 62
"../../../../../../boontaweeboonthongrungtawee/Desktop/Crazy Wizard/Content/Blueprints/lambert1.uasset" 63
"../../../../../../boontaweeboonthongrungtawee/Desktop/Crazy Wizard/Content/Blueprints/NexS.uasset" 64
"../../../Engine/Content/BasicShapes/BasicShapeMaterial.uasset" 65
"../../../Engine/Content/Functions/Engine_MaterialFunctions01/Opacity/CameraDepthFade.uasset" 66
"../../../Engine/Content/EngineMaterials/T_Default_Material_Grid_M.uasset" 67
"../../../Engine/Content/EngineMaterials/T_Default_Material_Grid_N.uasset" 68
"../../../Engine/Content/EngineMaterials/WorldGridMaterial.uasset" 69
"../../../Engine/Content/BasicShapes/Cube.uasset" 70
"../../../../../../boontaweeboonthongrungtawee/Desktop/Crazy Wizard/Content/Blueprints/MovingPlatform_BP.uasset" 71
"../../../../../../boontaweeboonthongrungtawee/Desktop/Crazy Wizard/Content/Blueprints/Widget/WinTrollLevel.uasset" 72
"../../../../../../boontaweeboonthongrungtawee/Desktop/Crazy Wizard/Content/Blueprints/WinTrollLevel.uasset" 73
"../../../../../../boontaweeboonthongrungtawee/Desktop/Crazy Wizard/Content/Blueprints/Next.uasset" 74
"../../../../../../boontaweeboonthongrungtawee/Desktop/Crazy Wizard/Content/Blueprints/colWhiteSG.uasset" 75
"../../../../../../boontaweeboonthongrungtawee/Desktop/Crazy Wizard/Content/Blueprints/colYellowSG.uasset" 76
"../../../../../../boontaweeboonthongrungtawee/Desktop/Crazy Wizard/Content/Blueprints/initialShadingGroup.uasset" 77
"../../../../../../boontaweeboonthongrungtawee/Desktop/Crazy Wizard/Content/Blueprints/test_pCylinder1_ID.uasset" 78
"../../../../../../boontaweeboonthongrungtawee/Desktop/Crazy Wizard/Content/Blueprints/Widget/GameOverwithRestart.uasset" 79
"../../../../../../boontaweeboonthongrungtawee/Desktop/Crazy Wizard/Content/Blueprints/GameOverwithRestart.uasset" 80
"../../../../../../boontaweeboonthongrungtawee/Desktop/Crazy Wizard/Content/RollingBP/EditMaterial/DoorMaterial.uasset" 81
"../../../../../../boontaweeboonthongrungtawee/Desktop/Crazy Wizard/Content/Sounds/Door_open.uasset" 82
"../../../../../../boontaweeboonthongrungtawee/Desktop/Crazy Wizard/Content/RollingBP/Blueprints/MovingDoor.uasset" 83
"../../../../../../boontaweeboonthongrungtawee/Desktop/Crazy Wizard/Content/RollingBP/Blueprints/MovingPlatform_BP.uasset" 84
"../../../../../../boontaweeboonthongrungtawee/Desktop/Crazy Wizard/Content/RollingBP/EditMaterial/DoorMaterial_R.uasset" 85
"../../../../../../boontaweeboonthongrungtawee/Desktop/Crazy Wizard/Content/RollingBP/Blueprints/Platform_BP.uasset" 86
"../../../../../../boontaweeboonthongrungtawee/Desktop/Crazy Wizard/Content/RollingBP/Blueprints/Box_BP.uasset" 87
"../../../../../../boontaweeboonthongrungtawee/Desktop/Crazy Wizard/Content/RollingBP/Blueprints/SaveGame_BP.uasset" 88
"../../../../../../boontaweeboonthongrungtawee/Desktop/Crazy Wizard/Content/RollingBP/Blueprints/SavePt_BP.uasset" 89
"../../../../../../boontaweeboonthongrungtawee/Desktop/Crazy Wizard/Content/Blueprints/LevelAssets/LoadLevel.uasset" 90
"../../../../../../boontaweeboonthongrungtawee/Desktop/Crazy Wizard/Content/UI/Element_Skill_Earth.uasset" 91
"../../../../../../boontaweeboonthongrungtawee/Desktop/Crazy Wizard/Content/UI/Element_Skill_Fire.uasset" 92
"../../../../../../boontaweeboonthongrungtawee/Desktop/Crazy Wizard/Content/UI/Element_Skill_Water.uasset" 93
"../../../../../../boontaweeboonthongrungtawee/Desktop/Crazy Wizard/Content/UI/Element_Skill_Wind.uasset" 94
"../../../../../../boontaweeboonthongrungtawee/Desktop/Crazy Wizard/Content/UI/Normal_Box_Text.uasset" 95
"../../../../../../boontaweeboonthongrungtawee/Desktop/Crazy Wizard/Content/Blueprints/UI_Oct19.uasset" 96
"../../../../../../boontaweeboonthongrungtawee/Desktop/Crazy Wizard/Content/Blueprints/lambert6.uasset" 97
"../../../../../../boontaweeboonthongrungtawee/Desktop/Crazy Wizard/Content/StarterContent/Materials/M_Glass.uasset" 98
"../../../../../../boontaweeboonthongrungtawee/Desktop/Crazy Wizard/Content/RollingBP/EditMaterial/DoorMaterial_B.uasset" 99
"../../../../../../boontaweeboonthongrungtawee/Desktop/Crazy Wizard/Content/RollingBP/EditMaterial/DoorMaterial_G.uasset" 100
"../../../../../../boontaweeboonthongrungtawee/Desktop/Crazy Wizard/Content/RollingBP/EditMaterial/DoorMaterial_Y.uasset" 101
"../../../../../../boontaweeboonthongrungtawee/Desktop/Crazy Wizard/Content/Blueprints/Widget/UI.uasset" 102
"../../../../../../boontaweeboonthongrungtawee/Desktop/Crazy Wizard/Content/Blueprints/Tutorial.uasset" 103
"../../../../../../boontaweeboonthongrungtawee/Desktop/Crazy Wizard/Content/Blueprints/lambert2.uasset" 104
"../../../../../../boontaweeboonthongrungtawee/Desktop/Crazy Wizard/Content/Blueprints/lambert3.uasset" 105
"../../../../../../boontaweeboonthongrungtawee/Desktop/Crazy Wizard/Content/Blueprints/lambert4.uasset" 106
"../../../../../../boontaweeboonthongrungtawee/Desktop/Crazy Wizard/Content/Blueprints/lambert5.uasset" 107
"../../../../../../boontaweeboonthongrungtawee/Desktop/Crazy Wizard/Content/Blueprints/wizard1.uasset" 108
"../../../Engine/Content/EngineMaterials/Grid.uasset" 109
"../../../../../../boontaweeboonthongrungtawee/Desktop/Crazy Wizard/Content/Rolling/Materials/PM_Ball.uasset" 110
"../../../../../../boontaweeboonthongrungtawee/Desktop/Crazy Wizard/Content/Rolling/Materials/M_Blue_Checker.uasset" 111
"../../../../../../boontaweeboonthongrungtawee/Desktop/Crazy Wizard/Content/Rolling/Meshes/BallMesh.uasset" 112
"../../../../../../boontaweeboonthongrungtawee/Desktop/Crazy Wizard/Content/RollingBP/Blueprints/Widgets/EndGamePopUp_BP.uasset" 113
"../../../../../../boontaweeboonthongrungtawee/Desktop/Crazy Wizard/Content/RollingBP/Blueprints/Widgets/UI_BP.uasset" 114
"../../../../../../boontaweeboonthongrungtawee/Desktop/Crazy Wizard/Content/Sounds/Jump.uasset" 115
"../../../../../../boontaweeboonthongrungtawee/Desktop/Crazy Wizard/Content/StarterContent/Audio/Explosion01.uasset" 116
"../../../../../../boontaweeboonthongrungtawee/Desktop/Crazy Wizard/Content/RollingBP/Blueprints/PhysicsBallBP.uasset" 117
"../../../../../../boontaweeboonthongrungtawee/Desktop/Crazy Wizard/Content/RollingBP/EditMaterial/MpMat_DB.uasset" 118
"../../../../../../boontaweeboonthongrungtawee/Desktop/Crazy Wizard/Content/Blueprints/Widget/MP_BP.uasset" 119
"../../../../../../boontaweeboonthongrungtawee/Desktop/Crazy Wizard/Content/Blueprints/LevelAssets/phong1.uasset" 120
"../../../../../../boontaweeboonthongrungtawee/Desktop/Crazy Wizard/Content/Blueprints/LevelAssets/Wall.uasset" 121
"../../../../../../boontaweeboonthongrungtawee/Desktop/Crazy Wizard/Content/Blueprints/LevelAssets/RampMaterial.uasset" 122
"../../../../../../boontaweeboonthongrungtawee/Desktop/Crazy Wizard/Content/Blueprints/LevelAssets/Bump_StaticMesh.uasset" 123
"../../../../../../boontaweeboonthongrungtawee/Desktop/Crazy Wizard/Content/Blueprints/LevelAssets/Ramp_StaticMesh.uasset" 124
"../../../../../../boontaweeboonthongrungtawee/Desktop/Crazy Wizard/Content/Blueprints/LevelAssets/lambert4.uasset" 125
"../../../../../../boontaweeboonthongrungtawee/Desktop/Crazy Wizard/Content/Blueprints/LevelAssets/Door_Window.uasset" 126
"../../../../../../boontaweeboonthongrungtawee/Desktop/Crazy Wizard/Content/Blueprints/Items/lambert1.uasset" 127
"../../../../../../boontaweeboonthongrungtawee/Desktop/Crazy Wizard/Content/Blueprints/LevelAssets/Floor_3_pCube6.uasset" 128
"../../../../../../boontaweeboonthongrungtawee/Desktop/Crazy Wizard/Content/Blueprints/LevelAssets/RightArm_StaticMesh.uasset" 129
"../../../../../../boontaweeboonthongrungtawee/Desktop/Crazy Wizard/Content/Blueprints/LevelAssets/T_M_New_Stage_T_pPlane2_lambert1_8578E6C940343E7AFA5ECF8676BEDD03_BaseColor.uasset" 130
"../../../../../../boontaweeboonthongrungtawee/Desktop/Crazy Wizard/Content/Blueprints/LevelAssets/M_M_New_Stage_T_pPlane2_lambert1_8578E6C940343E7AFA5ECF8676BEDD03.uasset" 131
"../../../../../../boontaweeboonthongrungtawee/Desktop/Crazy Wizard/Content/Blueprints/LevelAssets/Floor_1_pCube1.uasset" 132
"../../../../../../boontaweeboonthongrungtawee/Desktop/Crazy Wizard/Content/Blueprints/LevelAssets/Linear_Stair_StaticMesh.uasset" 133
"../../../../../../boontaweeboonthongrungtawee/Desktop/Crazy Wizard/Content/Blueprints/LevelAssets/Floor_2.uasset" 134
"../../../../../../boontaweeboonthongrungtawee/Desktop/Crazy Wizard/Content/Blueprints/LevelAssets/LeftArm_StaticMesh.uasset" 135
"../../../../../../boontaweeboonthongrungtawee/Desktop/Crazy Wizard/Content/Blueprints/LevelAssets/T_M_New_Stage_T_2_pPlane2_M_Tech_Hex_Tile_Pulse_44663C464178810D29AC829F2033ACDC_BaseColor.uasset" 136
"../../../../../../boontaweeboonthongrungtawee/Desktop/Crazy Wizard/Content/Blueprints/LevelAssets/M_M_New_Stage_T_2_pPlane2_M_Tech_Hex_Tile_Pulse_44663C464178810D29AC829F2033ACDC.uasset" 137
"../../../../../../boontaweeboonthongrungtawee/Desktop/Crazy Wizard/Content/Blueprints/LevelAssets/lambert1.uasset" 138
"../../../../../../boontaweeboonthongrungtawee/Desktop/Crazy Wizard/Content/Blueprints/LevelAssets/Door.uasset" 139
"../../../../../../boontaweeboonthongrungtawee/Desktop/Crazy Wizard/Content/Blueprints/LevelAssets/NewImport/lambert4SG.uasset" 140
"../../../../../../boontaweeboonthongrungtawee/Desktop/Crazy Wizard/Content/Blueprints/LevelAssets/NewImport/Monster_1_pSphere6_group6.uasset" 141
"../../../../../../boontaweeboonthongrungtawee/Desktop/Crazy Wizard/Content/Blueprints/LevelAssets/NewImport/lambert6SG.uasset" 142
"../../../../../../boontaweeboonthongrungtawee/Desktop/Crazy Wizard/Content/Blueprints/LevelAssets/NewImport/Monster_2_pCube1_group5.uasset" 143
"../../../../../../boontaweeboonthongrungtawee/Desktop/Crazy Wizard/Content/Blueprints/LevelAssets/NewImport/initialShadingGroup.uasset" 144
"../../../../../../boontaweeboonthongrungtawee/Desktop/Crazy Wizard/Content/Blueprints/LevelAssets/NewImport/Chair_pCube1.uasset" 145
"../../../../../../boontaweeboonthongrungtawee/Desktop/Crazy Wizard/Content/Blueprints/LevelAssets/NewImport/lambert8SG.uasset" 146
"../../../../../../boontaweeboonthongrungtawee/Desktop/Crazy Wizard/Content/Blueprints/LevelAssets/NewImport/Object_S_1.uasset" 147
"../../../../../../boontaweeboonthongrungtawee/Desktop/Crazy Wizard/Content/Blueprints/LevelAssets/NewImport/lambert2SG.uasset" 148
"../../../../../../boontaweeboonthongrungtawee/Desktop/Crazy Wizard/Content/Blueprints/LevelAssets/NewImport/Table.uasset" 149
"../../../../../../boontaweeboonthongrungtawee/Desktop/Crazy Wizard/Content/Blueprints/LevelAssets/NewImport/lambert7SG.uasset" 150
"../../../../../../boontaweeboonthongrungtawee/Desktop/Crazy Wizard/Content/Blueprints/LevelAssets/NewImport/Object_S_2.uasset" 151
"../../../../../../boontaweeboonthongrungtawee/Desktop/Crazy Wizard/Content/Blueprints/LevelAssets/NewImport/lambert3SG.uasset" 152
"../../../../../../boontaweeboonthongrungtawee/Desktop/Crazy Wizard/Content/Blueprints/LevelAssets/NewImport/Object_1_pSphere1.uasset" 153
"../../../../../../boontaweeboonthongrungtawee/Desktop/Crazy Wizard/Content/Blueprints/LevelAssets/NewImport/lambert5SG.uasset" 154
"../../../../../../boontaweeboonthongrungtawee/Desktop/Crazy Wizard/Content/Blueprints/LevelAssets/NewImport/Book_Shelf_polySurface2.uasset" 155
"../../../../../../boontaweeboonthongrungtawee/Desktop/Crazy Wizard/Content/StarterContent/Textures/T_Metal_Copper_D.uasset" 156
"../../../../../../boontaweeboonthongrungtawee/Desktop/Crazy Wizard/Content/StarterContent/Materials/M_Metal_Copper.uasset" 157
"../../../../../../boontaweeboonthongrungtawee/Desktop/Crazy Wizard/Content/Blueprints/LevelAssets/NewImport/Monster_4_pCylinder2.uasset" 158
"../../../../../../boontaweeboonthongrungtawee/Desktop/Crazy Wizard/Content/Blueprints/LevelAssets/NewImport/Monster_4_pSphere1.uasset" 159
"../../../../../../boontaweeboonthongrungtawee/Desktop/Crazy Wizard/Content/Blueprints/LevelAssets/NewImport/Object_1_pCylinder3.uasset" 160
"../../../../../../boontaweeboonthongrungtawee/Desktop/Crazy Wizard/Content/Blueprints/LevelAssets/NewImport/Book_Shelf_pCube59.uasset" 161
"../../../../../../boontaweeboonthongrungtawee/Desktop/Crazy Wizard/Content/Blueprints/LevelAssets/NewImport/Monster_3_polySurface93.uasset" 162
"../../../../../../boontaweeboonthongrungtawee/Desktop/Crazy Wizard/Content/Blueprints/LevelAssets/NewImport/Monster_2_polySurface21.uasset" 163
"../../../../../../boontaweeboonthongrungtawee/Desktop/Crazy Wizard/Content/Blueprints/LevelAssets/Key/initialShadingGroup.uasset" 164
"../../../../../../boontaweeboonthongrungtawee/Desktop/Crazy Wizard/Content/Blueprints/LevelAssets/Key/Key_5.uasset" 165
"../../../../../../boontaweeboonthongrungtawee/Desktop/Crazy Wizard/Content/Blueprints/LevelAssets/GUI/Tutorial.uasset" 166
"../../../../../../boontaweeboonthongrungtawee/Desktop/Crazy Wizard/Content/Sounds/Ball_Movement.uasset" 167
"../../../../../../boontaweeboonthongrungtawee/Desktop/Crazy Wizard/Content/Sounds/Jump_Cue.uasset" 168
"../../../../../../boontaweeboonthongrungtawee/Desktop/Crazy Wizard/Content/Sounds/Ball_Movement__Run_.uasset" 169
"../../../../../../boontaweeboonthongrungtawee/Desktop/Crazy Wizard/Content/Sounds/Rolling_Hard.uasset" 170
"../../../../../../boontaweeboonthongrungtawee/Desktop/Crazy Wizard/Content/Sounds/Rolling.uasset" 171
"../../../../../../boontaweeboonthongrungtawee/Desktop/Crazy Wizard/Content/Sounds/Bounce.uasset" 172
"../../../../../../boontaweeboonthongrungtawee/Desktop/Crazy Wizard/Content/Sounds/Chill_song.uasset" 173
"../../../Engine/Content/EditorMeshes/ColorCalibrator/T_ColorGrid.uasset" 174
"../../../../../../boontaweeboonthongrungtawee/Desktop/Crazy Wizard/Content/StarterContent/Materials/M_ColorGrid_LowSpec.uasset" 175
"../../../../../../boontaweeboonthongrungtawee/Desktop/Crazy Wizard/Content/StarterContent/Audio/Explosion_Cue.uasset" 176
"../../../../../../boontaweeboonthongrungtawee/Desktop/Crazy Wizard/Content/StarterContent/Textures/T_Burst_M.uasset" 177
"../../../../../../boontaweeboonthongrungtawee/Desktop/Crazy Wizard/Content/StarterContent/Particles/Materials/M_Burst.uasset" 178
"../../../../../../boontaweeboonthongrungtawee/Desktop/Crazy Wizard/Content/StarterContent/Textures/T_Explosion_SubUV.uasset" 179
"../../../../../../boontaweeboonthongrungtawee/Desktop/Crazy Wizard/Content/StarterContent/Particles/Materials/M_explosion_subUV.uasset" 180
"../../../../../../boontaweeboonthongrungtawee/Desktop/Crazy Wizard/Content/StarterContent/Particles/Materials/m_flare_01.uasset" 181
"../../../Engine/Content/Functions/Engine_MaterialFunctions01/Gradient/RadialGradient.uasset" 182
"../../../../../../boontaweeboonthongrungtawee/Desktop/Crazy Wizard/Content/StarterContent/Particles/Materials/M_radial_ramp.uasset" 183
"../../../../../../boontaweeboonthongrungtawee/Desktop/Crazy Wizard/Content/StarterContent/Textures/T_Smoke_SubUV.uasset" 184
"../../../../../../boontaweeboonthongrungtawee/Desktop/Crazy Wizard/Content/StarterContent/Textures/T_Smoke_Tiled_D.uasset" 185
"../../../../../../boontaweeboonthongrungtawee/Desktop/Crazy Wizard/Content/StarterContent/Particles/Materials/M_smoke_subUV.uasset" 186
"../../../../../../boontaweeboonthongrungtawee/Desktop/Crazy Wizard/Content/StarterContent/Particles/P_Explosion.uasset" 187
"../../../../../../boontaweeboonthongrungtawee/Desktop/Crazy Wizard/Content/StarterContent/Blueprints/Blueprint_Effect_Explosion.uasset" 188
"../../../../../../boontaweeboonthongrungtawee/Desktop/Crazy Wizard/Content/StarterContent/Textures/T_Door_M.uasset" 189
"../../../../../../boontaweeboonthongrungtawee/Desktop/Crazy Wizard/Content/StarterContent/Textures/T_Door_N.uasset" 190
"../../../../../../boontaweeboonthongrungtawee/Desktop/Crazy Wizard/Content/StarterContent/Props/Materials/M_Door.uasset" 191
"../../../../../../boontaweeboonthongrungtawee/Desktop/Crazy Wizard/Content/StarterContent/Props/SM_Door.uasset" 192
"../../../../../../boontaweeboonthongrungtawee/Desktop/Crazy Wizard/Content/StarterContent/Props/Materials/M_MaterialSphere.uasset" 193
"../../../../../../boontaweeboonthongrungtawee/Desktop/Crazy Wizard/Content/StarterContent/Props/Materials/M_MaterialSphere_Plain.uasset" 194
"../../../../../../boontaweeboonthongrungtawee/Desktop/Crazy Wizard/Content/StarterContent/Props/SM_MatPreviewMesh_02.uasset" 195
"../../../../../../boontaweeboonthongrungtawee/Desktop/Crazy Wizard/Content/StarterContent/Textures/T_Chair_M.uasset" 196
"../../../../../../boontaweeboonthongrungtawee/Desktop/Crazy Wizard/Content/StarterContent/Textures/T_Chair_N.uasset" 197
"../../../../../../boontaweeboonthongrungtawee/Desktop/Crazy Wizard/Content/StarterContent/Props/Materials/M_Chair.uasset" 198
"../../../../../../boontaweeboonthongrungtawee/Desktop/Crazy Wizard/Content/StarterContent/Props/SM_Couch.uasset" 199
"../../../../../../boontaweeboonthongrungtawee/Desktop/Crazy Wizard/Content/StarterContent/Textures/T_Shelf_M.uasset" 200
"../../../../../../boontaweeboonthongrungtawee/Desktop/Crazy Wizard/Content/StarterContent/Textures/T_Shelf_N.uasset" 201
"../../../../../../boontaweeboonthongrungtawee/Desktop/Crazy Wizard/Content/StarterContent/Props/Materials/M_Shelf.uasset" 202
"../../../../../../boontaweeboonthongrungtawee/Desktop/Crazy Wizard/Content/StarterContent/Props/SM_Shelf.uasset" 203
"../../../../../../boontaweeboonthongrungtawee/Desktop/Crazy Wizard/Content/StarterContent/Textures/T_Detail_Rocky_N.uasset" 204
"../../../../../../boontaweeboonthongrungtawee/Desktop/Crazy Wizard/Content/StarterContent/Textures/T_Rock_Basalt_D.uasset" 205
"../../../../../../boontaweeboonthongrungtawee/Desktop/Crazy Wizard/Content/StarterContent/Textures/T_RockMesh_M.uasset" 206
"../../../../../../boontaweeboonthongrungtawee/Desktop/Crazy Wizard/Content/StarterContent/Textures/T_RockMesh_N.uasset" 207
"../../../../../../boontaweeboonthongrungtawee/Desktop/Crazy Wizard/Content/StarterContent/Props/Materials/M_Rock.uasset" 208
"../../../../../../boontaweeboonthongrungtawee/Desktop/Crazy Wizard/Content/StarterContent/Props/SM_Rock.uasset" 209
"../../../../../../boontaweeboonthongrungtawee/Desktop/Crazy Wizard/Content/StarterContent/Materials/M_Basic_Floor.uasset" 210
"../../../../../../boontaweeboonthongrungtawee/Desktop/Crazy Wizard/Content/StarterContent/Materials/M_Basic_Wall.uasset" 211
"../../../../../../boontaweeboonthongrungtawee/Desktop/Crazy Wizard/Content/StarterContent/Props/SM_Stairs.uasset" 212
"../../../../../../boontaweeboonthongrungtawee/Desktop/Crazy Wizard/Content/StarterContent/Textures/T_Bush_D.uasset" 213
"../../../../../../boontaweeboonthongrungtawee/Desktop/Crazy Wizard/Content/StarterContent/Textures/T_Bush_N.uasset" 214
"../../../../../../boontaweeboonthongrungtawee/Desktop/Crazy Wizard/Content/StarterContent/Props/Materials/M_Bush.uasset" 215
"../../../../../../boontaweeboonthongrungtawee/Desktop/Crazy Wizard/Content/StarterContent/Props/SM_Bush.uasset" 216
"../../../../../../boontaweeboonthongrungtawee/Desktop/Crazy Wizard/Content/StarterContent/Shapes/Shape_Wedge_A.uasset" 217
"../../../../../../boontaweeboonthongrungtawee/Desktop/Crazy Wizard/Content/StarterContent/Shapes/Shape_WideCapsule.uasset" 218
"../../../../../../boontaweeboonthongrungtawee/Desktop/Crazy Wizard/Content/StarterContent/Shapes/Shape_Tube.uasset" 219
"../../../../../../boontaweeboonthongrungtawee/Desktop/Crazy Wizard/Content/StarterContent/Shapes/Shape_Cylinder.uasset" 220
"../../../../../../boontaweeboonthongrungtawee/Desktop/Crazy Wizard/Content/StarterContent/Shapes/Shape_TriPyramid.uasset" 221
"../../../../../../boontaweeboonthongrungtawee/Desktop/Crazy Wizard/Content/StarterContent/Shapes/Shape_Trim.uasset" 222
"../../../../../../boontaweeboonthongrungtawee/Desktop/Crazy Wizard/Content/StarterContent/Shapes/Shape_Plane.uasset" 223
"../../../../../../boontaweeboonthongrungtawee/Desktop/Crazy Wizard/Content/StarterContent/Shapes/Shape_Trim_90_Out.uasset" 224
"../../../../../../boontaweeboonthongrungtawee/Desktop/Crazy Wizard/Content/StarterContent/Shapes/Shape_Pipe_90.uasset" 225
"../../../../../../boontaweeboonthongrungtawee/Desktop/Crazy Wizard/Content/StarterContent/Shapes/Shape_Pipe_180.uasset" 226
"../../../../../../boontaweeboonthongrungtawee/Desktop/Crazy Wizard/Content/StarterContent/Shapes/Shape_Pipe.uasset" 227
"../../../../../../boontaweeboonthongrungtawee/Desktop/Crazy Wizard/Content/StarterContent/Shapes/Shape_Cone.uasset" 228
"../../../../../../boontaweeboonthongrungtawee/Desktop/Crazy Wizard/Content/StarterContent/Shapes/Shape_Wedge_B.uasset" 229
"../../../../../../boontaweeboonthongrungtawee/Desktop/Crazy Wizard/Content/StarterContent/Shapes/Shape_NarrowCapsule.uasset" 230
"../../../../../../boontaweeboonthongrungtawee/Desktop/Crazy Wizard/Content/StarterContent/Shapes/Shape_Trim_90_In.uasset" 231
"../../../../../../boontaweeboonthongrungtawee/Desktop/Crazy Wizard/Content/StarterContent/Shapes/Shape_Torus.uasset" 232
"../../../../../../boontaweeboonthongrungtawee/Desktop/Crazy Wizard/Content/StarterContent/Architecture/Wall_Door_400x400.uasset" 233
"../../../../../../boontaweeboonthongrungtawee/Desktop/Crazy Wizard/Content/StarterContent/Architecture/Wall_400x400.uasset" 234
"../../../../../../boontaweeboonthongrungtawee/Desktop/Crazy Wizard/Content/StarterContent/Architecture/Wall_500x500.uasset" 235
"../../../../../../boontaweeboonthongrungtawee/Desktop/Crazy Wizard/Content/StarterContent/Architecture/Pillar_50x500.uasset" 236
"../../../../../../boontaweeboonthongrungtawee/Desktop/Crazy Wizard/Content/StarterContent/Architecture/Wall_400x300.uasset" 237
"../../../../../../boontaweeboonthongrungtawee/Desktop/Crazy Wizard/Content/StarterContent/Architecture/Wall_Window_400x400.uasset" 238
"../../../../../../boontaweeboonthongrungtawee/Desktop/Crazy Wizard/Content/StarterContent/Audio/Explosion02.uasset" 239
"../../../../../../boontaweeboonthongrungtawee/Desktop/Crazy Wizard/Content/StarterContent/Audio/Starter_Wind06.uasset" 240
"../../../../../../boontaweeboonthongrungtawee/Desktop/Crazy Wizard/Content/StarterContent/Audio/Starter_Birds01.uasset" 241
"../../../../../../boontaweeboonthongrungtawee/Desktop/Crazy Wizard/Content/StarterContent/Audio/Fire_Sparks01.uasset" 242
"../../../../../../boontaweeboonthongrungtawee/Desktop/Crazy Wizard/Content/StarterContent/Audio/Smoke01.uasset" 243
"../../../../../../boontaweeboonthongrungtawee/Desktop/Crazy Wizard/Content/StarterContent/Audio/Collapse01.uasset" 244
"../../../../../../boontaweeboonthongrungtawee/Desktop/Crazy Wizard/Content/StarterContent/Audio/Light02.uasset" 245
"../../../../../../boontaweeboonthongrungtawee/Desktop/Crazy Wizard/Content/StarterContent/Audio/Light02_Cue.uasset" 246
"../../../../../../boontaweeboonthongrungtawee/Desktop/Crazy Wizard/Content/StarterContent/Audio/Fire01.uasset" 247
"../../../../../../boontaweeboonthongrungtawee/Desktop/Crazy Wizard/Content/StarterContent/Audio/Light01_Cue.uasset" 248
"../../../../../../boontaweeboonthongrungtawee/Desktop/Crazy Wizard/Content/StarterContent/Audio/Starter_Wind05.uasset" 249
"../../../../../../boontaweeboonthongrungtawee/Desktop/Crazy Wizard/Content/StarterContent/Audio/Steam01.uasset" 250
"../../../../../../boontaweeboonthongrungtawee/Desktop/Crazy Wizard/Content/StarterContent/Audio/Starter_Music01.uasset" 251
"../../../../../../boontaweeboonthongrungtawee/Desktop/Crazy Wizard/Content/StarterContent/Audio/Light01.uasset" 252
"../../../../../../boontaweeboonthongrungtawee/Desktop/Crazy Wizard/Content/StarterContent/Audio/Collapse02.uasset" 253
"../../../../../../boontaweeboonthongrungtawee/Desktop/Crazy Wizard/Content/Rolling/Materials/GrayMetalMaterial.uasset" 254
"../../../../../../boontaweeboonthongrungtawee/Desktop/Crazy Wizard/Content/RollingBP/Spike_StaticMesh.uasset" 255
"../../../../../../boontaweeboonthongrungtawee/Desktop/Crazy Wizard/Content/RollingBP/aiStandardSurface2.uasset" 256
"../../../../../../boontaweeboonthongrungtawee/Desktop/Crazy Wizard/Content/RollingBP/btms.uasset" 257
"../../../../../../boontaweeboonthongrungtawee/Desktop/Crazy Wizard/Content/RollingBP/btms_png2.uasset" 258
"../../../../../../boontaweeboonthongrungtawee/Desktop/Crazy Wizard/Content/RollingBP/cloth_boy.uasset" 259
"../../../../../../boontaweeboonthongrungtawee/Desktop/Crazy Wizard/Content/RollingBP/cloth_png2.uasset" 260
"../../../../../../boontaweeboonthongrungtawee/Desktop/Crazy Wizard/Content/RollingBP/h_mat7.uasset" 261
"../../../../../../boontaweeboonthongrungtawee/Desktop/Crazy Wizard/Content/RollingBP/lambert1.uasset" 262
"../../../../../../boontaweeboonthongrungtawee/Desktop/Crazy Wizard/Content/RollingBP/lambert2.uasset" 263
"../../../../../../boontaweeboonthongrungtawee/Desktop/Crazy Wizard/Content/RollingBP/lambert3.uasset" 264
"../../../../../../boontaweeboonthongrungtawee/Desktop/Crazy Wizard/Content/RollingBP/lambert4.uasset" 265
"../../../../../../boontaweeboonthongrungtawee/Desktop/Crazy Wizard/Content/RollingBP/lambert5.uasset" 266
"../../../../../../boontaweeboonthongrungtawee/Desktop/Crazy Wizard/Content/RollingBP/lambert6.uasset" 267
"../../../../../../boontaweeboonthongrungtawee/Desktop/Crazy Wizard/Content/RollingBP/m_mat7.uasset" 268
"../../../../../../boontaweeboonthongrungtawee/Desktop/Crazy Wizard/Content/RollingBP/shoes_png2.uasset" 269
"../../../../../../boontaweeboonthongrungtawee/Desktop/Crazy Wizard/Content/RollingBP/wizard_ver01_boots_PhysicsAsset.uasset" 270
"../../../../../../boontaweeboonthongrungtawee/Desktop/Crazy Wizard/Content/RollingBP/wizard_ver01_boots_Skeleton.uasset" 271
"../../../../../../boontaweeboonthongrungtawee/Desktop/Crazy Wizard/Content/RollingBP/wizard_ver01_hand1_PhysicsAsset.uasset" 272
"../../../../../../boontaweeboonthongrungtawee/Desktop/Crazy Wizard/Content/RollingBP/wizard_ver01_hand1_Skeleton.uasset" 273
"../../../../../../boontaweeboonthongrungtawee/Desktop/Crazy Wizard/Content/RollingBP/wizard_ver01_hand_PhysicsAsset.uasset" 274
"../../../../../../boontaweeboonthongrungtawee/Desktop/Crazy Wizard/Content/RollingBP/wizard_ver01_hand_Skeleton.uasset" 275
"../../../../../../boontaweeboonthongrungtawee/Desktop/Crazy Wizard/Content/RollingBP/wizard_ver01_hat_PhysicsAsset.uasset" 276
"../../../../../../boontaweeboonthongrungtawee/Desktop/Crazy Wizard/Content/RollingBP/wizard_ver01_hat_Skeleton.uasset" 277
"../../../../../../boontaweeboonthongrungtawee/Desktop/Crazy Wizard/Content/RollingBP/wizard_ver01_pCube1_PhysicsAsset.uasset" 278
"../../../../../../boontaweeboonthongrungtawee/Desktop/Crazy Wizard/Content/RollingBP/wizard_ver01_pCube1_Skeleton.uasset" 279
"../../../../../../boontaweeboonthongrungtawee/Desktop/Crazy Wizard/Content/RollingBP/wizard_ver01_pCylinder1_PhysicsAsset.uasset" 280
"../../../../../../boontaweeboonthongrungtawee/Desktop/Crazy Wizard/Content/RollingBP/wizard_ver01_pCylinder1_Skeleton.uasset" 281
"../../../../../../boontaweeboonthongrungtawee/Desktop/Crazy Wizard/Content/RollingBP/wizard_ver01_pCylinder2_PhysicsAsset.uasset" 282
"../../../../../../boontaweeboonthongrungtawee/Desktop/Crazy Wizard/Content/RollingBP/wizard_ver01_pCylinder2_Skeleton.uasset" 283
"../../../../../../boontaweeboonthongrungtawee/Desktop/Crazy Wizard/Content/RollingBP/wizard_ver01_pCylinder3_PhysicsAsset.uasset" 284
"../../../../../../boontaweeboonthongrungtawee/Desktop/Crazy Wizard/Content/RollingBP/wizard_ver01_pCylinder3_Skeleton.uasset" 285
"../../../../../../boontaweeboonthongrungtawee/Desktop/Crazy Wizard/Content/RollingBP/wizard_ver01_pCylinder4_PhysicsAsset.uasset" 286
"../../../../../../boontaweeboonthongrungtawee/Desktop/Crazy Wizard/Content/RollingBP/wizard_ver01_pCylinder4_Skeleton.uasset" 287
"../../../../../../boontaweeboonthongrungtawee/Desktop/Crazy Wizard/Content/RollingBP/wizard_ver01_pCylinder7_PhysicsAsset.uasset" 288
"../../../../../../boontaweeboonthongrungtawee/Desktop/Crazy Wizard/Content/RollingBP/wizard_ver01_pCylinder7_Skeleton.uasset" 289
"../../../../../../boontaweeboonthongrungtawee/Desktop/Crazy Wizard/Content/RollingBP/wizard_ver01_pCylinder8_PhysicsAsset.uasset" 290
"../../../../../../boontaweeboonthongrungtawee/Desktop/Crazy Wizard/Content/RollingBP/wizard_ver01_pCylinder8_Skeleton.uasset" 291
"../../../../../../boontaweeboonthongrungtawee/Desktop/Crazy Wizard/Content/RollingBP/wizard_ver01_polySurface10_PhysicsAsset.uasset" 292
"../../../../../../boontaweeboonthongrungtawee/Desktop/Crazy Wizard/Content/RollingBP/wizard_ver01_polySurface10_Skeleton.uasset" 293
"../../../../../../boontaweeboonthongrungtawee/Desktop/Crazy Wizard/Content/RollingBP/wizard_ver01_polySurface11_PhysicsAsset.uasset" 294
"../../../../../../boontaweeboonthongrungtawee/Desktop/Crazy Wizard/Content/RollingBP/wizard_ver01_polySurface11_Skeleton.uasset" 295
"../../../../../../boontaweeboonthongrungtawee/Desktop/Crazy Wizard/Content/RollingBP/wizard_ver01_polySurface12_PhysicsAsset.uasset" 296
"../../../../../../boontaweeboonthongrungtawee/Desktop/Crazy Wizard/Content/RollingBP/wizard_ver01_polySurface12_Skeleton.uasset" 297
"../../../../../../boontaweeboonthongrungtawee/Desktop/Crazy Wizard/Content/RollingBP/wizard_ver01_polySurface13_PhysicsAsset.uasset" 298
"../../../../../../boontaweeboonthongrungtawee/Desktop/Crazy Wizard/Content/RollingBP/wizard_ver01_polySurface13_Skeleton.uasset" 299
"../../../../../../boontaweeboonthongrungtawee/Desktop/Crazy Wizard/Content/RollingBP/wizard_ver01_polySurface14_PhysicsAsset.uasset" 300
"../../../../../../boontaweeboonthongrungtawee/Desktop/Crazy Wizard/Content/RollingBP/wizard_ver01_polySurface14_Skeleton.uasset" 301
"../../../../../../boontaweeboonthongrungtawee/Desktop/Crazy Wizard/Content/RollingBP/wizard_ver01_polySurface1_1_Skeleton.uasset" 302
"../../../../../../boontaweeboonthongrungtawee/Desktop/Crazy Wizard/Content/RollingBP/wizard_ver01_polySurface1_PhysicsAsset.uasset" 303
"../../../../../../boontaweeboonthongrungtawee/Desktop/Crazy Wizard/Content/RollingBP/wizard_ver01_polySurface1_Skeleton.uasset" 304
"../../../../../../boontaweeboonthongrungtawee/Desktop/Crazy Wizard/Content/RollingBP/wizard_ver01_polySurface20_PhysicsAsset.uasset" 305
"../../../../../../boontaweeboonthongrungtawee/Desktop/Crazy Wizard/Content/RollingBP/wizard_ver01_polySurface20_Skeleton.uasset" 306
"../../../../../../boontaweeboonthongrungtawee/Desktop/Crazy Wizard/Content/RollingBP/wizard_ver01_polySurface2_PhysicsAsset.uasset" 307
"../../../../../../boontaweeboonthongrungtawee/Desktop/Crazy Wizard/Content/RollingBP/wizard_ver01_polySurface2_Skeleton.uasset" 308
"../../../../../../boontaweeboonthongrungtawee/Desktop/Crazy Wizard/Content/RollingBP/wizard_ver01_polySurface3_PhysicsAsset.uasset" 309
"../../../../../../boontaweeboonthongrungtawee/Desktop/Crazy Wizard/Content/RollingBP/wizard_ver01_polySurface3_Skeleton.uasset" 310
"../../../../../../boontaweeboonthongrungtawee/Desktop/Crazy Wizard/Content/RollingBP/wizard_ver01_polySurface4_PhysicsAsset.uasset" 311
"../../../../../../boontaweeboonthongrungtawee/Desktop/Crazy Wizard/Content/RollingBP/wizard_ver01_polySurface4_Skeleton.uasset" 312
"../../../../../../boontaweeboonthongrungtawee/Desktop/Crazy Wizard/Content/RollingBP/wizard_ver01_polySurface8_PhysicsAsset.uasset" 313
"../../../../../../boontaweeboonthongrungtawee/Desktop/Crazy Wizard/Content/RollingBP/wizard_ver01_polySurface8_Skeleton.uasset" 314
"../../../../../../boontaweeboonthongrungtawee/Desktop/Crazy Wizard/Content/RollingBP/wizard_ver01_polySurface9_PhysicsAsset.uasset" 315
"../../../../../../boontaweeboonthongrungtawee/Desktop/Crazy Wizard/Content/RollingBP/wizard_ver01_polySurface9_Skeleton.uasset" 316
"../../../../../../boontaweeboonthongrungtawee/Desktop/Crazy Wizard/Content/RollingBP/wizard_ver01_pSphere1_PhysicsAsset.uasset" 317
"../../../../../../boontaweeboonthongrungtawee/Desktop/Crazy Wizard/Content/RollingBP/wizard_ver01_pSphere1_Skeleton.uasset" 318
"../../../../../../boontaweeboonthongrungtawee/Desktop/Crazy Wizard/Content/RollingBP/wizard_ver01.uasset" 319
"../../../../../../boontaweeboonthongrungtawee/Desktop/Crazy Wizard/Content/RollingBP/Spike.uasset" 320
"../../../../../../boontaweeboonthongrungtawee/Desktop/Crazy Wizard/Content/RollingBP/Blueprints/Widgets/Credit_BP.uasset" 321
"../../../../../../boontaweeboonthongrungtawee/Desktop/Crazy Wizard/Content/RollingBP/Blueprints/Widgets/LevelSelect_BP.uasset" 322
"../../../../../../boontaweeboonthongrungtawee/Desktop/Crazy Wizard/Content/RollingBP/Blueprints/Widgets/PauseMenu_BP.uasset" 323
"../../../../../../boontaweeboonthongrungtawee/Desktop/Crazy Wizard/Content/RollingBP/Blueprints/Widgets/SettingMenu_BP.uasset" 324
"../../../../../../boontaweeboonthongrungtawee/Desktop/Crazy Wizard/Content/RollingBP/Blueprints/Widgets/MainMenu_BP.uasset" 325
"../../../../../../boontaweeboonthongrungtawee/Desktop/Crazy Wizard/Content/RollingBP/Blueprints/MainMenu_BP.uasset" 326
"../../../../../../boontaweeboonthongrungtawee/Desktop/Crazy Wizard/Content/RollingBP/MainMenu_BP.uasset" 327
"../../../../../../boontaweeboonthongrungtawee/Desktop/Crazy Wizard/Content/RollingBP/Blueprints/UI_BP.uasset" 328
"../../../../../../boontaweeboonthongrungtawee/Desktop/Crazy Wizard/Content/RollingBP/UI_BP.uasset" 329
"../../../../../../boontaweeboonthongrungtawee/Desktop/Crazy Wizard/Content/RollingBP/RollingOverview.uasset" 330
"../../../../../../boontaweeboonthongrungtawee/Desktop/Crazy Wizard/Content/RollingBP/aiStandardSurface7.uasset" 331
"../../../../../../boontaweeboonthongrungtawee/Desktop/Crazy Wizard/Content/RollingBP/aiStandardSurface8.uasset" 332
"../../../../../../boontaweeboonthongrungtawee/Desktop/Crazy Wizard/Content/RollingBP/button.uasset" 333
"../../../../../../boontaweeboonthongrungtawee/Desktop/Crazy Wizard/Content/RollingBP/coat_mat.uasset" 334
"../../../../../../boontaweeboonthongrungtawee/Desktop/Crazy Wizard/Content/RollingBP/eye_mat.uasset" 335
"../../../../../../boontaweeboonthongrungtawee/Desktop/Crazy Wizard/Content/RollingBP/hair_mat.uasset" 336
"../../../../../../boontaweeboonthongrungtawee/Desktop/Crazy Wizard/Content/RollingBP/hat_mat.uasset" 337
"../../../../../../boontaweeboonthongrungtawee/Desktop/Crazy Wizard/Content/RollingBP/mouth.uasset" 338
"../../../../../../boontaweeboonthongrungtawee/Desktop/Crazy Wizard/Content/RollingBP/shirt.uasset" 339
"../../../../../../boontaweeboonthongrungtawee/Desktop/Crazy Wizard/Content/RollingBP/shirt_mat.uasset" 340
"../../../../../../boontaweeboonthongrungtawee/Desktop/Crazy Wizard/Content/RollingBP/skin.uasset" 341
"../../../../../../boontaweeboonthongrungtawee/Desktop/Crazy Wizard/Content/RollingBP/tie.uasset" 342
"../../../../../../boontaweeboonthongrungtawee/Desktop/Crazy Wizard/Content/RollingBP/walk_PhysicsAsset.uasset" 343
"../../../../../../boontaweeboonthongrungtawee/Desktop/Crazy Wizard/Content/RollingBP/walk_Skeleton.uasset" 344
"../../../../../../boontaweeboonthongrungtawee/Desktop/Crazy Wizard/Content/RollingBP/walk.uasset" 345
"../../../../../../boontaweeboonthongrungtawee/Desktop/Crazy Wizard/Content/RollingBP/Blueprints/KeyItem_BP.uasset" 346
"../../../../../../boontaweeboonthongrungtawee/Desktop/Crazy Wizard/Content/RollingBP/Blueprints/KeyItem_BP_BP1.uasset" 347
"../../../../../../boontaweeboonthongrungtawee/Desktop/Crazy Wizard/Content/RollingBP/Blueprints/MP_BP.uasset" 348
"../../../../../../boontaweeboonthongrungtawee/Desktop/Crazy Wizard/Content/Blueprints/LevelAssets/NewImport/Monster_1_group6_pSphere5.uasset" 349
"../../../../../../boontaweeboonthongrungtawee/Desktop/Crazy Wizard/Content/RollingBP/Blueprints/MonsterPlatform.uasset" 350
"../../../../../../boontaweeboonthongrungtawee/Desktop/Crazy Wizard/Content/RollingBP/Blueprints/Widgets/GameOverPopUp_BP.uasset" 351
"../../../../../../boontaweeboonthongrungtawee/Desktop/Crazy Wizard/Content/RollingBP/EditMaterial/DoorMaterial_Purple.uasset" 352
"../../../Engine/Content/Maps/Templates/Thumbnails/Default.uasset" 353
"../../../Engine/Content/Maps/Templates/Thumbnails/VR-Basic.uasset" 354
"../../../Engine/Content/MobileResources/T_MobileControls_texture.uasset" 355
"../../../Engine/Content/MobileResources/T_MobileMenu2.uasset" 356
"../../../Engine/Content/MobileResources/HUD/MobileHUDDirectionPad3.uasset" 357
"../../../Engine/Content/MobileResources/HUD/MobileHUDButton2_off.uasset" 358
"../../../Engine/Content/MobileResources/HUD/MobileHUDButton3.uasset" 359
"../../../Engine/Content/MobileResources/HUD/T_Castle_ThumbstickInner.uasset" 360
"../../../Engine/Content/MobileResources/HUD/MobileHUDDirectionStick.uasset" 361
"../../../Engine/Content/MobileResources/HUD/VirtualJoystick_Background.uasset" 362
"../../../Engine/Content/MobileResources/HUD/VirtualJoystick_Thumb.uasset" 363
"../../../Engine/Content/MobileResources/HUD/DefaultVirtualJoysticks.uasset" 364
"../../../Engine/Content/MobileResources/HUD/T_Castle_ThumbstickOutter.uasset" 365
"../../../Engine/Content/MobileResources/HUD/MobileHUDButton2_on.uasset" 366
"../../../Engine/Content/MobileResources/HUD/MobileHUDDirectionPad2.uasset" 367
"../../../Engine/Content/MobileResources/HUD/MobileHUDDirectionPad.uasset" 368
"../../../Engine/Content/MobileResources/HUD/AnalogHat.uasset" 369
"../../../Engine/Content/MobileResources/HUD/MobileHUDButton1_on.uasset" 370
"../../../Engine/Content/MobileResources/HUD/MobileHUDButtonFire.uasset" 371
"../../../Engine/Content/MobileResources/HUD/LeftVirtualJoystickOnly.uasset" 372
"../../../Engine/Content/MobileResources/HUD/MobileHUDButton1_off.uasset" 373
"../../../Engine/Content/Tutorial/ContentIntroCurve.uasset" 374
"../../../Engine/Content/Tutorial/Basics/LevelEditorAttract.uasset" 375
"../../../Engine/Content/EngineResources/DefaultTextureCube.uasset" 376
"../../../Engine/Content/EngineResources/DefaultTexture.uasset" 377
"../../../Engine/Content/EngineResources/Black.uasset" 378
"../../../Engine/Content/EngineResources/DefaultVolumeTexture2D.uasset" 379
"../../../Engine/Content/EngineResources/DefaultVolumeTexture.uasset" 380
"../../../Engine/Content/EngineResources/GradientTexture0.uasset" 381
"../../../Engine/Content/EditorLandscapeResources/DataLayer.uasset" 382
"../../../Engine/Content/EditorSounds/Notifications/CompileSuccess.uasset" 383
"../../../Engine/Content/EditorSounds/Notifications/CompileSuccess_Cue.uasset" 384
"../../../Engine/Content/EditorSounds/Notifications/CompileFailed.uasset" 385
"../../../Engine/Content/EditorSounds/Notifications/CompileFailed_Cue.uasset" 386
"../../../Engine/Content/EditorSounds/Notifications/CompileStart_Cue.uasset" 387
"../../../Engine/Content/EditorMaterials/Camera/CineMat.uasset" 388
"../../../Engine/Content/EditorMaterials/Camera/MI_CineMat_Rig.uasset" 389
"../../../Engine/Content/EditorMeshes/Camera/SM_CraneRig_Body.uasset" 390
"../../../Engine/Content/EditorMeshes/Camera/SM_RailRig_Mount.uasset" 391
"../../../Engine/Content/EditorMeshes/Camera/SM_CraneRig_Base.uasset" 392
"../../../Engine/Content/EditorMeshes/Camera/SM_CraneRig_Mount.uasset" 393
"../../../Engine/Content/EditorMeshes/Camera/SM_CraneRig_Arm.uasset" 394
"../../../Engine/Content/EditorMeshes/Camera/SM_RailRig_Track.uasset" 395
"../../../Engine/Content/EngineFonts/Faces/RobotoTiny.uasset" 396
"../../../Engine/Content/EngineFonts/RobotoTiny.uasset" 397
"../../../Engine/Content/EngineFonts/Faces/RobotoBold.uasset" 398
"../../../Engine/Content/EngineFonts/Faces/RobotoBoldItalic.uasset" 399
"../../../Engine/Content/EngineFonts/Faces/RobotoItalic.uasset" 400
"../../../Engine/Content/EngineFonts/Faces/RobotoLight.uasset" 401
"../../../Engine/Content/EngineFonts/Faces/RobotoRegular.uasset" 402
"../../../Engine/Content/EngineFonts/Roboto.uasset" 403
"../../../Engine/Content/EngineDamageTypes/DmgTypeBP_Environmental.uasset" 404
"../../../Engine/Content/ArtTools/RenderToTexture/Meshes/S_1_Unit_Plane.uasset" 405
"../../../Engine/Content/Animation/DefaultAnimCurveCompressionSettings.uasset" 406
"../../../Engine/Content/EngineResources/WhiteSquareTexture.uasset" 407
"../../../Engine/Content/EngineMaterials/Widget3DPassThrough.uasset" 408
"../../../Engine/Content/EngineMaterials/Widget3DPassThrough_Masked.uasset" 409
"../../../Engine/Content/EngineMaterials/WeightMapPlaceholderTexture.uasset" 410
"../../../Engine/Content/EngineMaterials/Widget3DPassThrough_Translucent.uasset" 411
"../../../Engine/Content/EngineMaterials/Widget3DPassThrough_Translucent_OneSided.uasset" 412
"../../../Engine/Content/EngineMaterials/EditorBrushMaterial.uasset" 413
"../../../Engine/Content/Functions/Engine_MaterialFunctions02/WorldPositionOffset/CameraOffset.uasset" 414
"../../../Engine/Content/EngineMaterials/PhAT_JointLimitMaterial.uasset" 415
"../../../Engine/Content/EngineMaterials/Widget3DPassThrough_Opaque.uasset" 416
"../../../Engine/Content/EngineMaterials/Widget3DPassThrough_Masked_OneSided.uasset" 417
"../../../Engine/Content/EngineMaterials/Good64x64TilingNoiseHighFreq.uasset" 418
"../../../Engine/Content/EngineMaterials/DefaultBloomKernel.uasset" 419
"../../../Engine/Content/EngineMaterials/RemoveSurfaceMaterial.uasset" 420
"../../../Engine/Content/EngineMaterials/DefaultDiffuse.uasset" 421
"../../../Engine/Content/EngineMaterials/DefaultDeferredDecalMaterial.uasset" 422
"../../../Engine/Content/Functions/Engine_MaterialFunctions02/Utility/BreakOutFloat2Components.uasset" 423
"../../../Engine/Content/EngineMaterials/DefaultPostProcessMaterial.uasset" 424
"../../../Engine/Content/EngineMaterials/DefaultPhysicalMaterial.uasset" 425
"../../../Engine/Content/EngineMaterials/BaseFlattenMaterial.uasset" 426
"../../../Engine/Content/EngineMaterials/InvalidLightmapSettings.uasset" 427
"../../../Engine/Content/EngineMaterials/M_InvalidLightmapSettings.uasset" 428
"../../../Engine/Content/EngineFonts/RobotoDistanceField.uasset" 429
"../../../Engine/Content/EngineMaterials/DefaultTextMaterialOpaque.uasset" 430
"../../../Engine/Content/EngineMaterials/PreintegratedSkinBRDF.uasset" 431
"../../../Engine/Content/EngineMaterials/Widget3DPassThrough_Opaque_OneSided.uasset" 432
"../../../Engine/Content/EngineMaterials/DefaultBokeh.uasset" 433
"../../../Engine/Content/EngineMaterials/DefaultLightFunctionMaterial.uasset" 434
"../../../Engine/Content/EngineMaterials/MiniFont.uasset" 435
"../../../Engine/Content/EngineMaterials/DefaultWhiteGrid.uasset" 436
"../../../Engine/Content/EngineDebugMaterials/DebugEditorMaterial.uasset" 437
"../../../Engine/Content/EngineDebugMaterials/GeomMaterial.uasset" 438
"../../../Engine/Content/EngineDebugMaterials/HeatmapGradient.uasset" 439
"../../../Engine/Content/EngineDebugMaterials/BoneWeightMaterial.uasset" 440
"../../../Engine/Content/EngineDebugMaterials/ClothMaterial.uasset" 441
"../../../Engine/Content/EngineDebugMaterials/ClothMaterial_WF.uasset" 442
"../../../Engine/Content/EngineDebugMaterials/DebugMeshMaterial.uasset" 443
"../../../Engine/Content/EngineDebugMaterials/M_SimpleTranslucent.uasset" 444
"../../../Engine/Content/EditorResources/S_Note.uasset" 445
"../../../Engine/Content/EditorResources/S_Trigger.uasset" 446
"../../../Engine/Content/EditorResources/S_Actor.uasset" 447
"../../../Engine/Content/EditorResources/EmptyActor.uasset" 448
"../../../Engine/Content/EditorResources/BSPVertex.uasset" 449
"../../../Engine/Content/EditorResources/SequenceRecorder/Countdown.uasset" 450
"../../../Engine/Content/EditorResources/SequenceRecorder/RecordingIndicator.uasset" 451
"../../../Engine/Content/EditorResources/AudioIcons/S_AudioComponent_AutoActivate.uasset" 452
"../../../Engine/Content/EditorResources/AudioIcons/S_AudioComponent.uasset" 453
"../../../Engine/Content/EditorResources/LightIcons/S_LightError.uasset" 454
"../../../Engine/Content/EngineMaterials/DefaultMaterial.uasset" 455
"../../../Engine/Content/BasicShapes/Cone.uasset" 456
"../../../Engine/Content/BasicShapes/Cylinder.uasset" 457
"../../../Engine/Content/BasicShapes/Plane.uasset" 458
"../../../Engine/Content/Functions/Engine_MaterialFunctions01/Shading/ConvertFromDiffSpec.uasset" 459
"../../../Engine/Content/Functions/Engine_MaterialFunctions01/Shading/PowerToRoughness.uasset" 460
"../../../Engine/Content/EditorMaterials/PreviewShadowIndicator.uasset" 461
"../../../Engine/Content/EditorMaterials/PreviewShadowIndicatorMaterial.uasset" 462
"../../../Engine/Content/EditorMaterials/GizmoMaterial.uasset" 463
"../../../Engine/Content/EditorMaterials/MAT_Groups_Toggle.uasset" 464
"../../../Engine/Content/EditorMaterials/MAT_Groups_Visibility.uasset" 465
"../../../Engine/Content/EditorMaterials/ParticleSystems/PSysThumbnail_NoImage.uasset" 466
"../../../Engine/Content/EditorMaterials/ParticleSystems/PSysThumbnail_OOD.uasset" 467
"../../../Engine/Content/EditorMaterials/MatineeGroups/MAT_Groups_Vector.uasset" 468
"../../../Engine/Content/EditorMaterials/MatineeGroups/MAT_ColorTrack.uasset" 469
"../../../Engine/Content/EditorMaterials/MatineeGroups/MAT_Groups_AudioMaster.uasset" 470
"../../../Engine/Content/EditorMaterials/MatineeGroups/MAT_Groups_Sound.uasset" 471
"../../../Engine/Content/EditorMaterials/MatineeGroups/MAT_Groups_Float.uasset" 472
"../../../Engine/Content/EditorMaterials/MatineeGroups/MAT_Groups_Director.uasset" 473
"../../../Engine/Content/EditorMaterials/MatineeGroups/MAT_Groups_Move.uasset" 474
"../../../Engine/Content/EditorMaterials/MatineeGroups/MAT_Groups_Event.uasset" 475
"../../../Engine/Content/EditorMaterials/MatineeGroups/MAT_Groups_Fade.uasset" 476
"../../../Engine/Content/EditorMaterials/MatineeGroups/MAT_Groups_Anim.uasset" 477
"../../../Engine/Content/EditorMaterials/MatineeGroups/MAT_Groups_Slomo.uasset" 478
"../../../Engine/Content/EngineSounds/Master.uasset" 479
"../../../Engine/Content/EngineMeshes/Cylinder.uasset" 480
"../../../Engine/Content/EngineMeshes/Sphere.uasset" 481
"../../../Engine/Content/VREditor/LaserPointer/VR_LaserPower_01.uasset" 482
"../../../Engine/Content/VREditor/TransformGizmo/TransformGizmoMaterial.uasset" 483
"../../../Engine/Content/VREditor/TransformGizmo/TranslucentTransformGizmoMaterial.uasset" 484
"../../../Engine/Content/VREditor/TransformGizmo/PlaneTranslationHandle.uasset" 485
"../../../Engine/Content/VREditor/TransformGizmo/Main.uasset" 486
"../../../Engine/Content/VREditor/TransformGizmo/Xray.uasset" 487
"../../../Engine/Content/VREditor/TransformGizmo/SM_Sequencer_Key.uasset" 488
"../../../Engine/Content/VREditor/TransformGizmo/BoundingBoxCorner.uasset" 489
"../../../Engine/Content/VREditor/TransformGizmo/SM_Sequencer_Node.uasset" 490
"../../../Engine/Content/VREditor/TransformGizmo/BoundingBoxEdge.uasset" 491
"../../Plugins/2D/Paper2D/Content/PlaceholderTextures/DummySpriteTexture.uasset" 492
"../../Plugins/2D/Paper2D/Content/DummySpriteTexture.uasset" 493
"../../Plugins/2D/Paper2D/Content/DefaultSpriteMaterial.uasset" 494
"../../Plugins/2D/Paper2D/Content/OpaqueUnlitSpriteMaterial.uasset" 495
"../../Plugins/2D/Paper2D/Content/DummySprite.uasset" 496
"../../Plugins/2D/Paper2D/Content/DefaultPaperTerrainMaterial.uasset" 497
"../../Plugins/2D/Paper2D/Content/MaskedUnlitSpriteMaterial.uasset" 498
"../../../Engine/Content/EngineSky/C_Sky_Cloud_Color.uasset" 499
"../../../Engine/Content/EngineSky/C_Sky_Horizon_Color.uasset" 500
"../../../Engine/Content/EngineSky/C_Sky_Zenith_Color.uasset" 501
"../../../Engine/Content/EngineSky/T_Sky_Blue.uasset" 502
"../../../Engine/Content/EngineSky/T_Sky_Clouds_M.uasset" 503
"../../../Engine/Content/EngineSky/T_Sky_Stars.uasset" 504
"../../../Engine/Content/EngineSky/M_Sky_Panning_Clouds2.uasset" 505
"../../../Engine/Content/EngineSky/SM_SkySphere.uasset" 506
"../../../Engine/Content/EngineSky/BP_Sky_Sphere.uasset" 507
"../../../../../../boontaweeboonthongrungtawee/Desktop/Crazy Wizard/Content/RollingBP/Blueprints/DropSpawn.uasset" 508
"../../../../../../boontaweeboonthongrungtawee/Desktop/Crazy Wizard/Content/StarterContent/Textures/T_Concrete_Poured_D.uasset" 509
"../../../../../../boontaweeboonthongrungtawee/Desktop/Crazy Wizard/Content/StarterContent/Textures/T_Concrete_Poured_N.uasset" 510
"../../../../../../boontaweeboonthongrungtawee/Desktop/Crazy Wizard/Content/StarterContent/Textures/T_Perlin_Noise_M.uasset" 511
"../../../../../../boontaweeboonthongrungtawee/Desktop/Crazy Wizard/Content/StarterContent/Materials/M_Concrete_Poured.uasset" 512
"../../../../../../boontaweeboonthongrungtawee/Desktop/Crazy Wizard/Content/RollingBP/RoughEnemy.uasset" 513
"../../../../../../boontaweeboonthongrungtawee/Desktop/Crazy Wizard/Content/RollingBP/Blueprints/MovingEnemy_BP.uasset" 514
"../../../../../../boontaweeboonthongrungtawee/Desktop/Crazy Wizard/Content/RollingBP/Blueprints/TurningPlatform_BP.uasset" 515
"../../../../../../boontaweeboonthongrungtawee/Desktop/Crazy Wizard/Content/Level1_BuiltData.uasset" 516
"../../../../../../boontaweeboonthongrungtawee/Desktop/Crazy Wizard/Content/StarterContent/Textures/T_CobbleStone_Smooth_D.uasset" 517
"../../../../../../boontaweeboonthongrungtawee/Desktop/Crazy Wizard/Content/StarterContent/Textures/T_CobbleStone_Smooth_M.uasset" 518
"../../../../../../boontaweeboonthongrungtawee/Desktop/Crazy Wizard/Content/StarterContent/Textures/T_CobbleStone_Smooth_N.uasset" 519
"../../../../../../boontaweeboonthongrungtawee/Desktop/Crazy Wizard/Content/StarterContent/Textures/T_Gradinet_01.uasset" 520
"../../../../../../boontaweeboonthongrungtawee/Desktop/Crazy Wizard/Content/StarterContent/Textures/T_Rock_Smooth_Granite_D.uasset" 521
"../../../../../../boontaweeboonthongrungtawee/Desktop/Crazy Wizard/Content/StarterContent/Materials/M_CobbleStone_Smooth.uasset" 522
"../../../../../../boontaweeboonthongrungtawee/Desktop/Crazy Wizard/Content/Blueprints/LevelAssets/BGM/BG_4_01.uasset" 523
"../../../../../../boontaweeboonthongrungtawee/Desktop/Crazy Wizard/Content/Level1.umap" 524
"../../../../../../boontaweeboonthongrungtawee/Desktop/Crazy Wizard/Content/Sounds/Chill_song_2.uasset" 525
"../../../../../../boontaweeboonthongrungtawee/Desktop/Crazy Wizard/Content/Blueprints/Character/BallGameMode.uasset" 526
"../../../../../../boontaweeboonthongrungtawee/Desktop/Crazy Wizard/Content/Blueprints/Items/LampAndRune2.uasset" 527
"../../../../../../boontaweeboonthongrungtawee/Desktop/Crazy Wizard/Content/Blueprints/Items/Lamp.uasset" 528
"../../../../../../boontaweeboonthongrungtawee/Desktop/Crazy Wizard/Content/RollingBP/Blueprints/Key_BP.uasset" 529
"../../../../../../boontaweeboonthongrungtawee/Desktop/Crazy Wizard/Content/LevelTest_BuiltData.uasset" 530
"../../../../../../boontaweeboonthongrungtawee/Desktop/Crazy Wizard/Content/StarterContent/Textures/T_Ground_Grass_D.uasset" 531
"../../../../../../boontaweeboonthongrungtawee/Desktop/Crazy Wizard/Content/StarterContent/Textures/T_Ground_Grass_N.uasset" 532
"../../../../../../boontaweeboonthongrungtawee/Desktop/Crazy Wizard/Content/StarterContent/Materials/M_Ground_Grass.uasset" 533
"../../../../../../boontaweeboonthongrungtawee/Desktop/Crazy Wizard/Content/StarterContent/Textures/T_Metal_Rust_D.uasset" 534
"../../../../../../boontaweeboonthongrungtawee/Desktop/Crazy Wizard/Content/StarterContent/Textures/T_Metal_Rust_N.uasset" 535
"../../../../../../boontaweeboonthongrungtawee/Desktop/Crazy Wizard/Content/StarterContent/Materials/M_Metal_Rust.uasset" 536
"../../../../../../boontaweeboonthongrungtawee/Desktop/Crazy Wizard/Content/StarterContent/Materials/Roof01.uasset" 537
"../../../../../../boontaweeboonthongrungtawee/Desktop/Crazy Wizard/Content/StarterContent/Materials/Roof_INST.uasset" 538
"../../../../../../boontaweeboonthongrungtawee/Desktop/Crazy Wizard/Content/StarterContent/Materials/Roof_INST_ambient_occlusion.uasset" 539
"../../../../../../boontaweeboonthongrungtawee/Desktop/Crazy Wizard/Content/StarterContent/Materials/Roof_INST_basecolor.uasset" 540
"../../../../../../boontaweeboonthongrungtawee/Desktop/Crazy Wizard/Content/StarterContent/Materials/Roof_INST_metallic.uasset" 541
"../../../../../../boontaweeboonthongrungtawee/Desktop/Crazy Wizard/Content/StarterContent/Materials/Roof_INST_normal.uasset" 542
"../../../../../../boontaweeboonthongrungtawee/Desktop/Crazy Wizard/Content/StarterContent/Materials/Roof_INST_roughness.uasset" 543
"../../../../../../boontaweeboonthongrungtawee/Desktop/Crazy Wizard/Content/StarterContent/Materials/Roof_MAT.uasset" 544
"../../../Engine/Content/MapTemplates/Sky/DaylightAmbientCubemap.uasset" 545
"../../../../../../boontaweeboonthongrungtawee/Desktop/Crazy Wizard/Content/StarterContent/Blueprints/Assets/M_LightStage_Skybox_Master.uasset" 546
"../../../../../../boontaweeboonthongrungtawee/Desktop/Crazy Wizard/Content/StarterContent/Blueprints/Assets/M_LightStage_Skybox_Black.uasset" 547
"../../../../../../boontaweeboonthongrungtawee/Desktop/Crazy Wizard/Content/Blueprints/LevelAssets/Floor01.uasset" 548
"../../../../../../boontaweeboonthongrungtawee/Desktop/Crazy Wizard/Content/Blueprints/LevelAssets/Floor1.uasset" 549
"../../../../../../boontaweeboonthongrungtawee/Desktop/Crazy Wizard/Content/Blueprints/LevelAssets/Floor2.uasset" 550
"../../../../../../boontaweeboonthongrungtawee/Desktop/Crazy Wizard/Content/Blueprints/LevelAssets/Key/Key_1.uasset" 551
"../../../../../../boontaweeboonthongrungtawee/Desktop/Crazy Wizard/Content/LevelTest.umap" 552
"../../../../../../boontaweeboonthongrungtawee/Desktop/Crazy Wizard/Content/Tutorial_Level_BuiltData.uasset" 553
"../../../../../../boontaweeboonthongrungtawee/Desktop/Crazy Wizard/Content/StarterContent/Textures/T_Tech_Hex_Tile_M.uasset" 554
"../../../../../../boontaweeboonthongrungtawee/Desktop/Crazy Wizard/Content/StarterContent/Textures/T_Tech_Hex_Tile_N.uasset" 555
"../../../../../../boontaweeboonthongrungtawee/Desktop/Crazy Wizard/Content/StarterContent/Materials/M_Tech_Hex_Tile.uasset" 556
"../../../../../../boontaweeboonthongrungtawee/Desktop/Crazy Wizard/Content/StarterContent/Materials/M_Tech_Hex_Tile_Pulse.uasset" 557
"../../../../../../boontaweeboonthongrungtawee/Desktop/Crazy Wizard/Content/Tutorial_Level.umap" 558
"../../../Engine/Content/BasicShapes/Sphere.uasset" 559
"../../../../../../boontaweeboonthongrungtawee/Desktop/Crazy Wizard/Content/Blueprints/Character/ThirdPersonCharacter.uasset" 560
"../../../../../../boontaweeboonthongrungtawee/Desktop/Crazy Wizard/Content/Sounds/Marble_Blast_Ultra_Soundtrack.uasset" 561
"../../../../../../boontaweeboonthongrungtawee/Desktop/Crazy Wizard/Content/Blueprints/Character/ThirdPersonGameMode.uasset" 562
"../../../../../../boontaweeboonthongrungtawee/Desktop/Crazy Wizard/Content/Blueprints/Maps/Stage03_BuiltData.uasset" 563
"../../../../../../boontaweeboonthongrungtawee/Desktop/Crazy Wizard/Content/StarterContent/Textures/T_CobbleStone_Pebble_D.uasset" 564
"../../../../../../boontaweeboonthongrungtawee/Desktop/Crazy Wizard/Content/StarterContent/Textures/T_CobbleStone_Pebble_M.uasset" 565
"../../../../../../boontaweeboonthongrungtawee/Desktop/Crazy Wizard/Content/StarterContent/Textures/T_CobbleStone_Pebble_N.uasset" 566
"../../../../../../boontaweeboonthongrungtawee/Desktop/Crazy Wizard/Content/StarterContent/Materials/M_CobbleStone_Pebble.uasset" 567
"../../../../../../boontaweeboonthongrungtawee/Desktop/Crazy Wizard/Content/StarterContent/Textures/T_Wood_Oak_D.uasset" 568
"../../../../../../boontaweeboonthongrungtawee/Desktop/Crazy Wizard/Content/StarterContent/Textures/T_Wood_Oak_N.uasset" 569
"../../../../../../boontaweeboonthongrungtawee/Desktop/Crazy Wizard/Content/StarterContent/Materials/M_Wood_Oak.uasset" 570
"../../../../../../boontaweeboonthongrungtawee/Desktop/Crazy Wizard/Content/Geometry/Meshes/CubeMaterial.uasset" 571
"../../../../../../boontaweeboonthongrungtawee/Desktop/Crazy Wizard/Content/Geometry/Meshes/1M_Cube.uasset" 572
"../../../../../../boontaweeboonthongrungtawee/Desktop/Crazy Wizard/Content/Geometry/Meshes/TemplateFloor.uasset" 573
"../../../../../../boontaweeboonthongrungtawee/Desktop/Crazy Wizard/Content/Blueprints/Maps/Stage03.umap" 574
"../../../../../../boontaweeboonthongrungtawee/Desktop/Crazy Wizard/Content/Blueprints/Maps/Stage02_BuiltData.uasset" 575
"../../../../../../boontaweeboonthongrungtawee/Desktop/Crazy Wizard/Content/StarterContent/Textures/T_Brick_Clay_Old_D.uasset" 576
"../../../../../../boontaweeboonthongrungtawee/Desktop/Crazy Wizard/Content/StarterContent/Textures/T_Brick_Clay_Old_N.uasset" 577
"../../../../../../boontaweeboonthongrungtawee/Desktop/Crazy Wizard/Content/StarterContent/Materials/M_Brick_Clay_Old.uasset" 578
"../../../../../../boontaweeboonthongrungtawee/Desktop/Crazy Wizard/Content/Geometry/Meshes/1M_Cube_Chamfer.uasset" 579
"../../../../../../boontaweeboonthongrungtawee/Desktop/Crazy Wizard/Content/StarterContent/Shapes/Shape_Cube.uasset" 580
"../../../../../../boontaweeboonthongrungtawee/Desktop/Crazy Wizard/Content/Blueprints/Maps/Stage02.umap" 581
"../../../../../../boontaweeboonthongrungtawee/Desktop/Crazy Wizard/Content/Sounds/Chill_song_1.uasset" 582
"../../../../../../boontaweeboonthongrungtawee/Desktop/Crazy Wizard/Content/Blueprints/GameModes/BallGameMode.uasset" 583
"../../../../../../boontaweeboonthongrungtawee/Desktop/Crazy Wizard/Content/Mana/WorldGridMaterial.uasset" 584
"../../../../../../boontaweeboonthongrungtawee/Desktop/Crazy Wizard/Content/Mana/Mana.uasset" 585
"../../../../../../boontaweeboonthongrungtawee/Desktop/Crazy Wizard/Content/Blueprints/MP_BP.uasset" 586
"../../../../../../boontaweeboonthongrungtawee/Desktop/Crazy Wizard/Content/Blueprints/Maps/Tutorial_BuiltData.uasset" 587
"../../../../../../boontaweeboonthongrungtawee/Desktop/Crazy Wizard/Content/StarterContent/Textures/T_Water_M.uasset" 588
"../../../../../../boontaweeboonthongrungtawee/Desktop/Crazy Wizard/Content/StarterContent/Textures/T_Water_N.uasset" 589
"../../../../../../boontaweeboonthongrungtawee/Desktop/Crazy Wizard/Content/StarterContent/Materials/M_Water_Ocean.uasset" 590
"../../../../../../boontaweeboonthongrungtawee/Desktop/Crazy Wizard/Content/Blueprints/LevelAssets/T_M_New_Stage_T_2_pPlane2_lambert1_25C014134CEC0CE6C4DB73B6DC4D9F3B_BaseColor.uasset" 591
"../../../../../../boontaweeboonthongrungtawee/Desktop/Crazy Wizard/Content/Blueprints/LevelAssets/M_M_New_Stage_T_2_pPlane2_lambert1_25C014134CEC0CE6C4DB73B6DC4D9F3B.uasset" 592
"../../../../../../boontaweeboonthongrungtawee/Desktop/Crazy Wizard/Content/Blueprints/LevelAssets/New_Stage_T_2_pPlane2.uasset" 593
"../../../../../../boontaweeboonthongrungtawee/Desktop/Crazy Wizard/Content/Blueprints/Text_S.uasset" 594
"../../../../../../boontaweeboonthongrungtawee/Desktop/Crazy Wizard/Content/Blueprints/Text_T.uasset" 595
"../../../../../../boontaweeboonthongrungtawee/Desktop/Crazy Wizard/Content/Blueprints/Maps/Tutorial.umap" 596
"../../../../../../boontaweeboonthongrungtawee/Desktop/Crazy Wizard/Content/Blueprints/Maps/Test.umap" 597
"../../../../../../boontaweeboonthongrungtawee/Desktop/Crazy Wizard/Content/Blueprints/Items/pCube3_1.uasset" 598
"../../../../../../boontaweeboonthongrungtawee/Desktop/Crazy Wizard/Content/Blueprints/Items/Rune.uasset" 599
"../../../../../../boontaweeboonthongrungtawee/Desktop/Crazy Wizard/Content/Blueprints/Items/FbxScene_LampAndRune2.uasset" 600
"../../../../../../boontaweeboonthongrungtawee/Desktop/Crazy Wizard/Content/Blueprints/Items/LampAndRuneModel.uasset" 601
"../../../../../../boontaweeboonthongrungtawee/Desktop/Crazy Wizard/Content/Blueprints/Items/pCube1.uasset" 602
"../../../../../../boontaweeboonthongrungtawee/Desktop/Crazy Wizard/Content/Blueprints/Items/pCube2.uasset" 603
"../../../../../../boontaweeboonthongrungtawee/Desktop/Crazy Wizard/Content/Blueprints/Items/pCube3.uasset" 604
"../../../../../../boontaweeboonthongrungtawee/Desktop/Crazy Wizard/Content/Blueprints/Items/FbxScene_LampAndRuneModel.uasset" 605
"../../../../../../boontaweeboonthongrungtawee/Desktop/Crazy Wizard/Content/RollingBP/Blueprints/MyCube_BP_with_Infinite_loop_bug.uasset" 606
"../../../../../../boontaweeboonthongrungtawee/Desktop/Crazy Wizard/Content/RollingBP/Blueprints/MyCube_BP.uasset" 607
"../../../../../../boontaweeboonthongrungtawee/Desktop/Crazy Wizard/Content/Blueprints/Maps/Stage01_BuiltData.uasset" 608
"../../../../../../boontaweeboonthongrungtawee/Desktop/Crazy Wizard/Content/ThirdPerson/Meshes/RampMaterial.uasset" 609
"../../../../../../boontaweeboonthongrungtawee/Desktop/Crazy Wizard/Content/ThirdPerson/Meshes/Bump_StaticMesh.uasset" 610
"../../../../../../boontaweeboonthongrungtawee/Desktop/Crazy Wizard/Content/ThirdPerson/Meshes/LeftArm_StaticMesh.uasset" 611
"../../../../../../boontaweeboonthongrungtawee/Desktop/Crazy Wizard/Content/ThirdPerson/Meshes/Linear_Stair_StaticMesh.uasset" 612
"../../../../../../boontaweeboonthongrungtawee/Desktop/Crazy Wizard/Content/ThirdPerson/Meshes/Ramp_StaticMesh.uasset" 613
"../../../../../../boontaweeboonthongrungtawee/Desktop/Crazy Wizard/Content/ThirdPerson/Meshes/RightArm_StaticMesh.uasset" 614
"../../../../../../boontaweeboonthongrungtawee/Desktop/Crazy Wizard/Content/Blueprints/Maps/Stage01.umap" 615
"../../../../../../boontaweeboonthongrungtawee/Desktop/Crazy Wizard/Content/Blueprints/LevelAssets/Jump_level_HARD_BuiltData.uasset" 616
"../../../../../../boontaweeboonthongrungtawee/Desktop/Crazy Wizard/Content/StarterContent/Textures/T_CobbleStone_Rough_D.uasset" 617
"../../../../../../boontaweeboonthongrungtawee/Desktop/Crazy Wizard/Content/StarterContent/Textures/T_CobbleStone_Rough_N.uasset" 618
"../../../../../../boontaweeboonthongrungtawee/Desktop/Crazy Wizard/Content/StarterContent/Materials/M_CobbleStone_Rough.uasset" 619
"../../../../../../boontaweeboonthongrungtawee/Desktop/Crazy Wizard/Content/StarterContent/Textures/T_Concrete_Tiles_D.uasset" 620
"../../../../../../boontaweeboonthongrungtawee/Desktop/Crazy Wizard/Content/StarterContent/Textures/T_Concrete_Tiles_M.uasset" 621
"../../../../../../boontaweeboonthongrungtawee/Desktop/Crazy Wizard/Content/StarterContent/Textures/T_Concrete_Tiles_N.uasset" 622
"../../../../../../boontaweeboonthongrungtawee/Desktop/Crazy Wizard/Content/StarterContent/Textures/T_Concrete_Tiles_Variation_M.uasset" 623
"../../../../../../boontaweeboonthongrungtawee/Desktop/Crazy Wizard/Content/StarterContent/Materials/M_Concrete_Tiles.uasset" 624
"../../../../../../boontaweeboonthongrungtawee/Desktop/Crazy Wizard/Content/StarterContent/Textures/T_ground_Moss_D.uasset" 625
"../../../../../../boontaweeboonthongrungtawee/Desktop/Crazy Wizard/Content/StarterContent/Textures/T_Ground_Moss_N.uasset" 626
"../../../../../../boontaweeboonthongrungtawee/Desktop/Crazy Wizard/Content/StarterContent/Materials/M_Ground_Moss.uasset" 627
"../../../../../../boontaweeboonthongrungtawee/Desktop/Crazy Wizard/Content/StarterContent/Textures/T_Rock_Basalt_N.uasset" 628
"../../../../../../boontaweeboonthongrungtawee/Desktop/Crazy Wizard/Content/StarterContent/Materials/M_Rock_Basalt.uasset" 629
"../../../../../../boontaweeboonthongrungtawee/Desktop/Crazy Wizard/Content/Blueprints/LevelAssets/BGM/BG_3_01.uasset" 630
"../../../../../../boontaweeboonthongrungtawee/Desktop/Crazy Wizard/Content/Blueprints/LevelAssets/Key/Key_3.uasset" 631
"../../../../../../boontaweeboonthongrungtawee/Desktop/Crazy Wizard/Content/Blueprints/LevelAssets/Jump_level_HARD.umap" 632
"../../../../../../boontaweeboonthongrungtawee/Desktop/Crazy Wizard/Content/Blueprints/LevelAssets/Jump_level_easy_BuiltData.uasset" 633
"../../../../../../boontaweeboonthongrungtawee/Desktop/Crazy Wizard/Content/StarterContent/Textures/T_Wood_Floor_Walnut_D.uasset" 634
"../../../../../../boontaweeboonthongrungtawee/Desktop/Crazy Wizard/Content/StarterContent/Textures/T_Wood_Floor_Walnut_M.uasset" 635
"../../../../../../boontaweeboonthongrungtawee/Desktop/Crazy Wizard/Content/StarterContent/Textures/T_Wood_Floor_Walnut_N.uasset" 636
"../../../../../../boontaweeboonthongrungtawee/Desktop/Crazy Wizard/Content/StarterContent/Materials/M_Wood_Floor_Walnut_Polished.uasset" 637
"../../../../../../boontaweeboonthongrungtawee/Desktop/Crazy Wizard/Content/Blueprints/LevelAssets/BGM/BG_1_01.uasset" 638
"../../../../../../boontaweeboonthongrungtawee/Desktop/Crazy Wizard/Content/Blueprints/LevelAssets/Key/Key_2.uasset" 639
"../../../../../../boontaweeboonthongrungtawee/Desktop/Crazy Wizard/Content/Blueprints/LevelAssets/Jump_level_easy.umap" 640
"../../../../../../boontaweeboonthongrungtawee/Desktop/Crazy Wizard/Content/Blueprints/LevelAssets/Jump_level_normal_BuiltData.uasset" 641
"../../../../../../boontaweeboonthongrungtawee/Desktop/Crazy Wizard/Content/Blueprints/LevelAssets/BGM/BG_2_01.uasset" 642
"../../../../../../boontaweeboonthongrungtawee/Desktop/Crazy Wizard/Content/Blueprints/LevelAssets/Key/Key_4.uasset" 643
"../../../../../../boontaweeboonthongrungtawee/Desktop/Crazy Wizard/Content/Blueprints/LevelAssets/Jump_level_normal.umap" 644
"../../../../../../boontaweeboonthongrungtawee/Desktop/Crazy Wizard/Content/Blueprints/LevelAssets/Jump_super_easy_BuiltData.uasset" 645
"../../../../../../boontaweeboonthongrungtawee/Desktop/Crazy Wizard/Content/M_New_Stage_T_2_pPlane2_M_Tech_Hex_Tile_Pulse_44663C464178810D29AC829F2033ACDC.uasset" 646
"../../../../../../boontaweeboonthongrungtawee/Desktop/Crazy Wizard/Content/Blueprints/LevelAssets/Jump_super_easy.umap" 647
"../../../../../../boontaweeboonthongrungtawee/Desktop/Crazy Wizard/Content/Blueprints/LevelAssets/Tutorial_Level_BuiltData.uasset" 648
"../../../../../../boontaweeboonthongrungtawee/Desktop/Crazy Wizard/Content/Blueprints/LevelAssets/Tutorial_Level.umap" 649
"../../../../../../boontaweeboonthongrungtawee/Desktop/Crazy Wizard/Content/StarterContent/Blueprints/Assets/FogBrightnessLUT.uasset" 650
"../../../../../../boontaweeboonthongrungtawee/Desktop/Crazy Wizard/Content/StarterContent/Blueprints/Assets/SunlightColorLUT.uasset" 651
"../../../../../../boontaweeboonthongrungtawee/Desktop/Crazy Wizard/Content/StarterContent/Blueprints/Assets/M_LightStage_Arrows.uasset" 652
"../../../../../../boontaweeboonthongrungtawee/Desktop/Crazy Wizard/Content/StarterContent/Blueprints/Assets/M_LightStage_Skybox_HDRI.uasset" 653
"../../../Engine/Content/EditorMaterials/Thumbnails/SkySphereMaterial.uasset" 654
"../../../../../../boontaweeboonthongrungtawee/Desktop/Crazy Wizard/Content/StarterContent/Blueprints/Assets/Skybox.uasset" 655
"../../../../../../boontaweeboonthongrungtawee/Desktop/Crazy Wizard/Content/StarterContent/Blueprints/Assets/SM_Arrows.uasset" 656
"../../../../../../boontaweeboonthongrungtawee/Desktop/Crazy Wizard/Content/StarterContent/HDRI/HDRI_Epic_Courtyard_Daylight.uasset" 657
"../../../../../../boontaweeboonthongrungtawee/Desktop/Crazy Wizard/Content/StarterContent/Blueprints/BP_LightStudio.uasset" 658
"../../../../../../boontaweeboonthongrungtawee/Desktop/Crazy Wizard/Content/StarterContent/Maps/Advanced_Lighting_BuiltData.uasset" 659
"../../../../../../boontaweeboonthongrungtawee/Desktop/Crazy Wizard/Content/StarterContent/Materials/M_AssetPlatform.uasset" 660
"../../../Engine/Content/EditorMeshes/ColorCalibrator/M_ChromeBall.uasset" 661
"../../../Engine/Content/EditorMeshes/ColorCalibrator/M_ClearCoat.uasset" 662
"../../../Engine/Content/EditorMeshes/ColorCalibrator/M_ClearCoatBlack.uasset" 663
"../../../Engine/Content/EditorMeshes/ColorCalibrator/Color_checker.uasset" 664
"../../../Engine/Content/EditorMeshes/ColorCalibrator/M_ColorGrid.uasset" 665
"../../../Engine/Content/EditorMeshes/ColorCalibrator/M_GreyBall.uasset" 666
"../../../Engine/Content/EditorMeshes/ColorCalibrator/SM_ColorCalibrator.uasset" 667
"../../../../../../boontaweeboonthongrungtawee/Desktop/Crazy Wizard/Content/StarterContent/Architecture/SM_AssetPlatform.uasset" 668
"../../../../../../boontaweeboonthongrungtawee/Desktop/Crazy Wizard/Content/StarterContent/Maps/Advanced_Lighting.umap" 669
"../../../../../../boontaweeboonthongrungtawee/Desktop/Crazy Wizard/Content/StarterContent/Audio/Fire01_Cue.uasset" 670
"../../../../../../boontaweeboonthongrungtawee/Desktop/Crazy Wizard/Content/StarterContent/Textures/T_Fire_SubUV.uasset" 671
"../../../../../../boontaweeboonthongrungtawee/Desktop/Crazy Wizard/Content/StarterContent/Textures/T_Fire_Tiled_D.uasset" 672
"../../../../../../boontaweeboonthongrungtawee/Desktop/Crazy Wizard/Content/StarterContent/Particles/Materials/M_Fire_SubUV.uasset" 673
"../../../../../../boontaweeboonthongrungtawee/Desktop/Crazy Wizard/Content/StarterContent/Particles/Materials/M_Heat_Distortion.uasset" 674
"../../../../../../boontaweeboonthongrungtawee/Desktop/Crazy Wizard/Content/StarterContent/Particles/Materials/M_Radial_Gradient.uasset" 675
"../../../../../../boontaweeboonthongrungtawee/Desktop/Crazy Wizard/Content/StarterContent/Particles/P_Fire.uasset" 676
"../../../../../../boontaweeboonthongrungtawee/Desktop/Crazy Wizard/Content/StarterContent/Blueprints/Blueprint_Effect_Fire.uasset" 677
"../../../../../../boontaweeboonthongrungtawee/Desktop/Crazy Wizard/Content/StarterContent/Audio/Smoke01_Cue.uasset" 678
"../../../../../../boontaweeboonthongrungtawee/Desktop/Crazy Wizard/Content/StarterContent/Particles/P_Smoke.uasset" 679
"../../../../../../boontaweeboonthongrungtawee/Desktop/Crazy Wizard/Content/StarterContent/Blueprints/Blueprint_Effect_Smoke.uasset" 680
"../../../../../../boontaweeboonthongrungtawee/Desktop/Crazy Wizard/Content/StarterContent/Audio/Fire_Sparks01_Cue.uasset" 681
"../../../../../../boontaweeboonthongrungtawee/Desktop/Crazy Wizard/Content/StarterContent/Textures/T_Spark_Core.uasset" 682
"../../../../../../boontaweeboonthongrungtawee/Desktop/Crazy Wizard/Content/StarterContent/Particles/Materials/M_Spark.uasset" 683
"../../../../../../boontaweeboonthongrungtawee/Desktop/Crazy Wizard/Content/StarterContent/Particles/P_Sparks.uasset" 684
"../../../../../../boontaweeboonthongrungtawee/Desktop/Crazy Wizard/Content/StarterContent/Blueprints/Blueprint_Effect_Sparks.uasset" 685
"../../../../../../boontaweeboonthongrungtawee/Desktop/Crazy Wizard/Content/StarterContent/Audio/Steam01_Cue.uasset" 686
"../../../../../../boontaweeboonthongrungtawee/Desktop/Crazy Wizard/Content/StarterContent/Particles/P_Steam_Lit.uasset" 687
"../../../../../../boontaweeboonthongrungtawee/Desktop/Crazy Wizard/Content/StarterContent/Blueprints/Blueprint_Effect_Steam.uasset" 688
"../../../../../../boontaweeboonthongrungtawee/Desktop/Crazy Wizard/Content/StarterContent/Textures/T_Lamp_M.uasset" 689
"../../../../../../boontaweeboonthongrungtawee/Desktop/Crazy Wizard/Content/StarterContent/Textures/T_Lamp_N.uasset" 690
"../../../../../../boontaweeboonthongrungtawee/Desktop/Crazy Wizard/Content/StarterContent/Props/Materials/M_Lamp.uasset" 691
"../../../../../../boontaweeboonthongrungtawee/Desktop/Crazy Wizard/Content/StarterContent/Props/SM_Lamp_Ceiling.uasset" 692
"../../../../../../boontaweeboonthongrungtawee/Desktop/Crazy Wizard/Content/StarterContent/Blueprints/Blueprint_CeilingLight.uasset" 693
"../../../../../../boontaweeboonthongrungtawee/Desktop/Crazy Wizard/Content/StarterContent/Props/SM_Lamp_Wall.uasset" 694
"../../../../../../boontaweeboonthongrungtawee/Desktop/Crazy Wizard/Content/StarterContent/Blueprints/Blueprint_WallSconce.uasset" 695
"../../../../../../boontaweeboonthongrungtawee/Desktop/Crazy Wizard/Content/StarterContent/Maps/StarterMap_BuiltData.uasset" 696
"../../../Engine/Content/Functions/Engine_MaterialFunctions03/Procedurals/ComputeFilterWidth.uasset" 697
"../../../Engine/Content/EngineMaterials/AntiAliasedTextMaterialTranslucent.uasset" 698
"../../../../../../boontaweeboonthongrungtawee/Desktop/Crazy Wizard/Content/StarterContent/Textures/T_Brick_Clay_Beveled_D.uasset" 699
"../../../../../../boontaweeboonthongrungtawee/Desktop/Crazy Wizard/Content/StarterContent/Textures/T_Brick_Clay_Beveled_M.uasset" 700
"../../../../../../boontaweeboonthongrungtawee/Desktop/Crazy Wizard/Content/StarterContent/Textures/T_Brick_Clay_Beveled_N.uasset" 701
"../../../../../../boontaweeboonthongrungtawee/Desktop/Crazy Wizard/Content/StarterContent/Materials/M_Brick_Clay_Beveled.uasset" 702
"../../../../../../boontaweeboonthongrungtawee/Desktop/Crazy Wizard/Content/StarterContent/Textures/T_Brick_Clay_New_D.uasset" 703
"../../../../../../boontaweeboonthongrungtawee/Desktop/Crazy Wizard/Content/StarterContent/Textures/T_Brick_Clay_New_M.uasset" 704
"../../../../../../boontaweeboonthongrungtawee/Desktop/Crazy Wizard/Content/StarterContent/Textures/T_Brick_Clay_New_N.uasset" 705
"../../../../../../boontaweeboonthongrungtawee/Desktop/Crazy Wizard/Content/StarterContent/Materials/M_Brick_Clay_New.uasset" 706
"../../../../../../boontaweeboonthongrungtawee/Desktop/Crazy Wizard/Content/StarterContent/Textures/T_Brick_Cut_Stone_D.uasset" 707
"../../../../../../boontaweeboonthongrungtawee/Desktop/Crazy Wizard/Content/StarterContent/Textures/T_Brick_Cut_Stone_N.uasset" 708
"../../../../../../boontaweeboonthongrungtawee/Desktop/Crazy Wizard/Content/StarterContent/Materials/M_Brick_Cut_Stone.uasset" 709
"../../../../../../boontaweeboonthongrungtawee/Desktop/Crazy Wizard/Content/StarterContent/Textures/T_Brick_Hewn_Stone_D.uasset" 710
"../../../../../../boontaweeboonthongrungtawee/Desktop/Crazy Wizard/Content/StarterContent/Textures/T_Brick_Hewn_Stone_M.uasset" 711
"../../../../../../boontaweeboonthongrungtawee/Desktop/Crazy Wizard/Content/StarterContent/Textures/T_Brick_Hewn_Stone_N.uasset" 712
"../../../../../../boontaweeboonthongrungtawee/Desktop/Crazy Wizard/Content/StarterContent/Materials/M_Brick_Hewn_Stone.uasset" 713
"../../../../../../boontaweeboonthongrungtawee/Desktop/Crazy Wizard/Content/StarterContent/Textures/T_Ceramic_Tile_M.uasset" 714
"../../../../../../boontaweeboonthongrungtawee/Desktop/Crazy Wizard/Content/StarterContent/Textures/T_Ceramic_Tile_N.uasset" 715
"../../../../../../boontaweeboonthongrungtawee/Desktop/Crazy Wizard/Content/StarterContent/Textures/T_Rock_Marble_Polished_D.uasset" 716
"../../../../../../boontaweeboonthongrungtawee/Desktop/Crazy Wizard/Content/StarterContent/Materials/M_Ceramic_Tile_Checker.uasset" 717
"../../../../../../boontaweeboonthongrungtawee/Desktop/Crazy Wizard/Content/StarterContent/Textures/T_Concrete_Grime_D.uasset" 718
"../../../../../../boontaweeboonthongrungtawee/Desktop/Crazy Wizard/Content/StarterContent/Materials/M_Concrete_Grime.uasset" 719
"../../../../../../boontaweeboonthongrungtawee/Desktop/Crazy Wizard/Content/StarterContent/Textures/T_Concrete_Panels_D.uasset" 720
"../../../../../../boontaweeboonthongrungtawee/Desktop/Crazy Wizard/Content/StarterContent/Textures/T_Concrete_Panels_N.uasset" 721
"../../../../../../boontaweeboonthongrungtawee/Desktop/Crazy Wizard/Content/StarterContent/Materials/M_Concrete_Panels.uasset" 722
"../../../../../../boontaweeboonthongrungtawee/Desktop/Crazy Wizard/Content/StarterContent/Textures/T_Ground_Gravel_D.uasset" 723
"../../../../../../boontaweeboonthongrungtawee/Desktop/Crazy Wizard/Content/StarterContent/Textures/T_Ground_Gravel_N.uasset" 724
"../../../../../../boontaweeboonthongrungtawee/Desktop/Crazy Wizard/Content/StarterContent/Materials/M_Ground_Gravel.uasset" 725
"../../../../../../boontaweeboonthongrungtawee/Desktop/Crazy Wizard/Content/StarterContent/Materials/M_Metal_Brushed_Nickel.uasset" 726
"../../../../../../boontaweeboonthongrungtawee/Desktop/Crazy Wizard/Content/StarterContent/Textures/T_Metal_Aluminum_D.uasset" 727
"../../../../../../boontaweeboonthongrungtawee/Desktop/Crazy Wizard/Content/StarterContent/Materials/M_Metal_Burnished_Steel.uasset" 728
"../../../../../../boontaweeboonthongrungtawee/Desktop/Crazy Wizard/Content/StarterContent/Materials/M_Metal_Chrome.uasset" 729
"../../../../../../boontaweeboonthongrungtawee/Desktop/Crazy Wizard/Content/StarterContent/Textures/T_Metal_Steel_D.uasset" 730
"../../../../../../boontaweeboonthongrungtawee/Desktop/Crazy Wizard/Content/StarterContent/Textures/T_Metal_Steel_N.uasset" 731
"../../../../../../boontaweeboonthongrungtawee/Desktop/Crazy Wizard/Content/StarterContent/Materials/M_Metal_Steel.uasset" 732
"../../../../../../boontaweeboonthongrungtawee/Desktop/Crazy Wizard/Content/StarterContent/Materials/M_Rock_Marble_Polished.uasset" 733
"../../../../../../boontaweeboonthongrungtawee/Desktop/Crazy Wizard/Content/StarterContent/Textures/T_Rock_Sandstone_D.uasset" 734
"../../../../../../boontaweeboonthongrungtawee/Desktop/Crazy Wizard/Content/StarterContent/Textures/T_Rock_Sandstone_N.uasset" 735
"../../../../../../boontaweeboonthongrungtawee/Desktop/Crazy Wizard/Content/StarterContent/Materials/M_Rock_Sandstone.uasset" 736
"../../../../../../boontaweeboonthongrungtawee/Desktop/Crazy Wizard/Content/StarterContent/Textures/T_Rock_Slate_D.uasset" 737
"../../../../../../boontaweeboonthongrungtawee/Desktop/Crazy Wizard/Content/StarterContent/Textures/T_Rock_Slate_N.uasset" 738
"../../../../../../boontaweeboonthongrungtawee/Desktop/Crazy Wizard/Content/StarterContent/Materials/M_Rock_Slate.uasset" 739
"../../../../../../boontaweeboonthongrungtawee/Desktop/Crazy Wizard/Content/StarterContent/Textures/T_Checker_Noise_M.uasset" 740
"../../../../../../boontaweeboonthongrungtawee/Desktop/Crazy Wizard/Content/StarterContent/Textures/T_Single_Tile_N.uasset" 741
"../../../../../../boontaweeboonthongrungtawee/Desktop/Crazy Wizard/Content/StarterContent/Textures/T_Tech_Dot_M.uasset" 742
"../../../../../../boontaweeboonthongrungtawee/Desktop/Crazy Wizard/Content/StarterContent/Textures/T_Tech_Dot_N.uasset" 743
"../../../../../../boontaweeboonthongrungtawee/Desktop/Crazy Wizard/Content/StarterContent/Materials/M_Tech_Checker_Dot.uasset" 744
"../../../../../../boontaweeboonthongrungtawee/Desktop/Crazy Wizard/Content/StarterContent/Textures/T_Tech_Panel_M.uasset" 745
"../../../../../../boontaweeboonthongrungtawee/Desktop/Crazy Wizard/Content/StarterContent/Textures/T_Tech_Panel_N.uasset" 746
"../../../../../../boontaweeboonthongrungtawee/Desktop/Crazy Wizard/Content/StarterContent/Materials/M_Tech_Panel.uasset" 747
"../../../../../../boontaweeboonthongrungtawee/Desktop/Crazy Wizard/Content/StarterContent/Materials/M_Water_Lake.uasset" 748
"../../../Engine/Content/Functions/Engine_MaterialFunctions01/Opacity/AlphaOffset.uasset" 749
"../../../../../../boontaweeboonthongrungtawee/Desktop/Crazy Wizard/Content/StarterContent/Materials/M_Wood_Floor_Walnut_Worn.uasset" 750
"../../../../../../boontaweeboonthongrungtawee/Desktop/Crazy Wizard/Content/StarterContent/Textures/T_Wood_Pine_D.uasset" 751
"../../../../../../boontaweeboonthongrungtawee/Desktop/Crazy Wizard/Content/StarterContent/Textures/T_Wood_Pine_N.uasset" 752
"../../../../../../boontaweeboonthongrungtawee/Desktop/Crazy Wizard/Content/StarterContent/Materials/M_Wood_Pine.uasset" 753
"../../../../../../boontaweeboonthongrungtawee/Desktop/Crazy Wizard/Content/StarterContent/Textures/T_Wood_Walnut_D.uasset" 754
"../../../../../../boontaweeboonthongrungtawee/Desktop/Crazy Wizard/Content/StarterContent/Textures/T_Wood_Walnut_N.uasset" 755
"../../../../../../boontaweeboonthongrungtawee/Desktop/Crazy Wizard/Content/StarterContent/Materials/M_Wood_Walnut.uasset" 756
"../../../../../../boontaweeboonthongrungtawee/Desktop/Crazy Wizard/Content/StarterContent/Architecture/Floor_400x400.uasset" 757
"../../../../../../boontaweeboonthongrungtawee/Desktop/Crazy Wizard/Content/StarterContent/Architecture/Wall_400x200.uasset" 758
"../../../../../../boontaweeboonthongrungtawee/Desktop/Crazy Wizard/Content/StarterContent/Architecture/Wall_Door_400x300.uasset" 759
"../../../../../../boontaweeboonthongrungtawee/Desktop/Crazy Wizard/Content/StarterContent/Architecture/Wall_Window_400x300.uasset" 760
"../../../../../../boontaweeboonthongrungtawee/Desktop/Crazy Wizard/Content/StarterContent/Audio/Collapse_Cue.uasset" 761
"../../../../../../boontaweeboonthongrungtawee/Desktop/Crazy Wizard/Content/StarterContent/Audio/Starter_Background_Cue.uasset" 762
"../../../../../../boontaweeboonthongrungtawee/Desktop/Crazy Wizard/Content/StarterContent/Audio/Starter_Music_Cue.uasset" 763
"../../../../../../boontaweeboonthongrungtawee/Desktop/Crazy Wizard/Content/StarterContent/Textures/T_Dust_Particle_D.uasset" 764
"../../../../../../boontaweeboonthongrungtawee/Desktop/Crazy Wizard/Content/StarterContent/Particles/Materials/M_Dust_Particle.uasset" 765
"../../../../../../boontaweeboonthongrungtawee/Desktop/Crazy Wizard/Content/StarterContent/Particles/P_Ambient_Dust.uasset" 766
"../../../../../../boontaweeboonthongrungtawee/Desktop/Crazy Wizard/Content/StarterContent/Props/MaterialSphere.uasset" 767
"../../../../../../boontaweeboonthongrungtawee/Desktop/Crazy Wizard/Content/StarterContent/Props/SM_Chair.uasset" 768
"../../../../../../boontaweeboonthongrungtawee/Desktop/Crazy Wizard/Content/StarterContent/Textures/T_Frame_M.uasset" 769
"../../../../../../boontaweeboonthongrungtawee/Desktop/Crazy Wizard/Content/StarterContent/Textures/T_Frame_N.uasset" 770
"../../../../../../boontaweeboonthongrungtawee/Desktop/Crazy Wizard/Content/StarterContent/Props/Materials/M_Frame.uasset" 771
"../../../../../../boontaweeboonthongrungtawee/Desktop/Crazy Wizard/Content/StarterContent/Props/SM_CornerFrame.uasset" 772
"../../../../../../boontaweeboonthongrungtawee/Desktop/Crazy Wizard/Content/StarterContent/Props/SM_DoorFrame.uasset" 773
"../../../../../../boontaweeboonthongrungtawee/Desktop/Crazy Wizard/Content/StarterContent/Props/SM_GlassWindow.uasset" 774
"../../../../../../boontaweeboonthongrungtawee/Desktop/Crazy Wizard/Content/StarterContent/Props/SM_PillarFrame.uasset" 775
"../../../../../../boontaweeboonthongrungtawee/Desktop/Crazy Wizard/Content/StarterContent/Props/SM_PillarFrame300.uasset" 776
"../../../../../../boontaweeboonthongrungtawee/Desktop/Crazy Wizard/Content/StarterContent/Textures/T_Statue_M.uasset" 777
"../../../../../../boontaweeboonthongrungtawee/Desktop/Crazy Wizard/Content/StarterContent/Textures/T_Statue_N.uasset" 778
"../../../../../../boontaweeboonthongrungtawee/Desktop/Crazy Wizard/Content/StarterContent/Props/Materials/M_Statue.uasset" 779
"../../../../../../boontaweeboonthongrungtawee/Desktop/Crazy Wizard/Content/StarterContent/Props/Materials/M_StatueGlass.uasset" 780
"../../../../../../boontaweeboonthongrungtawee/Desktop/Crazy Wizard/Content/StarterContent/Props/SM_Statue.uasset" 781
"../../../../../../boontaweeboonthongrungtawee/Desktop/Crazy Wizard/Content/StarterContent/Textures/T_TableRound_M.uasset" 782
"../../../../../../boontaweeboonthongrungtawee/Desktop/Crazy Wizard/Content/StarterContent/Textures/T_TableRound_N.uasset" 783
"../../../../../../boontaweeboonthongrungtawee/Desktop/Crazy Wizard/Content/StarterContent/Props/Materials/M_TableRound.uasset" 784
"../../../../../../boontaweeboonthongrungtawee/Desktop/Crazy Wizard/Content/StarterContent/Props/SM_TableRound.uasset" 785
"../../../../../../boontaweeboonthongrungtawee/Desktop/Crazy Wizard/Content/StarterContent/Props/SM_WindowFrame.uasset" 786
"../../../../../../boontaweeboonthongrungtawee/Desktop/Crazy Wizard/Content/StarterContent/Shapes/Shape_QuadPyramid.uasset" 787
"../../../../../../boontaweeboonthongrungtawee/Desktop/Crazy Wizard/Content/StarterContent/Shapes/Shape_Sphere.uasset" 788
"../../../../../../boontaweeboonthongrungtawee/Desktop/Crazy Wizard/Content/StarterContent/Maps/StarterMap.umap" 789
"../../../../../../boontaweeboonthongrungtawee/Desktop/Crazy Wizard/Content/StarterContent/Maps/Minimal_Default_BuiltData.uasset" 790
"../../../../../../boontaweeboonthongrungtawee/Desktop/Crazy Wizard/Content/StarterContent/Maps/Minimal_Default.umap" 791
"../../../../../../boontaweeboonthongrungtawee/Desktop/Crazy Wizard/Content/RollingBP/MainMenu_BuiltData.uasset" 792
"../../../../../../boontaweeboonthongrungtawee/Desktop/Crazy Wizard/Content/RollingBP/MainMenu.umap" 793
"../../../../../../boontaweeboonthongrungtawee/Desktop/Crazy Wizard/Content/RollingBP/Blueprints/RollingGameMode.uasset" 794
"../../../../../../boontaweeboonthongrungtawee/Desktop/Crazy Wizard/Content/RollingBP/Maps/RollingBPExampleMap_BuiltData.uasset" 795
"../../../../../../boontaweeboonthongrungtawee/Desktop/Crazy Wizard/Content/Rolling/Materials/GrayMaterial.uasset" 796
"../../../../../../boontaweeboonthongrungtawee/Desktop/Crazy Wizard/Content/Rolling/Materials/OrangeMetalMaterial.uasset" 797
"../../../../../../boontaweeboonthongrungtawee/Desktop/Crazy Wizard/Content/RollingBP/Maps/RollingBPExampleMap.umap" 798
"../../../Engine/Content/Maps/Entry_BuiltData.uasset" 799
"../../../Engine/Content/Maps/Entry.umap" 800
