"../../../../../../Users/twott/Desktop/Crazy-Wizard/Content/lambert1.uasset" 0
"../../../../../../Users/twott/Desktop/Crazy-Wizard/Content/Floor_1_pCube1.uasset" 1
"../../../../../../Users/twott/Desktop/Crazy-Wizard/Content/Floor_2.uasset" 2
"../../../../../../Users/twott/Desktop/Crazy-Wizard/Content/Floor_3_pCube6.uasset" 3
"../../../Engine/Content/EngineMaterials/BaseFlattenDiffuseMap.uasset" 4
"../../../Engine/Content/EngineMaterials/BaseFlattenEmissiveMap.uasset" 5
"../../../Engine/Content/EngineMaterials/BaseFlattenGrayscaleMap.uasset" 6
"../../../Engine/Content/EngineMaterials/BaseFlattenNormalMap.uasset" 7
"../../../Engine/Content/EngineMaterials/NewBaseFlattenMaterial.uasset" 8
"../../../../../../Users/twott/Desktop/Crazy-Wizard/Content/M_New_Stage_T_2_pPlane2_M_Tech_Hex_Tile_Pulse_44663C464178810D29AC829F2033ACDC.uasset" 9
"../../../../../../Users/twott/Desktop/Crazy-Wizard/Content/M_New_Stage_T_pPlane2_lambert1_8578E6C940343E7AFA5ECF8676BEDD03.uasset" 10
"../../../../../../Users/twott/Desktop/Crazy-Wizard/Content/M_New_Stage_T_2_pPlane2_lambert1_25C014134CEC0CE6C4DB73B6DC4D9F3B.uasset" 11
"../../../../../../Users/twott/Desktop/Crazy-Wizard/Content/New_Stage_T_2_pPlane2.uasset" 12
"../../../../../../Users/twott/Desktop/Crazy-Wizard/Content/StarterContent/Textures/T_MacroVariation.uasset" 13
"../../../../../../Users/twott/Desktop/Crazy-Wizard/Content/StarterContent/Textures/T_Metal_Gold_D.uasset" 14
"../../../../../../Users/twott/Desktop/Crazy-Wizard/Content/StarterContent/Textures/T_Metal_Gold_N.uasset" 15
"../../../../../../Users/twott/Desktop/Crazy-Wizard/Content/StarterContent/Materials/M_Metal_Gold.uasset" 16
"../../../../../../Users/twott/Desktop/Crazy-Wizard/Content/Blueprints/Character/BallMesh.uasset" 17
"../../../../../../Users/twott/Desktop/Crazy-Wizard/Content/PhysicsBallBP.uasset" 18
"../../../../../../Users/twott/Desktop/Crazy-Wizard/Content/Blueprints/Widget/GameOverwithRestart.uasset" 19
"../../../../../../Users/twott/Desktop/Crazy-Wizard/Content/Blueprints/GameOverwithRestart.uasset" 20
"../../../../../../Users/twott/Desktop/Crazy-Wizard/Content/Blueprints/Widget/HUD.uasset" 21
"../../../../../../Users/twott/Desktop/Crazy-Wizard/Content/Blueprints/HUD.uasset" 22
"../../../../../../Users/twott/Desktop/Crazy-Wizard/Content/Blueprints/Skill_detail.uasset" 23
"../../../../../../Users/twott/Desktop/Crazy-Wizard/Content/Blueprints/lambert1.uasset" 24
"../../../../../../Users/twott/Desktop/Crazy-Wizard/Content/Blueprints/NexS.uasset" 25
"../../../../../../Users/twott/Desktop/Crazy-Wizard/Content/Blueprints/Next.uasset" 26
"../../../../../../Users/twott/Desktop/Crazy-Wizard/Content/Blueprints/Widget/WinTrollLevel.uasset" 27
"../../../../../../Users/twott/Desktop/Crazy-Wizard/Content/Blueprints/WinTrollLevel.uasset" 28
"../../../../../../Users/twott/Desktop/Crazy-Wizard/Content/Blueprints/LevelAssets/RampMaterial.uasset" 29
"../../../../../../Users/twott/Desktop/Crazy-Wizard/Content/Blueprints/LevelAssets/Bump_StaticMesh.uasset" 30
"../../../../../../Users/twott/Desktop/Crazy-Wizard/Content/Blueprints/LevelAssets/lambert1.uasset" 31
"../../../../../../Users/twott/Desktop/Crazy-Wizard/Content/Blueprints/LevelAssets/Door.uasset" 32
"../../../../../../Users/twott/Desktop/Crazy-Wizard/Content/Blueprints/LevelAssets/lambert4.uasset" 33
"../../../../../../Users/twott/Desktop/Crazy-Wizard/Content/Blueprints/LevelAssets/Door_Window.uasset" 34
"../../../../../../Users/twott/Desktop/Crazy-Wizard/Content/Blueprints/Items/lambert1.uasset" 35
"../../../../../../Users/twott/Desktop/Crazy-Wizard/Content/Blueprints/LevelAssets/Floor_1_pCube1.uasset" 36
"../../../../../../Users/twott/Desktop/Crazy-Wizard/Content/Blueprints/LevelAssets/Floor_2.uasset" 37
"../../../../../../Users/twott/Desktop/Crazy-Wizard/Content/Blueprints/LevelAssets/Floor_3_pCube6.uasset" 38
"../../../../../../Users/twott/Desktop/Crazy-Wizard/Content/Blueprints/LevelAssets/LeftArm_StaticMesh.uasset" 39
"../../../../../../Users/twott/Desktop/Crazy-Wizard/Content/Blueprints/LevelAssets/Linear_Stair_StaticMesh.uasset" 40
"../../../../../../Users/twott/Desktop/Crazy-Wizard/Content/Blueprints/LevelAssets/T_M_New_Stage_T_2_pPlane2_M_Tech_Hex_Tile_Pulse_44663C464178810D29AC829F2033ACDC_BaseColor.uasset" 41
"../../../../../../Users/twott/Desktop/Crazy-Wizard/Content/Blueprints/LevelAssets/M_M_New_Stage_T_2_pPlane2_M_Tech_Hex_Tile_Pulse_44663C464178810D29AC829F2033ACDC.uasset" 42
"../../../../../../Users/twott/Desktop/Crazy-Wizard/Content/Blueprints/LevelAssets/T_M_New_Stage_T_pPlane2_lambert1_8578E6C940343E7AFA5ECF8676BEDD03_BaseColor.uasset" 43
"../../../../../../Users/twott/Desktop/Crazy-Wizard/Content/Blueprints/LevelAssets/M_M_New_Stage_T_pPlane2_lambert1_8578E6C940343E7AFA5ECF8676BEDD03.uasset" 44
"../../../../../../Users/twott/Desktop/Crazy-Wizard/Content/Blueprints/LevelAssets/Ramp_StaticMesh.uasset" 45
"../../../../../../Users/twott/Desktop/Crazy-Wizard/Content/Blueprints/LevelAssets/RightArm_StaticMesh.uasset" 46
"../../../../../../Users/twott/Desktop/Crazy-Wizard/Content/Blueprints/LevelAssets/phong1.uasset" 47
"../../../../../../Users/twott/Desktop/Crazy-Wizard/Content/Blueprints/LevelAssets/Wall.uasset" 48
"../../../Engine/Content/EditorBlueprintResources/StandardMacros.uasset" 49
"../../../Engine/Content/BasicShapes/BasicShapeMaterial.uasset" 50
"../../../../../../Users/twott/Desktop/Crazy-Wizard/Content/Rolling/Materials/BaseMaterial.uasset" 51
"../../../../../../Users/twott/Desktop/Crazy-Wizard/Content/RollingBP/EditMaterial/DoorMaterial.uasset" 52
"../../../Engine/Content/Functions/Engine_MaterialFunctions01/Opacity/CameraDepthFade.uasset" 53
"../../../Engine/Content/EngineMaterials/T_Default_Material_Grid_M.uasset" 54
"../../../Engine/Content/EngineMaterials/T_Default_Material_Grid_N.uasset" 55
"../../../Engine/Content/EngineMaterials/WorldGridMaterial.uasset" 56
"../../../Engine/Content/BasicShapes/Cube.uasset" 57
"../../../../../../Users/twott/Desktop/Crazy-Wizard/Content/Sounds/Door_open.uasset" 58
"../../../../../../Users/twott/Desktop/Crazy-Wizard/Content/RollingBP/Blueprints/MovingDoor.uasset" 59
"../../../../../../Users/twott/Desktop/Crazy-Wizard/Content/RollingBP/EditMaterial/DoorMaterial_R.uasset" 60
"../../../../../../Users/twott/Desktop/Crazy-Wizard/Content/RollingBP/Blueprints/Platform_BP.uasset" 61
"../../../../../../Users/twott/Desktop/Crazy-Wizard/Content/RollingBP/Blueprints/Box_BP.uasset" 62
"../../../../../../Users/twott/Desktop/Crazy-Wizard/Content/RollingBP/Blueprints/SaveGame_BP.uasset" 63
"../../../../../../Users/twott/Desktop/Crazy-Wizard/Content/RollingBP/Blueprints/UI_BP.uasset" 64
"../../../../../../Users/twott/Desktop/Crazy-Wizard/Content/StarterContent/Materials/M_Glass.uasset" 65
"../../../../../../Users/twott/Desktop/Crazy-Wizard/Content/RollingBP/EditMaterial/DoorMaterial_B.uasset" 66
"../../../../../../Users/twott/Desktop/Crazy-Wizard/Content/RollingBP/EditMaterial/DoorMaterial_G.uasset" 67
"../../../../../../Users/twott/Desktop/Crazy-Wizard/Content/RollingBP/EditMaterial/DoorMaterial_Y.uasset" 68
"../../../../../../Users/twott/Desktop/Crazy-Wizard/Content/UI/Element_Skill_Earth.uasset" 69
"../../../../../../Users/twott/Desktop/Crazy-Wizard/Content/UI/Element_Skill_Fire.uasset" 70
"../../../../../../Users/twott/Desktop/Crazy-Wizard/Content/UI/Element_Skill_Water.uasset" 71
"../../../../../../Users/twott/Desktop/Crazy-Wizard/Content/UI/Element_Skill_Wind.uasset" 72
"../../../../../../Users/twott/Desktop/Crazy-Wizard/Content/UI/Normal_Box_Text.uasset" 73
"../../../../../../Users/twott/Desktop/Crazy-Wizard/Content/Blueprints/UI_Oct19.uasset" 74
"../../../../../../Users/twott/Desktop/Crazy-Wizard/Content/Blueprints/Widget/UI.uasset" 75
"../../../../../../Users/twott/Desktop/Crazy-Wizard/Content/Blueprints/Tutorial.uasset" 76
"../../../../../../Users/twott/Desktop/Crazy-Wizard/Content/Blueprints/lambert2.uasset" 77
"../../../../../../Users/twott/Desktop/Crazy-Wizard/Content/Blueprints/lambert3.uasset" 78
"../../../../../../Users/twott/Desktop/Crazy-Wizard/Content/Blueprints/lambert4.uasset" 79
"../../../../../../Users/twott/Desktop/Crazy-Wizard/Content/Blueprints/lambert5.uasset" 80
"../../../../../../Users/twott/Desktop/Crazy-Wizard/Content/Blueprints/lambert6.uasset" 81
"../../../../../../Users/twott/Desktop/Crazy-Wizard/Content/Blueprints/wizard1.uasset" 82
"../../../Engine/Content/EngineMaterials/Grid.uasset" 83
"../../../../../../Users/twott/Desktop/Crazy-Wizard/Content/Rolling/Materials/PM_Ball.uasset" 84
"../../../../../../Users/twott/Desktop/Crazy-Wizard/Content/Rolling/Materials/M_Blue_Checker.uasset" 85
"../../../../../../Users/twott/Desktop/Crazy-Wizard/Content/Rolling/Meshes/BallMesh.uasset" 86
"../../../../../../Users/twott/Desktop/Crazy-Wizard/Content/RollingBP/Blueprints/EndGamePopUp_BP.uasset" 87
"../../../../../../Users/twott/Desktop/Crazy-Wizard/Content/Sounds/Jump.uasset" 88
"../../../../../../Users/twott/Desktop/Crazy-Wizard/Content/RollingBP/Blueprints/PhysicsBallBP.uasset" 89
"../../../../../../Users/twott/Desktop/Crazy-Wizard/Content/Blueprints/Widget/MP_BP.uasset" 90
"../../../../../../Users/twott/Desktop/Crazy-Wizard/Content/StarterContent/Textures/T_Ground_Grass_D.uasset" 91
"../../../../../../Users/twott/Desktop/Crazy-Wizard/Content/StarterContent/Textures/T_Ground_Grass_N.uasset" 92
"../../../../../../Users/twott/Desktop/Crazy-Wizard/Content/StarterContent/Textures/T_Perlin_Noise_M.uasset" 93
"../../../../../../Users/twott/Desktop/Crazy-Wizard/Content/StarterContent/Materials/M_Ground_Grass.uasset" 94
"../../../../../../Users/twott/Desktop/Crazy-Wizard/Content/StarterContent/Textures/T_Metal_Steel_D.uasset" 95
"../../../../../../Users/twott/Desktop/Crazy-Wizard/Content/StarterContent/Textures/T_Metal_Steel_N.uasset" 96
"../../../../../../Users/twott/Desktop/Crazy-Wizard/Content/StarterContent/Materials/M_Metal_Steel.uasset" 97
"../../../../../../Users/twott/Desktop/Crazy-Wizard/Content/StarterContent/Textures/T_Rock_Marble_Polished_D.uasset" 98
"../../../../../../Users/twott/Desktop/Crazy-Wizard/Content/StarterContent/Materials/M_Rock_Marble_Polished.uasset" 99
"../../../Engine/Content/Functions/Engine_MaterialFunctions02/Utility/BlendAngleCorrectedNormals.uasset" 100
"../../../../../../Users/twott/Desktop/Crazy-Wizard/Content/StarterContent/Textures/T_Water_M.uasset" 101
"../../../../../../Users/twott/Desktop/Crazy-Wizard/Content/StarterContent/Textures/T_Water_N.uasset" 102
"../../../../../../Users/twott/Desktop/Crazy-Wizard/Content/StarterContent/Materials/M_Water_Ocean.uasset" 103
"../../../../../../Users/twott/Desktop/Crazy-Wizard/Content/Extract/PhysicsBallBP.uasset" 104
"../../../../../../Users/twott/Desktop/Crazy-Wizard/Content/Mannequin/Character/Mesh/UE4_Mannequin_Skeleton.uasset" 105
"../../../../../../Users/twott/Desktop/Crazy-Wizard/Content/Mannequin/Animations/ThirdPersonJump_End.uasset" 106
"../../../../../../Users/twott/Desktop/Crazy-Wizard/Content/Mannequin/Animations/ThirdPerson_Jump.uasset" 107
"../../../../../../Users/twott/Desktop/Crazy-Wizard/Content/Mannequin/Animations/ThirdPersonJump_Loop.uasset" 108
"../../../../../../Users/twott/Desktop/Crazy-Wizard/Content/Mannequin/Animations/ThirdPersonJump_Start.uasset" 109
"../../../../../../Users/twott/Desktop/Crazy-Wizard/Content/Mannequin/Animations/ThirdPersonIdle.uasset" 110
"../../../../../../Users/twott/Desktop/Crazy-Wizard/Content/Mannequin/Animations/ThirdPersonRun.uasset" 111
"../../../../../../Users/twott/Desktop/Crazy-Wizard/Content/Mannequin/Animations/ThirdPersonWalk.uasset" 112
"../../../../../../Users/twott/Desktop/Crazy-Wizard/Content/Mannequin/Animations/ThirdPerson_IdleRun_2D.uasset" 113
"../../../../../../Users/twott/Desktop/Crazy-Wizard/Content/Mannequin/Animations/ThirdPerson_AnimBP.uasset" 114
"../../../Engine/Content/Functions/MaterialLayerFunctions/MatLayerBlend_NormalBlend.uasset" 115
"../../../Engine/Content/Functions/MaterialLayerFunctions/MatLayerBlend_Simple.uasset" 116
"../../../../../../Users/twott/Desktop/Crazy-Wizard/Content/Mannequin/Character/Materials/MaterialLayers/T_ML_Rubber_Blue_01_D.uasset" 117
"../../../../../../Users/twott/Desktop/Crazy-Wizard/Content/Mannequin/Character/Materials/MaterialLayers/T_ML_Rubber_Blue_01_N.uasset" 118
"../../../../../../Users/twott/Desktop/Crazy-Wizard/Content/Mannequin/Character/Materials/MaterialLayers/ML_GlossyBlack_Latex_UE4.uasset" 119
"../../../../../../Users/twott/Desktop/Crazy-Wizard/Content/Mannequin/Character/Materials/MaterialLayers/ML_Plastic_Shiny_Beige.uasset" 120
"../../../../../../Users/twott/Desktop/Crazy-Wizard/Content/Mannequin/Character/Textures/UE4_LOGO_CARD.uasset" 121
"../../../../../../Users/twott/Desktop/Crazy-Wizard/Content/Mannequin/Character/Materials/MaterialLayers/ML_Plastic_Shiny_Beige_LOGO.uasset" 122
"../../../../../../Users/twott/Desktop/Crazy-Wizard/Content/Mannequin/Character/Materials/MaterialLayers/T_ML_Aluminum01.uasset" 123
"../../../../../../Users/twott/Desktop/Crazy-Wizard/Content/Mannequin/Character/Materials/MaterialLayers/T_ML_Aluminum01_N.uasset" 124
"../../../../../../Users/twott/Desktop/Crazy-Wizard/Content/Mannequin/Character/Materials/MaterialLayers/ML_SoftMetal_UE4.uasset" 125
"../../../../../../Users/twott/Desktop/Crazy-Wizard/Content/Mannequin/Character/Textures/UE4_Mannequin__normals.uasset" 126
"../../../../../../Users/twott/Desktop/Crazy-Wizard/Content/Mannequin/Character/Textures/UE4_Mannequin_MAT_MASKA.uasset" 127
"../../../../../../Users/twott/Desktop/Crazy-Wizard/Content/Mannequin/Character/Materials/M_UE4Man_Body.uasset" 128
"../../../../../../Users/twott/Desktop/Crazy-Wizard/Content/Mannequin/Character/Textures/UE4Man_Logo_N.uasset" 129
"../../../../../../Users/twott/Desktop/Crazy-Wizard/Content/Mannequin/Character/Materials/M_UE4Man_ChestLogo.uasset" 130
"../../../../../../Users/twott/Desktop/Crazy-Wizard/Content/Mannequin/Character/Mesh/SK_Mannequin_PhysicsAsset.uasset" 131
"../../../../../../Users/twott/Desktop/Crazy-Wizard/Content/Mannequin/Character/Mesh/SK_Mannequin.uasset" 132
"../../../../../../Users/twott/Desktop/Crazy-Wizard/Content/RollingBP/RollingOverview.uasset" 133
"../../../../../../Users/twott/Desktop/Crazy-Wizard/Content/RollingBP/UI_BP.uasset" 134
"../../../../../../Users/twott/Desktop/Crazy-Wizard/Content/UI/Tutorial.uasset" 135
"../../../../../../Users/twott/Desktop/Crazy-Wizard/Content/RollingBP/Blueprints/Instruction.uasset" 136
"../../../../../../Users/twott/Desktop/Crazy-Wizard/Content/RollingBP/EditMaterial/DoorMaterial_Purple.uasset" 137
"../../../../../../Users/twott/Desktop/Crazy-Wizard/Content/Sounds/Ball_Movement.uasset" 138
"../../../../../../Users/twott/Desktop/Crazy-Wizard/Content/Sounds/Ball_Movement__Run_.uasset" 139
"../../../../../../Users/twott/Desktop/Crazy-Wizard/Content/Sounds/Bounce.uasset" 140
"../../../../../../Users/twott/Desktop/Crazy-Wizard/Content/Sounds/Chill_song.uasset" 141
"../../../../../../Users/twott/Desktop/Crazy-Wizard/Content/Sounds/Jump_Cue.uasset" 142
"../../../../../../Users/twott/Desktop/Crazy-Wizard/Content/Sounds/Rolling_Hard.uasset" 143
"../../../../../../Users/twott/Desktop/Crazy-Wizard/Content/Sounds/Rolling.uasset" 144
"../../../../../../Users/twott/Desktop/Crazy-Wizard/Content/StarterContent/Materials/M_Basic_Wall.uasset" 145
"../../../../../../Users/twott/Desktop/Crazy-Wizard/Content/StarterContent/Architecture/Pillar_50x500.uasset" 146
"../../../../../../Users/twott/Desktop/Crazy-Wizard/Content/StarterContent/Architecture/Wall_400x300.uasset" 147
"../../../../../../Users/twott/Desktop/Crazy-Wizard/Content/StarterContent/Architecture/Wall_400x400.uasset" 148
"../../../../../../Users/twott/Desktop/Crazy-Wizard/Content/StarterContent/Architecture/Wall_500x500.uasset" 149
"../../../../../../Users/twott/Desktop/Crazy-Wizard/Content/StarterContent/Architecture/Wall_Door_400x400.uasset" 150
"../../../../../../Users/twott/Desktop/Crazy-Wizard/Content/StarterContent/Architecture/Wall_Window_400x400.uasset" 151
"../../../../../../Users/twott/Desktop/Crazy-Wizard/Content/StarterContent/Audio/Collapse01.uasset" 152
"../../../../../../Users/twott/Desktop/Crazy-Wizard/Content/StarterContent/Audio/Collapse02.uasset" 153
"../../../../../../Users/twott/Desktop/Crazy-Wizard/Content/StarterContent/Audio/Explosion01.uasset" 154
"../../../../../../Users/twott/Desktop/Crazy-Wizard/Content/StarterContent/Audio/Explosion02.uasset" 155
"../../../../../../Users/twott/Desktop/Crazy-Wizard/Content/StarterContent/Audio/Fire01.uasset" 156
"../../../../../../Users/twott/Desktop/Crazy-Wizard/Content/StarterContent/Audio/Fire_Sparks01.uasset" 157
"../../../../../../Users/twott/Desktop/Crazy-Wizard/Content/StarterContent/Audio/Light01.uasset" 158
"../../../../../../Users/twott/Desktop/Crazy-Wizard/Content/StarterContent/Audio/Light01_Cue.uasset" 159
"../../../../../../Users/twott/Desktop/Crazy-Wizard/Content/StarterContent/Audio/Light02.uasset" 160
"../../../../../../Users/twott/Desktop/Crazy-Wizard/Content/StarterContent/Audio/Light02_Cue.uasset" 161
"../../../../../../Users/twott/Desktop/Crazy-Wizard/Content/StarterContent/Audio/Smoke01.uasset" 162
"../../../../../../Users/twott/Desktop/Crazy-Wizard/Content/StarterContent/Audio/Starter_Birds01.uasset" 163
"../../../../../../Users/twott/Desktop/Crazy-Wizard/Content/StarterContent/Audio/Starter_Music01.uasset" 164
"../../../../../../Users/twott/Desktop/Crazy-Wizard/Content/StarterContent/Audio/Starter_Wind05.uasset" 165
"../../../../../../Users/twott/Desktop/Crazy-Wizard/Content/StarterContent/Audio/Starter_Wind06.uasset" 166
"../../../../../../Users/twott/Desktop/Crazy-Wizard/Content/StarterContent/Audio/Steam01.uasset" 167
"../../../../../../Users/twott/Desktop/Crazy-Wizard/Content/StarterContent/Audio/Explosion_Cue.uasset" 168
"../../../../../../Users/twott/Desktop/Crazy-Wizard/Content/StarterContent/Textures/T_Burst_M.uasset" 169
"../../../../../../Users/twott/Desktop/Crazy-Wizard/Content/StarterContent/Particles/Materials/M_Burst.uasset" 170
"../../../../../../Users/twott/Desktop/Crazy-Wizard/Content/StarterContent/Textures/T_Explosion_SubUV.uasset" 171
"../../../../../../Users/twott/Desktop/Crazy-Wizard/Content/StarterContent/Particles/Materials/M_explosion_subUV.uasset" 172
"../../../../../../Users/twott/Desktop/Crazy-Wizard/Content/StarterContent/Particles/Materials/m_flare_01.uasset" 173
"../../../Engine/Content/Functions/Engine_MaterialFunctions01/Gradient/RadialGradient.uasset" 174
"../../../../../../Users/twott/Desktop/Crazy-Wizard/Content/StarterContent/Particles/Materials/M_radial_ramp.uasset" 175
"../../../../../../Users/twott/Desktop/Crazy-Wizard/Content/StarterContent/Textures/T_Smoke_SubUV.uasset" 176
"../../../../../../Users/twott/Desktop/Crazy-Wizard/Content/StarterContent/Textures/T_Smoke_Tiled_D.uasset" 177
"../../../../../../Users/twott/Desktop/Crazy-Wizard/Content/StarterContent/Particles/Materials/M_smoke_subUV.uasset" 178
"../../../../../../Users/twott/Desktop/Crazy-Wizard/Content/StarterContent/Particles/P_Explosion.uasset" 179
"../../../../../../Users/twott/Desktop/Crazy-Wizard/Content/StarterContent/Blueprints/Blueprint_Effect_Explosion.uasset" 180
"../../../Engine/Content/EditorMeshes/ColorCalibrator/T_ColorGrid.uasset" 181
"../../../../../../Users/twott/Desktop/Crazy-Wizard/Content/StarterContent/Materials/M_ColorGrid_LowSpec.uasset" 182
"../../../../../../Users/twott/Desktop/Crazy-Wizard/Content/StarterContent/Textures/T_Bush_D.uasset" 183
"../../../../../../Users/twott/Desktop/Crazy-Wizard/Content/StarterContent/Textures/T_Bush_N.uasset" 184
"../../../../../../Users/twott/Desktop/Crazy-Wizard/Content/StarterContent/Props/Materials/M_Bush.uasset" 185
"../../../../../../Users/twott/Desktop/Crazy-Wizard/Content/StarterContent/Props/SM_Bush.uasset" 186
"../../../../../../Users/twott/Desktop/Crazy-Wizard/Content/StarterContent/Textures/T_Chair_M.uasset" 187
"../../../../../../Users/twott/Desktop/Crazy-Wizard/Content/StarterContent/Textures/T_Chair_N.uasset" 188
"../../../../../../Users/twott/Desktop/Crazy-Wizard/Content/StarterContent/Props/Materials/M_Chair.uasset" 189
"../../../../../../Users/twott/Desktop/Crazy-Wizard/Content/StarterContent/Props/SM_Couch.uasset" 190
"../../../../../../Users/twott/Desktop/Crazy-Wizard/Content/StarterContent/Textures/T_Door_M.uasset" 191
"../../../../../../Users/twott/Desktop/Crazy-Wizard/Content/StarterContent/Textures/T_Door_N.uasset" 192
"../../../../../../Users/twott/Desktop/Crazy-Wizard/Content/StarterContent/Props/Materials/M_Door.uasset" 193
"../../../../../../Users/twott/Desktop/Crazy-Wizard/Content/StarterContent/Props/SM_Door.uasset" 194
"../../../../../../Users/twott/Desktop/Crazy-Wizard/Content/StarterContent/Props/Materials/M_MaterialSphere.uasset" 195
"../../../../../../Users/twott/Desktop/Crazy-Wizard/Content/StarterContent/Props/Materials/M_MaterialSphere_Plain.uasset" 196
"../../../../../../Users/twott/Desktop/Crazy-Wizard/Content/StarterContent/Props/SM_MatPreviewMesh_02.uasset" 197
"../../../../../../Users/twott/Desktop/Crazy-Wizard/Content/StarterContent/Textures/T_Detail_Rocky_N.uasset" 198
"../../../../../../Users/twott/Desktop/Crazy-Wizard/Content/StarterContent/Textures/T_Rock_Basalt_D.uasset" 199
"../../../../../../Users/twott/Desktop/Crazy-Wizard/Content/StarterContent/Textures/T_RockMesh_M.uasset" 200
"../../../../../../Users/twott/Desktop/Crazy-Wizard/Content/StarterContent/Textures/T_RockMesh_N.uasset" 201
"../../../../../../Users/twott/Desktop/Crazy-Wizard/Content/StarterContent/Props/Materials/M_Rock.uasset" 202
"../../../../../../Users/twott/Desktop/Crazy-Wizard/Content/StarterContent/Props/SM_Rock.uasset" 203
"../../../../../../Users/twott/Desktop/Crazy-Wizard/Content/StarterContent/Textures/T_Shelf_M.uasset" 204
"../../../../../../Users/twott/Desktop/Crazy-Wizard/Content/StarterContent/Textures/T_Shelf_N.uasset" 205
"../../../../../../Users/twott/Desktop/Crazy-Wizard/Content/StarterContent/Props/Materials/M_Shelf.uasset" 206
"../../../../../../Users/twott/Desktop/Crazy-Wizard/Content/StarterContent/Props/SM_Shelf.uasset" 207
"../../../../../../Users/twott/Desktop/Crazy-Wizard/Content/StarterContent/Materials/M_Basic_Floor.uasset" 208
"../../../../../../Users/twott/Desktop/Crazy-Wizard/Content/StarterContent/Props/SM_Stairs.uasset" 209
"../../../../../../Users/twott/Desktop/Crazy-Wizard/Content/StarterContent/Shapes/Shape_Cone.uasset" 210
"../../../../../../Users/twott/Desktop/Crazy-Wizard/Content/StarterContent/Shapes/Shape_Cylinder.uasset" 211
"../../../../../../Users/twott/Desktop/Crazy-Wizard/Content/StarterContent/Shapes/Shape_NarrowCapsule.uasset" 212
"../../../../../../Users/twott/Desktop/Crazy-Wizard/Content/StarterContent/Shapes/Shape_Pipe.uasset" 213
"../../../../../../Users/twott/Desktop/Crazy-Wizard/Content/StarterContent/Shapes/Shape_Pipe_180.uasset" 214
"../../../../../../Users/twott/Desktop/Crazy-Wizard/Content/StarterContent/Shapes/Shape_Pipe_90.uasset" 215
"../../../../../../Users/twott/Desktop/Crazy-Wizard/Content/StarterContent/Shapes/Shape_Plane.uasset" 216
"../../../../../../Users/twott/Desktop/Crazy-Wizard/Content/StarterContent/Shapes/Shape_Torus.uasset" 217
"../../../../../../Users/twott/Desktop/Crazy-Wizard/Content/StarterContent/Shapes/Shape_Trim.uasset" 218
"../../../../../../Users/twott/Desktop/Crazy-Wizard/Content/StarterContent/Shapes/Shape_Trim_90_In.uasset" 219
"../../../../../../Users/twott/Desktop/Crazy-Wizard/Content/StarterContent/Shapes/Shape_Trim_90_Out.uasset" 220
"../../../../../../Users/twott/Desktop/Crazy-Wizard/Content/StarterContent/Shapes/Shape_TriPyramid.uasset" 221
"../../../../../../Users/twott/Desktop/Crazy-Wizard/Content/StarterContent/Shapes/Shape_Tube.uasset" 222
"../../../../../../Users/twott/Desktop/Crazy-Wizard/Content/StarterContent/Shapes/Shape_Wedge_A.uasset" 223
"../../../../../../Users/twott/Desktop/Crazy-Wizard/Content/StarterContent/Shapes/Shape_Wedge_B.uasset" 224
"../../../../../../Users/twott/Desktop/Crazy-Wizard/Content/StarterContent/Shapes/Shape_WideCapsule.uasset" 225
"../../../../../../Users/twott/Desktop/Crazy-Wizard/Content/UI/Color_ref_text_box.uasset" 226
"../../../../../../Users/twott/Desktop/Crazy-Wizard/Content/UI/Element_Skill_Earth___Use__.uasset" 227
"../../../../../../Users/twott/Desktop/Crazy-Wizard/Content/UI/Element_Skill_Fire___Use__.uasset" 228
"../../../../../../Users/twott/Desktop/Crazy-Wizard/Content/UI/Element_Skill_Water___Use__.uasset" 229
"../../../../../../Users/twott/Desktop/Crazy-Wizard/Content/UI/Element_Skill_Wind___Use__.uasset" 230
"../../../Engine/Content/Animation/DefaultAnimCurveCompressionSettings.uasset" 231
"../../../Engine/Content/ArtTools/RenderToTexture/Meshes/S_1_Unit_Plane.uasset" 232
"../../../Engine/Content/EngineMaterials/DefaultMaterial.uasset" 233
"../../../Engine/Content/BasicShapes/Cone.uasset" 234
"../../../Engine/Content/BasicShapes/Cylinder.uasset" 235
"../../../Engine/Content/BasicShapes/Plane.uasset" 236
"../../../Engine/Content/EditorLandscapeResources/DataLayer.uasset" 237
"../../../Engine/Content/EditorMaterials/GizmoMaterial.uasset" 238
"../../../Engine/Content/EditorMaterials/MAT_Groups_Toggle.uasset" 239
"../../../Engine/Content/EditorMaterials/MAT_Groups_Visibility.uasset" 240
"../../../Engine/Content/EditorMaterials/PreviewShadowIndicator.uasset" 241
"../../../Engine/Content/EditorMaterials/PreviewShadowIndicatorMaterial.uasset" 242
"../../../Engine/Content/EditorMaterials/MatineeGroups/MAT_ColorTrack.uasset" 243
"../../../Engine/Content/EditorMaterials/MatineeGroups/MAT_Groups_Anim.uasset" 244
"../../../Engine/Content/EditorMaterials/MatineeGroups/MAT_Groups_AudioMaster.uasset" 245
"../../../Engine/Content/EditorMaterials/MatineeGroups/MAT_Groups_Director.uasset" 246
"../../../Engine/Content/EditorMaterials/MatineeGroups/MAT_Groups_Event.uasset" 247
"../../../Engine/Content/EditorMaterials/MatineeGroups/MAT_Groups_Fade.uasset" 248
"../../../Engine/Content/EditorMaterials/MatineeGroups/MAT_Groups_Float.uasset" 249
"../../../Engine/Content/EditorMaterials/MatineeGroups/MAT_Groups_Move.uasset" 250
"../../../Engine/Content/EditorMaterials/MatineeGroups/MAT_Groups_Slomo.uasset" 251
"../../../Engine/Content/EditorMaterials/MatineeGroups/MAT_Groups_Sound.uasset" 252
"../../../Engine/Content/EditorMaterials/MatineeGroups/MAT_Groups_Vector.uasset" 253
"../../../Engine/Content/EditorMaterials/ParticleSystems/PSysThumbnail_NoImage.uasset" 254
"../../../Engine/Content/EditorMaterials/ParticleSystems/PSysThumbnail_OOD.uasset" 255
"../../../Engine/Content/EditorMaterials/Camera/CineMat.uasset" 256
"../../../Engine/Content/EditorMaterials/Camera/MI_CineMat_Rig.uasset" 257
"../../../Engine/Content/EditorMeshes/Camera/SM_CraneRig_Arm.uasset" 258
"../../../Engine/Content/EditorMeshes/Camera/SM_CraneRig_Base.uasset" 259
"../../../Engine/Content/EditorMeshes/Camera/SM_CraneRig_Body.uasset" 260
"../../../Engine/Content/EditorMeshes/Camera/SM_CraneRig_Mount.uasset" 261
"../../../Engine/Content/EditorMeshes/Camera/SM_RailRig_Mount.uasset" 262
"../../../Engine/Content/EditorMeshes/Camera/SM_RailRig_Track.uasset" 263
"../../../Engine/Content/EditorResources/BSPVertex.uasset" 264
"../../../Engine/Content/EditorResources/EmptyActor.uasset" 265
"../../../Engine/Content/EditorResources/S_Actor.uasset" 266
"../../../Engine/Content/EditorResources/S_Note.uasset" 267
"../../../Engine/Content/EditorResources/S_Trigger.uasset" 268
"../../../Engine/Content/EditorResources/AudioIcons/S_AudioComponent.uasset" 269
"../../../Engine/Content/EditorResources/AudioIcons/S_AudioComponent_AutoActivate.uasset" 270
"../../../Engine/Content/EditorResources/LightIcons/S_LightError.uasset" 271
"../../../Engine/Content/EditorResources/SequenceRecorder/Countdown.uasset" 272
"../../../Engine/Content/EditorResources/SequenceRecorder/RecordingIndicator.uasset" 273
"../../../Engine/Content/EditorSounds/Notifications/CompileFailed.uasset" 274
"../../../Engine/Content/EditorSounds/Notifications/CompileFailed_Cue.uasset" 275
"../../../Engine/Content/EditorSounds/Notifications/CompileSuccess.uasset" 276
"../../../Engine/Content/EditorSounds/Notifications/CompileStart_Cue.uasset" 277
"../../../Engine/Content/EditorSounds/Notifications/CompileSuccess_Cue.uasset" 278
"../../../Engine/Content/EngineDamageTypes/DmgTypeBP_Environmental.uasset" 279
"../../../Engine/Content/EngineDebugMaterials/HeatmapGradient.uasset" 280
"../../../Engine/Content/EngineDebugMaterials/BoneWeightMaterial.uasset" 281
"../../../Engine/Content/EngineDebugMaterials/ClothMaterial.uasset" 282
"../../../Engine/Content/EngineDebugMaterials/ClothMaterial_WF.uasset" 283
"../../../Engine/Content/EngineDebugMaterials/DebugEditorMaterial.uasset" 284
"../../../Engine/Content/EngineDebugMaterials/DebugMeshMaterial.uasset" 285
"../../../Engine/Content/EngineDebugMaterials/GeomMaterial.uasset" 286
"../../../Engine/Content/EngineDebugMaterials/M_SimpleTranslucent.uasset" 287
"../../../Engine/Content/EngineFonts/Faces/RobotoBold.uasset" 288
"../../../Engine/Content/EngineFonts/Faces/RobotoBoldItalic.uasset" 289
"../../../Engine/Content/EngineFonts/Faces/RobotoItalic.uasset" 290
"../../../Engine/Content/EngineFonts/Faces/RobotoLight.uasset" 291
"../../../Engine/Content/EngineFonts/Faces/RobotoRegular.uasset" 292
"../../../Engine/Content/EngineFonts/Roboto.uasset" 293
"../../../Engine/Content/EngineFonts/Faces/RobotoTiny.uasset" 294
"../../../Engine/Content/EngineFonts/RobotoTiny.uasset" 295
"../../../Engine/Content/EngineMaterials/BaseFlattenMaterial.uasset" 296
"../../../Engine/Content/EngineMaterials/DefaultBloomKernel.uasset" 297
"../../../Engine/Content/EngineMaterials/DefaultBokeh.uasset" 298
"../../../Engine/Content/EngineMaterials/DefaultDiffuse.uasset" 299
"../../../Engine/Content/EngineMaterials/DefaultDeferredDecalMaterial.uasset" 300
"../../../Engine/Content/EngineMaterials/DefaultLightFunctionMaterial.uasset" 301
"../../../Engine/Content/EngineMaterials/DefaultPhysicalMaterial.uasset" 302
"../../../Engine/Content/Functions/Engine_MaterialFunctions02/Utility/BreakOutFloat2Components.uasset" 303
"../../../Engine/Content/EngineMaterials/DefaultPostProcessMaterial.uasset" 304
"../../../Engine/Content/EngineFonts/RobotoDistanceField.uasset" 305
"../../../Engine/Content/EngineMaterials/DefaultTextMaterialOpaque.uasset" 306
"../../../Engine/Content/EngineMaterials/DefaultWhiteGrid.uasset" 307
"../../../Engine/Content/EngineMaterials/EditorBrushMaterial.uasset" 308
"../../../Engine/Content/EngineMaterials/Good64x64TilingNoiseHighFreq.uasset" 309
"../../../Engine/Content/EngineMaterials/MiniFont.uasset" 310
"../../../Engine/Content/EngineMaterials/InvalidLightmapSettings.uasset" 311
"../../../Engine/Content/EngineMaterials/M_InvalidLightmapSettings.uasset" 312
"../../../Engine/Content/Functions/Engine_MaterialFunctions02/WorldPositionOffset/CameraOffset.uasset" 313
"../../../Engine/Content/EngineMaterials/PhAT_JointLimitMaterial.uasset" 314
"../../../Engine/Content/EngineMaterials/PreintegratedSkinBRDF.uasset" 315
"../../../Engine/Content/EngineMaterials/RemoveSurfaceMaterial.uasset" 316
"../../../Engine/Content/EngineMaterials/WeightMapPlaceholderTexture.uasset" 317
"../../../Engine/Content/EngineResources/WhiteSquareTexture.uasset" 318
"../../../Engine/Content/EngineMaterials/Widget3DPassThrough.uasset" 319
"../../../Engine/Content/EngineMaterials/Widget3DPassThrough_Masked.uasset" 320
"../../../Engine/Content/EngineMaterials/Widget3DPassThrough_Opaque.uasset" 321
"../../../Engine/Content/EngineMaterials/Widget3DPassThrough_Masked_OneSided.uasset" 322
"../../../Engine/Content/EngineMaterials/Widget3DPassThrough_Opaque_OneSided.uasset" 323
"../../../Engine/Content/EngineMaterials/Widget3DPassThrough_Translucent.uasset" 324
"../../../Engine/Content/EngineMaterials/Widget3DPassThrough_Translucent_OneSided.uasset" 325
"../../../Engine/Content/EngineMeshes/Cylinder.uasset" 326
"../../../Engine/Content/EngineMeshes/Sphere.uasset" 327
"../../../Engine/Content/EngineResources/Black.uasset" 328
"../../../Engine/Content/EngineResources/DefaultTexture.uasset" 329
"../../../Engine/Content/EngineResources/DefaultTextureCube.uasset" 330
"../../../Engine/Content/EngineResources/DefaultVolumeTexture2D.uasset" 331
"../../../Engine/Content/EngineResources/DefaultVolumeTexture.uasset" 332
"../../../Engine/Content/EngineResources/GradientTexture0.uasset" 333
"../../../Engine/Content/EngineSounds/Master.uasset" 334
"../../../Engine/Content/Functions/Engine_MaterialFunctions01/Shading/ConvertFromDiffSpec.uasset" 335
"../../../Engine/Content/Functions/Engine_MaterialFunctions01/Shading/PowerToRoughness.uasset" 336
"../../../Engine/Content/Maps/Templates/Thumbnails/Default.uasset" 337
"../../../Engine/Content/Maps/Templates/Thumbnails/VR-Basic.uasset" 338
"../../../Engine/Content/MobileResources/T_MobileControls_texture.uasset" 339
"../../../Engine/Content/MobileResources/T_MobileMenu2.uasset" 340
"../../../Engine/Content/MobileResources/HUD/AnalogHat.uasset" 341
"../../../Engine/Content/MobileResources/HUD/VirtualJoystick_Background.uasset" 342
"../../../Engine/Content/MobileResources/HUD/VirtualJoystick_Thumb.uasset" 343
"../../../Engine/Content/MobileResources/HUD/DefaultVirtualJoysticks.uasset" 344
"../../../Engine/Content/MobileResources/HUD/LeftVirtualJoystickOnly.uasset" 345
"../../../Engine/Content/MobileResources/HUD/MobileHUDButton1_off.uasset" 346
"../../../Engine/Content/MobileResources/HUD/MobileHUDButton1_on.uasset" 347
"../../../Engine/Content/MobileResources/HUD/MobileHUDButton2_off.uasset" 348
"../../../Engine/Content/MobileResources/HUD/MobileHUDButton2_on.uasset" 349
"../../../Engine/Content/MobileResources/HUD/MobileHUDButton3.uasset" 350
"../../../Engine/Content/MobileResources/HUD/MobileHUDButtonFire.uasset" 351
"../../../Engine/Content/MobileResources/HUD/MobileHUDDirectionPad.uasset" 352
"../../../Engine/Content/MobileResources/HUD/MobileHUDDirectionPad2.uasset" 353
"../../../Engine/Content/MobileResources/HUD/MobileHUDDirectionPad3.uasset" 354
"../../../Engine/Content/MobileResources/HUD/MobileHUDDirectionStick.uasset" 355
"../../../Engine/Content/MobileResources/HUD/T_Castle_ThumbstickInner.uasset" 356
"../../../Engine/Content/MobileResources/HUD/T_Castle_ThumbstickOutter.uasset" 357
"../../../Engine/Content/Tutorial/ContentIntroCurve.uasset" 358
"../../../Engine/Content/Tutorial/Basics/LevelEditorAttract.uasset" 359
"../../../Engine/Content/Tutorial/Basics/TutorialAssets/icon_tab_Levels_40x.uasset" 360
"../../../Engine/Content/Tutorial/Basics/LevelEditorOverview.uasset" 361
"../../../Engine/Content/VREditor/LaserPointer/VR_LaserPower_01.uasset" 362
"../../../Engine/Content/VREditor/TransformGizmo/TransformGizmoMaterial.uasset" 363
"../../../Engine/Content/VREditor/TransformGizmo/TranslucentTransformGizmoMaterial.uasset" 364
"../../../Engine/Content/VREditor/TransformGizmo/BoundingBoxCorner.uasset" 365
"../../../Engine/Content/VREditor/TransformGizmo/BoundingBoxEdge.uasset" 366
"../../../Engine/Content/VREditor/TransformGizmo/PlaneTranslationHandle.uasset" 367
"../../../Engine/Content/VREditor/TransformGizmo/Main.uasset" 368
"../../../Engine/Content/VREditor/TransformGizmo/Xray.uasset" 369
"../../../Engine/Content/VREditor/TransformGizmo/SM_Sequencer_Key.uasset" 370
"../../../Engine/Content/VREditor/TransformGizmo/SM_Sequencer_Node.uasset" 371
"../../Plugins/2D/Paper2D/Content/PlaceholderTextures/DummySpriteTexture.uasset" 372
"../../Plugins/2D/Paper2D/Content/DummySprite.uasset" 373
"../../Plugins/2D/Paper2D/Content/DefaultPaperTerrainMaterial.uasset" 374
"../../Plugins/2D/Paper2D/Content/DummySpriteTexture.uasset" 375
"../../Plugins/2D/Paper2D/Content/DefaultSpriteMaterial.uasset" 376
"../../Plugins/2D/Paper2D/Content/MaskedUnlitSpriteMaterial.uasset" 377
"../../Plugins/2D/Paper2D/Content/OpaqueUnlitSpriteMaterial.uasset" 378
"../../Plugins/Runtime/Oculus/OculusVR/Content/OculusMR_RenderTarget.uasset" 379
"../../../Engine/Content/Functions/Engine_MaterialFunctions02/Utility/BreakOutFloat4Components.uasset" 380
"../../../Engine/Content/Functions/Engine_MaterialFunctions02/Utility/MakeFloat2.uasset" 381
"../../../Engine/Content/Functions/Engine_MaterialFunctions02/Utility/MakeFloat3.uasset" 382
"../../Plugins/Runtime/Oculus/OculusVR/Content/Materials/OculusMR_ChromaKey.uasset" 383
"../../Plugins/Runtime/Oculus/OculusVR/Content/Materials/OculusMR_ChromaKey_Lit.uasset" 384
"../../Plugins/Runtime/Oculus/OculusVR/Content/Materials/OculusMR_OpaqueColoredMaterial.uasset" 385
"../../Plugins/Runtime/Oculus/OculusVR/Content/Materials/OculusMR_WhiteMaterial.uasset" 386
"../../Plugins/Runtime/Oculus/OculusVR/Content/Materials/PokeAHoleMaterial.uasset" 387
"../../Plugins/Runtime/Oculus/OculusVR/Content/Textures/GearVRController_AO.uasset" 388
"../../Plugins/Runtime/Oculus/OculusVR/Content/Textures/GearVRController_Color.uasset" 389
"../../Plugins/Runtime/Oculus/OculusVR/Content/Textures/GearVRController_Normal.uasset" 390
"../../Plugins/Runtime/Oculus/OculusVR/Content/Materials/GearVRControllerMaterial.uasset" 391
"../../Plugins/Runtime/Oculus/OculusVR/Content/Meshes/GearVrController.uasset" 392
"../../Plugins/Runtime/Oculus/OculusVR/Content/Textures/touchController_albedo.uasset" 393
"../../Plugins/Runtime/Oculus/OculusVR/Content/Textures/touchController_controlmap.uasset" 394
"../../Plugins/Runtime/Oculus/OculusVR/Content/Materials/touchController_mat.uasset" 395
"../../Plugins/Runtime/Oculus/OculusVR/Content/Meshes/LeftTouchController.uasset" 396
"../../Plugins/Runtime/Oculus/OculusVR/Content/Meshes/RiftHMD.uasset" 397
"../../Plugins/Runtime/Oculus/OculusVR/Content/Meshes/RightTouchController.uasset" 398
"../../../Engine/Content/EngineSky/C_Sky_Cloud_Color.uasset" 399
"../../../Engine/Content/EngineSky/C_Sky_Horizon_Color.uasset" 400
"../../../Engine/Content/EngineSky/C_Sky_Zenith_Color.uasset" 401
"../../../Engine/Content/EngineSky/T_Sky_Blue.uasset" 402
"../../../Engine/Content/EngineSky/T_Sky_Clouds_M.uasset" 403
"../../../Engine/Content/EngineSky/T_Sky_Stars.uasset" 404
"../../../Engine/Content/EngineSky/M_Sky_Panning_Clouds2.uasset" 405
"../../../Engine/Content/EngineSky/SM_SkySphere.uasset" 406
"../../../Engine/Content/EngineSky/BP_Sky_Sphere.uasset" 407
"../../../../../../Users/twott/Desktop/Crazy-Wizard/Content/Tutorial_Level_BuiltData.uasset" 408
"../../../../../../Users/twott/Desktop/Crazy-Wizard/Content/StarterContent/Textures/T_Tech_Hex_Tile_M.uasset" 409
"../../../../../../Users/twott/Desktop/Crazy-Wizard/Content/StarterContent/Textures/T_Tech_Hex_Tile_N.uasset" 410
"../../../../../../Users/twott/Desktop/Crazy-Wizard/Content/StarterContent/Materials/M_Tech_Hex_Tile.uasset" 411
"../../../../../../Users/twott/Desktop/Crazy-Wizard/Content/StarterContent/Materials/M_Tech_Hex_Tile_Pulse.uasset" 412
"../../../../../../Users/twott/Desktop/Crazy-Wizard/Content/Tutorial_Level.umap" 413
"../../../../../../Users/twott/Desktop/Crazy-Wizard/Content/Blueprints/LevelAssets/Tutorial_Level_BuiltData.uasset" 414
"../../../../../../Users/twott/Desktop/Crazy-Wizard/Content/Blueprints/LevelAssets/Tutorial_Level.umap" 415
"../../../../../../Users/twott/Desktop/Crazy-Wizard/Content/Sounds/Marble_Blast_Ultra_Soundtrack.uasset" 416
"../../../../../../Users/twott/Desktop/Crazy-Wizard/Content/Blueprints/Character/BallGameMode.uasset" 417
"../../../../../../Users/twott/Desktop/Crazy-Wizard/Content/Blueprints/Items/LampAndRune2.uasset" 418
"../../../../../../Users/twott/Desktop/Crazy-Wizard/Content/Blueprints/Items/Lamp.uasset" 419
"../../../../../../Users/twott/Desktop/Crazy-Wizard/Content/Blueprints/Items/pCube3_1.uasset" 420
"../../../../../../Users/twott/Desktop/Crazy-Wizard/Content/Blueprints/Items/Rune.uasset" 421
"../../../../../../Users/twott/Desktop/Crazy-Wizard/Content/Blueprints/Items/FbxScene_LampAndRune2.uasset" 422
"../../../../../../Users/twott/Desktop/Crazy-Wizard/Content/Blueprints/Items/LampAndRuneModel.uasset" 423
"../../../../../../Users/twott/Desktop/Crazy-Wizard/Content/Blueprints/Items/pCube1.uasset" 424
"../../../../../../Users/twott/Desktop/Crazy-Wizard/Content/Blueprints/Items/pCube2.uasset" 425
"../../../../../../Users/twott/Desktop/Crazy-Wizard/Content/Blueprints/Items/pCube3.uasset" 426
"../../../../../../Users/twott/Desktop/Crazy-Wizard/Content/Blueprints/Items/FbxScene_LampAndRuneModel.uasset" 427
"../../../../../../Users/twott/Desktop/Crazy-Wizard/Content/RollingBP/Blueprints/MyCube_BP.uasset" 428
"../../../../../../Users/twott/Desktop/Crazy-Wizard/Content/Blueprints/Maps/Stage01_BuiltData.uasset" 429
"../../../../../../Users/twott/Desktop/Crazy-Wizard/Content/StarterContent/Textures/T_Wood_Oak_D.uasset" 430
"../../../../../../Users/twott/Desktop/Crazy-Wizard/Content/StarterContent/Textures/T_Wood_Oak_N.uasset" 431
"../../../../../../Users/twott/Desktop/Crazy-Wizard/Content/StarterContent/Materials/M_Wood_Oak.uasset" 432
"../../../../../../Users/twott/Desktop/Crazy-Wizard/Content/Geometry/Meshes/CubeMaterial.uasset" 433
"../../../../../../Users/twott/Desktop/Crazy-Wizard/Content/Geometry/Meshes/1M_Cube.uasset" 434
"../../../../../../Users/twott/Desktop/Crazy-Wizard/Content/Geometry/Meshes/1M_Cube_Chamfer.uasset" 435
"../../../../../../Users/twott/Desktop/Crazy-Wizard/Content/Geometry/Meshes/TemplateFloor.uasset" 436
"../../../../../../Users/twott/Desktop/Crazy-Wizard/Content/ThirdPerson/Meshes/RampMaterial.uasset" 437
"../../../../../../Users/twott/Desktop/Crazy-Wizard/Content/ThirdPerson/Meshes/Bump_StaticMesh.uasset" 438
"../../../../../../Users/twott/Desktop/Crazy-Wizard/Content/ThirdPerson/Meshes/LeftArm_StaticMesh.uasset" 439
"../../../../../../Users/twott/Desktop/Crazy-Wizard/Content/ThirdPerson/Meshes/Linear_Stair_StaticMesh.uasset" 440
"../../../../../../Users/twott/Desktop/Crazy-Wizard/Content/ThirdPerson/Meshes/Ramp_StaticMesh.uasset" 441
"../../../../../../Users/twott/Desktop/Crazy-Wizard/Content/ThirdPerson/Meshes/RightArm_StaticMesh.uasset" 442
"../../../../../../Users/twott/Desktop/Crazy-Wizard/Content/Blueprints/Maps/Stage01.umap" 443
"../../../Engine/Content/BasicShapes/Sphere.uasset" 444
"../../../../../../Users/twott/Desktop/Crazy-Wizard/Content/Blueprints/Character/ThirdPersonCharacter.uasset" 445
"../../../../../../Users/twott/Desktop/Crazy-Wizard/Content/Blueprints/Character/ThirdPersonGameMode.uasset" 446
"../../../../../../Users/twott/Desktop/Crazy-Wizard/Content/Blueprints/Maps/Stage02_BuiltData.uasset" 447
"../../../../../../Users/twott/Desktop/Crazy-Wizard/Content/StarterContent/Textures/T_Brick_Clay_Old_D.uasset" 448
"../../../../../../Users/twott/Desktop/Crazy-Wizard/Content/StarterContent/Textures/T_Brick_Clay_Old_N.uasset" 449
"../../../../../../Users/twott/Desktop/Crazy-Wizard/Content/StarterContent/Materials/M_Brick_Clay_Old.uasset" 450
"../../../../../../Users/twott/Desktop/Crazy-Wizard/Content/StarterContent/Shapes/Shape_Cube.uasset" 451
"../../../../../../Users/twott/Desktop/Crazy-Wizard/Content/Blueprints/Maps/Stage02.umap" 452
"../../../../../../Users/twott/Desktop/Crazy-Wizard/Content/Blueprints/Maps/Stage03_BuiltData.uasset" 453
"../../../../../../Users/twott/Desktop/Crazy-Wizard/Content/StarterContent/Textures/T_CobbleStone_Pebble_D.uasset" 454
"../../../../../../Users/twott/Desktop/Crazy-Wizard/Content/StarterContent/Textures/T_CobbleStone_Pebble_M.uasset" 455
"../../../../../../Users/twott/Desktop/Crazy-Wizard/Content/StarterContent/Textures/T_CobbleStone_Pebble_N.uasset" 456
"../../../../../../Users/twott/Desktop/Crazy-Wizard/Content/StarterContent/Materials/M_CobbleStone_Pebble.uasset" 457
"../../../../../../Users/twott/Desktop/Crazy-Wizard/Content/Blueprints/Maps/Stage03.umap" 458
"../../../../../../Users/twott/Desktop/Crazy-Wizard/Content/Blueprints/Maps/Test.umap" 459
"../../../../../../Users/twott/Desktop/Crazy-Wizard/Content/Sounds/Chill_song_1.uasset" 460
"../../../../../../Users/twott/Desktop/Crazy-Wizard/Content/Blueprints/GameModes/BallGameMode.uasset" 461
"../../../../../../Users/twott/Desktop/Crazy-Wizard/Content/Mana/WorldGridMaterial.uasset" 462
"../../../../../../Users/twott/Desktop/Crazy-Wizard/Content/Mana/Mana.uasset" 463
"../../../../../../Users/twott/Desktop/Crazy-Wizard/Content/Blueprints/MP_BP.uasset" 464
"../../../../../../Users/twott/Desktop/Crazy-Wizard/Content/RollingBP/Blueprints/Key_BP.uasset" 465
"../../../../../../Users/twott/Desktop/Crazy-Wizard/Content/Blueprints/Maps/Tutorial_BuiltData.uasset" 466
"../../../../../../Users/twott/Desktop/Crazy-Wizard/Content/StarterContent/Textures/T_Concrete_Poured_D.uasset" 467
"../../../../../../Users/twott/Desktop/Crazy-Wizard/Content/StarterContent/Textures/T_Concrete_Poured_N.uasset" 468
"../../../../../../Users/twott/Desktop/Crazy-Wizard/Content/StarterContent/Materials/M_Concrete_Poured.uasset" 469
"../../../Engine/Content/MapTemplates/Sky/DaylightAmbientCubemap.uasset" 470
"../../../../../../Users/twott/Desktop/Crazy-Wizard/Content/StarterContent/Blueprints/Assets/M_LightStage_Skybox_Master.uasset" 471
"../../../../../../Users/twott/Desktop/Crazy-Wizard/Content/StarterContent/Blueprints/Assets/M_LightStage_Skybox_Black.uasset" 472
"../../../../../../Users/twott/Desktop/Crazy-Wizard/Content/Blueprints/LevelAssets/T_M_New_Stage_T_2_pPlane2_lambert1_25C014134CEC0CE6C4DB73B6DC4D9F3B_BaseColor.uasset" 473
"../../../../../../Users/twott/Desktop/Crazy-Wizard/Content/Blueprints/LevelAssets/M_M_New_Stage_T_2_pPlane2_lambert1_25C014134CEC0CE6C4DB73B6DC4D9F3B.uasset" 474
"../../../../../../Users/twott/Desktop/Crazy-Wizard/Content/Blueprints/LevelAssets/New_Stage_T_2_pPlane2.uasset" 475
"../../../../../../Users/twott/Desktop/Crazy-Wizard/Content/Blueprints/Text_S.uasset" 476
"../../../../../../Users/twott/Desktop/Crazy-Wizard/Content/Blueprints/Text_T.uasset" 477
"../../../../../../Users/twott/Desktop/Crazy-Wizard/Content/Blueprints/Maps/Tutorial.umap" 478
"../../../../../../Users/twott/Desktop/Crazy-Wizard/Content/RollingBP/Blueprints/RollingGameMode.uasset" 479
"../../../../../../Users/twott/Desktop/Crazy-Wizard/Content/RollingBP/Maps/RollingBPExampleMap_BuiltData.uasset" 480
"../../../../../../Users/twott/Desktop/Crazy-Wizard/Content/Rolling/Materials/GrayMaterial.uasset" 481
"../../../../../../Users/twott/Desktop/Crazy-Wizard/Content/Rolling/Materials/GrayMetalMaterial.uasset" 482
"../../../../../../Users/twott/Desktop/Crazy-Wizard/Content/Rolling/Materials/OrangeMetalMaterial.uasset" 483
"../../../../../../Users/twott/Desktop/Crazy-Wizard/Content/RollingBP/Maps/RollingBPExampleMap.umap" 484
"../../../../../../Users/twott/Desktop/Crazy-Wizard/Content/StarterContent/Blueprints/Assets/FogBrightnessLUT.uasset" 485
"../../../../../../Users/twott/Desktop/Crazy-Wizard/Content/StarterContent/Blueprints/Assets/SunlightColorLUT.uasset" 486
"../../../../../../Users/twott/Desktop/Crazy-Wizard/Content/StarterContent/Blueprints/Assets/M_LightStage_Arrows.uasset" 487
"../../../../../../Users/twott/Desktop/Crazy-Wizard/Content/StarterContent/Blueprints/Assets/M_LightStage_Skybox_HDRI.uasset" 488
"../../../Engine/Content/EditorMaterials/Thumbnails/SkySphereMaterial.uasset" 489
"../../../../../../Users/twott/Desktop/Crazy-Wizard/Content/StarterContent/Blueprints/Assets/Skybox.uasset" 490
"../../../../../../Users/twott/Desktop/Crazy-Wizard/Content/StarterContent/Blueprints/Assets/SM_Arrows.uasset" 491
"../../../../../../Users/twott/Desktop/Crazy-Wizard/Content/StarterContent/HDRI/HDRI_Epic_Courtyard_Daylight.uasset" 492
"../../../../../../Users/twott/Desktop/Crazy-Wizard/Content/StarterContent/Blueprints/BP_LightStudio.uasset" 493
"../../../../../../Users/twott/Desktop/Crazy-Wizard/Content/StarterContent/Maps/Advanced_Lighting_BuiltData.uasset" 494
"../../../../../../Users/twott/Desktop/Crazy-Wizard/Content/StarterContent/Materials/M_AssetPlatform.uasset" 495
"../../../Engine/Content/EditorMeshes/ColorCalibrator/M_ChromeBall.uasset" 496
"../../../Engine/Content/EditorMeshes/ColorCalibrator/M_ClearCoat.uasset" 497
"../../../Engine/Content/EditorMeshes/ColorCalibrator/M_ClearCoatBlack.uasset" 498
"../../../Engine/Content/EditorMeshes/ColorCalibrator/Color_checker.uasset" 499
"../../../Engine/Content/EditorMeshes/ColorCalibrator/M_ColorGrid.uasset" 500
"../../../Engine/Content/EditorMeshes/ColorCalibrator/M_GreyBall.uasset" 501
"../../../Engine/Content/EditorMeshes/ColorCalibrator/SM_ColorCalibrator.uasset" 502
"../../../../../../Users/twott/Desktop/Crazy-Wizard/Content/StarterContent/Architecture/SM_AssetPlatform.uasset" 503
"../../../../../../Users/twott/Desktop/Crazy-Wizard/Content/StarterContent/Maps/Advanced_Lighting.umap" 504
"../../../../../../Users/twott/Desktop/Crazy-Wizard/Content/StarterContent/Maps/Minimal_Default_BuiltData.uasset" 505
"../../../../../../Users/twott/Desktop/Crazy-Wizard/Content/StarterContent/Materials/M_Metal_Brushed_Nickel.uasset" 506
"../../../../../../Users/twott/Desktop/Crazy-Wizard/Content/StarterContent/Textures/T_Metal_Aluminum_D.uasset" 507
"../../../../../../Users/twott/Desktop/Crazy-Wizard/Content/StarterContent/Materials/M_Metal_Burnished_Steel.uasset" 508
"../../../../../../Users/twott/Desktop/Crazy-Wizard/Content/StarterContent/Textures/T_Metal_Copper_D.uasset" 509
"../../../../../../Users/twott/Desktop/Crazy-Wizard/Content/StarterContent/Materials/M_Metal_Copper.uasset" 510
"../../../../../../Users/twott/Desktop/Crazy-Wizard/Content/StarterContent/Textures/T_Statue_M.uasset" 511
"../../../../../../Users/twott/Desktop/Crazy-Wizard/Content/StarterContent/Textures/T_Statue_N.uasset" 512
"../../../../../../Users/twott/Desktop/Crazy-Wizard/Content/StarterContent/Props/Materials/M_StatueGlass.uasset" 513
"../../../../../../Users/twott/Desktop/Crazy-Wizard/Content/StarterContent/Architecture/Floor_400x400.uasset" 514
"../../../../../../Users/twott/Desktop/Crazy-Wizard/Content/StarterContent/Audio/Starter_Background_Cue.uasset" 515
"../../../../../../Users/twott/Desktop/Crazy-Wizard/Content/StarterContent/Props/SM_Chair.uasset" 516
"../../../../../../Users/twott/Desktop/Crazy-Wizard/Content/StarterContent/Props/Materials/M_Statue.uasset" 517
"../../../../../../Users/twott/Desktop/Crazy-Wizard/Content/StarterContent/Props/SM_Statue.uasset" 518
"../../../../../../Users/twott/Desktop/Crazy-Wizard/Content/StarterContent/Textures/T_TableRound_M.uasset" 519
"../../../../../../Users/twott/Desktop/Crazy-Wizard/Content/StarterContent/Textures/T_TableRound_N.uasset" 520
"../../../../../../Users/twott/Desktop/Crazy-Wizard/Content/StarterContent/Props/Materials/M_TableRound.uasset" 521
"../../../../../../Users/twott/Desktop/Crazy-Wizard/Content/StarterContent/Props/SM_TableRound.uasset" 522
"../../../../../../Users/twott/Desktop/Crazy-Wizard/Content/StarterContent/Maps/Minimal_Default.umap" 523
"../../../../../../Users/twott/Desktop/Crazy-Wizard/Content/StarterContent/Audio/Fire01_Cue.uasset" 524
"../../../../../../Users/twott/Desktop/Crazy-Wizard/Content/StarterContent/Textures/T_Fire_SubUV.uasset" 525
"../../../../../../Users/twott/Desktop/Crazy-Wizard/Content/StarterContent/Textures/T_Fire_Tiled_D.uasset" 526
"../../../../../../Users/twott/Desktop/Crazy-Wizard/Content/StarterContent/Particles/Materials/M_Fire_SubUV.uasset" 527
"../../../../../../Users/twott/Desktop/Crazy-Wizard/Content/StarterContent/Particles/Materials/M_Heat_Distortion.uasset" 528
"../../../../../../Users/twott/Desktop/Crazy-Wizard/Content/StarterContent/Particles/Materials/M_Radial_Gradient.uasset" 529
"../../../../../../Users/twott/Desktop/Crazy-Wizard/Content/StarterContent/Particles/P_Fire.uasset" 530
"../../../../../../Users/twott/Desktop/Crazy-Wizard/Content/StarterContent/Blueprints/Blueprint_Effect_Fire.uasset" 531
"../../../../../../Users/twott/Desktop/Crazy-Wizard/Content/StarterContent/Audio/Smoke01_Cue.uasset" 532
"../../../../../../Users/twott/Desktop/Crazy-Wizard/Content/StarterContent/Particles/P_Smoke.uasset" 533
"../../../../../../Users/twott/Desktop/Crazy-Wizard/Content/StarterContent/Blueprints/Blueprint_Effect_Smoke.uasset" 534
"../../../../../../Users/twott/Desktop/Crazy-Wizard/Content/StarterContent/Audio/Fire_Sparks01_Cue.uasset" 535
"../../../../../../Users/twott/Desktop/Crazy-Wizard/Content/StarterContent/Textures/T_Spark_Core.uasset" 536
"../../../../../../Users/twott/Desktop/Crazy-Wizard/Content/StarterContent/Particles/Materials/M_Spark.uasset" 537
"../../../../../../Users/twott/Desktop/Crazy-Wizard/Content/StarterContent/Particles/P_Sparks.uasset" 538
"../../../../../../Users/twott/Desktop/Crazy-Wizard/Content/StarterContent/Blueprints/Blueprint_Effect_Sparks.uasset" 539
"../../../../../../Users/twott/Desktop/Crazy-Wizard/Content/StarterContent/Audio/Steam01_Cue.uasset" 540
"../../../../../../Users/twott/Desktop/Crazy-Wizard/Content/StarterContent/Particles/P_Steam_Lit.uasset" 541
"../../../../../../Users/twott/Desktop/Crazy-Wizard/Content/StarterContent/Blueprints/Blueprint_Effect_Steam.uasset" 542
"../../../../../../Users/twott/Desktop/Crazy-Wizard/Content/StarterContent/Textures/T_Lamp_M.uasset" 543
"../../../../../../Users/twott/Desktop/Crazy-Wizard/Content/StarterContent/Textures/T_Lamp_N.uasset" 544
"../../../../../../Users/twott/Desktop/Crazy-Wizard/Content/StarterContent/Props/Materials/M_Lamp.uasset" 545
"../../../../../../Users/twott/Desktop/Crazy-Wizard/Content/StarterContent/Props/SM_Lamp_Ceiling.uasset" 546
"../../../../../../Users/twott/Desktop/Crazy-Wizard/Content/StarterContent/Blueprints/Blueprint_CeilingLight.uasset" 547
"../../../../../../Users/twott/Desktop/Crazy-Wizard/Content/StarterContent/Props/SM_Lamp_Wall.uasset" 548
"../../../../../../Users/twott/Desktop/Crazy-Wizard/Content/StarterContent/Blueprints/Blueprint_WallSconce.uasset" 549
"../../../../../../Users/twott/Desktop/Crazy-Wizard/Content/StarterContent/Maps/StarterMap_BuiltData.uasset" 550
"../../../Engine/Content/Functions/Engine_MaterialFunctions03/Procedurals/ComputeFilterWidth.uasset" 551
"../../../Engine/Content/EngineMaterials/AntiAliasedTextMaterialTranslucent.uasset" 552
"../../../../../../Users/twott/Desktop/Crazy-Wizard/Content/StarterContent/Textures/T_Brick_Clay_Beveled_D.uasset" 553
"../../../../../../Users/twott/Desktop/Crazy-Wizard/Content/StarterContent/Textures/T_Brick_Clay_Beveled_M.uasset" 554
"../../../../../../Users/twott/Desktop/Crazy-Wizard/Content/StarterContent/Textures/T_Brick_Clay_Beveled_N.uasset" 555
"../../../../../../Users/twott/Desktop/Crazy-Wizard/Content/StarterContent/Materials/M_Brick_Clay_Beveled.uasset" 556
"../../../../../../Users/twott/Desktop/Crazy-Wizard/Content/StarterContent/Textures/T_Brick_Clay_New_D.uasset" 557
"../../../../../../Users/twott/Desktop/Crazy-Wizard/Content/StarterContent/Textures/T_Brick_Clay_New_M.uasset" 558
"../../../../../../Users/twott/Desktop/Crazy-Wizard/Content/StarterContent/Textures/T_Brick_Clay_New_N.uasset" 559
"../../../../../../Users/twott/Desktop/Crazy-Wizard/Content/StarterContent/Materials/M_Brick_Clay_New.uasset" 560
"../../../../../../Users/twott/Desktop/Crazy-Wizard/Content/StarterContent/Textures/T_Brick_Cut_Stone_D.uasset" 561
"../../../../../../Users/twott/Desktop/Crazy-Wizard/Content/StarterContent/Textures/T_Brick_Cut_Stone_N.uasset" 562
"../../../../../../Users/twott/Desktop/Crazy-Wizard/Content/StarterContent/Materials/M_Brick_Cut_Stone.uasset" 563
"../../../../../../Users/twott/Desktop/Crazy-Wizard/Content/StarterContent/Textures/T_Brick_Hewn_Stone_D.uasset" 564
"../../../../../../Users/twott/Desktop/Crazy-Wizard/Content/StarterContent/Textures/T_Brick_Hewn_Stone_M.uasset" 565
"../../../../../../Users/twott/Desktop/Crazy-Wizard/Content/StarterContent/Textures/T_Brick_Hewn_Stone_N.uasset" 566
"../../../../../../Users/twott/Desktop/Crazy-Wizard/Content/StarterContent/Materials/M_Brick_Hewn_Stone.uasset" 567
"../../../../../../Users/twott/Desktop/Crazy-Wizard/Content/StarterContent/Textures/T_Ceramic_Tile_M.uasset" 568
"../../../../../../Users/twott/Desktop/Crazy-Wizard/Content/StarterContent/Textures/T_Ceramic_Tile_N.uasset" 569
"../../../../../../Users/twott/Desktop/Crazy-Wizard/Content/StarterContent/Materials/M_Ceramic_Tile_Checker.uasset" 570
"../../../../../../Users/twott/Desktop/Crazy-Wizard/Content/StarterContent/Textures/T_CobbleStone_Rough_D.uasset" 571
"../../../../../../Users/twott/Desktop/Crazy-Wizard/Content/StarterContent/Textures/T_CobbleStone_Rough_N.uasset" 572
"../../../../../../Users/twott/Desktop/Crazy-Wizard/Content/StarterContent/Textures/T_Gradinet_01.uasset" 573
"../../../../../../Users/twott/Desktop/Crazy-Wizard/Content/StarterContent/Textures/T_Rock_Smooth_Granite_D.uasset" 574
"../../../../../../Users/twott/Desktop/Crazy-Wizard/Content/StarterContent/Materials/M_CobbleStone_Rough.uasset" 575
"../../../../../../Users/twott/Desktop/Crazy-Wizard/Content/StarterContent/Textures/T_CobbleStone_Smooth_D.uasset" 576
"../../../../../../Users/twott/Desktop/Crazy-Wizard/Content/StarterContent/Textures/T_CobbleStone_Smooth_M.uasset" 577
"../../../../../../Users/twott/Desktop/Crazy-Wizard/Content/StarterContent/Textures/T_CobbleStone_Smooth_N.uasset" 578
"../../../../../../Users/twott/Desktop/Crazy-Wizard/Content/StarterContent/Materials/M_CobbleStone_Smooth.uasset" 579
"../../../../../../Users/twott/Desktop/Crazy-Wizard/Content/StarterContent/Textures/T_Concrete_Grime_D.uasset" 580
"../../../../../../Users/twott/Desktop/Crazy-Wizard/Content/StarterContent/Textures/T_Metal_Rust_N.uasset" 581
"../../../../../../Users/twott/Desktop/Crazy-Wizard/Content/StarterContent/Materials/M_Concrete_Grime.uasset" 582
"../../../../../../Users/twott/Desktop/Crazy-Wizard/Content/StarterContent/Textures/T_Concrete_Panels_D.uasset" 583
"../../../../../../Users/twott/Desktop/Crazy-Wizard/Content/StarterContent/Textures/T_Concrete_Panels_N.uasset" 584
"../../../../../../Users/twott/Desktop/Crazy-Wizard/Content/StarterContent/Materials/M_Concrete_Panels.uasset" 585
"../../../../../../Users/twott/Desktop/Crazy-Wizard/Content/StarterContent/Textures/T_Concrete_Tiles_D.uasset" 586
"../../../../../../Users/twott/Desktop/Crazy-Wizard/Content/StarterContent/Textures/T_Concrete_Tiles_M.uasset" 587
"../../../../../../Users/twott/Desktop/Crazy-Wizard/Content/StarterContent/Textures/T_Concrete_Tiles_N.uasset" 588
"../../../../../../Users/twott/Desktop/Crazy-Wizard/Content/StarterContent/Textures/T_Concrete_Tiles_Variation_M.uasset" 589
"../../../../../../Users/twott/Desktop/Crazy-Wizard/Content/StarterContent/Materials/M_Concrete_Tiles.uasset" 590
"../../../../../../Users/twott/Desktop/Crazy-Wizard/Content/StarterContent/Textures/T_Ground_Gravel_D.uasset" 591
"../../../../../../Users/twott/Desktop/Crazy-Wizard/Content/StarterContent/Textures/T_Ground_Gravel_N.uasset" 592
"../../../../../../Users/twott/Desktop/Crazy-Wizard/Content/StarterContent/Materials/M_Ground_Gravel.uasset" 593
"../../../../../../Users/twott/Desktop/Crazy-Wizard/Content/StarterContent/Textures/T_ground_Moss_D.uasset" 594
"../../../../../../Users/twott/Desktop/Crazy-Wizard/Content/StarterContent/Textures/T_Ground_Moss_N.uasset" 595
"../../../../../../Users/twott/Desktop/Crazy-Wizard/Content/StarterContent/Materials/M_Ground_Moss.uasset" 596
"../../../../../../Users/twott/Desktop/Crazy-Wizard/Content/StarterContent/Materials/M_Metal_Chrome.uasset" 597
"../../../../../../Users/twott/Desktop/Crazy-Wizard/Content/StarterContent/Textures/T_Metal_Rust_D.uasset" 598
"../../../../../../Users/twott/Desktop/Crazy-Wizard/Content/StarterContent/Materials/M_Metal_Rust.uasset" 599
"../../../../../../Users/twott/Desktop/Crazy-Wizard/Content/StarterContent/Textures/T_Rock_Basalt_N.uasset" 600
"../../../../../../Users/twott/Desktop/Crazy-Wizard/Content/StarterContent/Materials/M_Rock_Basalt.uasset" 601
"../../../../../../Users/twott/Desktop/Crazy-Wizard/Content/StarterContent/Textures/T_Rock_Sandstone_D.uasset" 602
"../../../../../../Users/twott/Desktop/Crazy-Wizard/Content/StarterContent/Textures/T_Rock_Sandstone_N.uasset" 603
"../../../../../../Users/twott/Desktop/Crazy-Wizard/Content/StarterContent/Materials/M_Rock_Sandstone.uasset" 604
"../../../../../../Users/twott/Desktop/Crazy-Wizard/Content/StarterContent/Textures/T_Rock_Slate_D.uasset" 605
"../../../../../../Users/twott/Desktop/Crazy-Wizard/Content/StarterContent/Textures/T_Rock_Slate_N.uasset" 606
"../../../../../../Users/twott/Desktop/Crazy-Wizard/Content/StarterContent/Materials/M_Rock_Slate.uasset" 607
"../../../../../../Users/twott/Desktop/Crazy-Wizard/Content/StarterContent/Textures/T_Checker_Noise_M.uasset" 608
"../../../../../../Users/twott/Desktop/Crazy-Wizard/Content/StarterContent/Textures/T_Single_Tile_N.uasset" 609
"../../../../../../Users/twott/Desktop/Crazy-Wizard/Content/StarterContent/Textures/T_Tech_Dot_M.uasset" 610
"../../../../../../Users/twott/Desktop/Crazy-Wizard/Content/StarterContent/Textures/T_Tech_Dot_N.uasset" 611
"../../../../../../Users/twott/Desktop/Crazy-Wizard/Content/StarterContent/Materials/M_Tech_Checker_Dot.uasset" 612
"../../../../../../Users/twott/Desktop/Crazy-Wizard/Content/StarterContent/Textures/T_Tech_Panel_M.uasset" 613
"../../../../../../Users/twott/Desktop/Crazy-Wizard/Content/StarterContent/Textures/T_Tech_Panel_N.uasset" 614
"../../../../../../Users/twott/Desktop/Crazy-Wizard/Content/StarterContent/Materials/M_Tech_Panel.uasset" 615
"../../../../../../Users/twott/Desktop/Crazy-Wizard/Content/StarterContent/Materials/M_Water_Lake.uasset" 616
"../../../../../../Users/twott/Desktop/Crazy-Wizard/Content/StarterContent/Textures/T_Wood_Floor_Walnut_D.uasset" 617
"../../../../../../Users/twott/Desktop/Crazy-Wizard/Content/StarterContent/Textures/T_Wood_Floor_Walnut_M.uasset" 618
"../../../../../../Users/twott/Desktop/Crazy-Wizard/Content/StarterContent/Textures/T_Wood_Floor_Walnut_N.uasset" 619
"../../../../../../Users/twott/Desktop/Crazy-Wizard/Content/StarterContent/Materials/M_Wood_Floor_Walnut_Polished.uasset" 620
"../../../Engine/Content/Functions/Engine_MaterialFunctions01/Opacity/AlphaOffset.uasset" 621
"../../../../../../Users/twott/Desktop/Crazy-Wizard/Content/StarterContent/Materials/M_Wood_Floor_Walnut_Worn.uasset" 622
"../../../../../../Users/twott/Desktop/Crazy-Wizard/Content/StarterContent/Textures/T_Wood_Pine_D.uasset" 623
"../../../../../../Users/twott/Desktop/Crazy-Wizard/Content/StarterContent/Textures/T_Wood_Pine_N.uasset" 624
"../../../../../../Users/twott/Desktop/Crazy-Wizard/Content/StarterContent/Materials/M_Wood_Pine.uasset" 625
"../../../../../../Users/twott/Desktop/Crazy-Wizard/Content/StarterContent/Textures/T_Wood_Walnut_D.uasset" 626
"../../../../../../Users/twott/Desktop/Crazy-Wizard/Content/StarterContent/Textures/T_Wood_Walnut_N.uasset" 627
"../../../../../../Users/twott/Desktop/Crazy-Wizard/Content/StarterContent/Materials/M_Wood_Walnut.uasset" 628
"../../../../../../Users/twott/Desktop/Crazy-Wizard/Content/StarterContent/Architecture/Wall_400x200.uasset" 629
"../../../../../../Users/twott/Desktop/Crazy-Wizard/Content/StarterContent/Architecture/Wall_Door_400x300.uasset" 630
"../../../../../../Users/twott/Desktop/Crazy-Wizard/Content/StarterContent/Architecture/Wall_Window_400x300.uasset" 631
"../../../../../../Users/twott/Desktop/Crazy-Wizard/Content/StarterContent/Audio/Collapse_Cue.uasset" 632
"../../../../../../Users/twott/Desktop/Crazy-Wizard/Content/StarterContent/Audio/Starter_Music_Cue.uasset" 633
"../../../../../../Users/twott/Desktop/Crazy-Wizard/Content/StarterContent/Textures/T_Dust_Particle_D.uasset" 634
"../../../../../../Users/twott/Desktop/Crazy-Wizard/Content/StarterContent/Particles/Materials/M_Dust_Particle.uasset" 635
"../../../../../../Users/twott/Desktop/Crazy-Wizard/Content/StarterContent/Particles/P_Ambient_Dust.uasset" 636
"../../../../../../Users/twott/Desktop/Crazy-Wizard/Content/StarterContent/Props/MaterialSphere.uasset" 637
"../../../../../../Users/twott/Desktop/Crazy-Wizard/Content/StarterContent/Textures/T_Frame_M.uasset" 638
"../../../../../../Users/twott/Desktop/Crazy-Wizard/Content/StarterContent/Textures/T_Frame_N.uasset" 639
"../../../../../../Users/twott/Desktop/Crazy-Wizard/Content/StarterContent/Props/Materials/M_Frame.uasset" 640
"../../../../../../Users/twott/Desktop/Crazy-Wizard/Content/StarterContent/Props/SM_CornerFrame.uasset" 641
"../../../../../../Users/twott/Desktop/Crazy-Wizard/Content/StarterContent/Props/SM_DoorFrame.uasset" 642
"../../../../../../Users/twott/Desktop/Crazy-Wizard/Content/StarterContent/Props/SM_GlassWindow.uasset" 643
"../../../../../../Users/twott/Desktop/Crazy-Wizard/Content/StarterContent/Props/SM_PillarFrame.uasset" 644
"../../../../../../Users/twott/Desktop/Crazy-Wizard/Content/StarterContent/Props/SM_PillarFrame300.uasset" 645
"../../../../../../Users/twott/Desktop/Crazy-Wizard/Content/StarterContent/Props/SM_WindowFrame.uasset" 646
"../../../../../../Users/twott/Desktop/Crazy-Wizard/Content/StarterContent/Shapes/Shape_QuadPyramid.uasset" 647
"../../../../../../Users/twott/Desktop/Crazy-Wizard/Content/StarterContent/Shapes/Shape_Sphere.uasset" 648
"../../../../../../Users/twott/Desktop/Crazy-Wizard/Content/StarterContent/Maps/StarterMap.umap" 649
"../../../Engine/Content/Maps/Entry_BuiltData.uasset" 650
"../../../Engine/Content/Maps/Entry.umap" 651
