Log file open, 10/23/19 20:18:53
LogWindows: Failed to load 'aqProf.dll' (GetLastError=126)
LogWindows: File 'aqProf.dll' does not exist
LogWindows: Failed to load 'VtuneApi.dll' (GetLastError=126)
LogWindows: File 'VtuneApi.dll' does not exist
LogWindows: Failed to load 'VtuneApi32e.dll' (GetLastError=126)
LogWindows: File 'VtuneApi32e.dll' does not exist
LogConsoleResponse: Display: Failed to find resolution value strings in scalability ini. Falling back to default.
LogInit: Display: Running engine for game: TihearMarbleV2
LogPakFile: Registered encryption key '00000000000000000000000000000000': 0 pak files mounted, 0 remain pending
LogPlatformFile: Not using cached read wrapper
LogTaskGraph: Started task graph with 5 named threads and 11 total threads with 3 sets of task threads.
LogStats: Stats thread started at 2.541611
LogD3D11RHI: Loaded GFSDK_Aftermath_Lib.x64.dll
LogICUInternationalization: ICU TimeZone Detection - Raw Offset: +7:00, Platform Override: ''
LogPluginManager: Mounting plugin Paper2D
LogPluginManager: Mounting plugin AISupport
LogPluginManager: Mounting plugin LightPropagationVolume
LogPluginManager: Mounting plugin ActorLayerUtilities
LogPluginManager: Mounting plugin AnimationSharing
LogPluginManager: Mounting plugin CLionSourceCodeAccess
LogPluginManager: Mounting plugin CodeLiteSourceCodeAccess
LogPluginManager: Mounting plugin GitSourceControl
LogPluginManager: Mounting plugin KDevelopSourceCodeAccess
LogPluginManager: Mounting plugin NullSourceCodeAccess
LogPluginManager: Mounting plugin PerforceSourceControl
LogPluginManager: Mounting plugin SubversionSourceControl
LogPluginManager: Mounting plugin UObjectPlugin
LogPluginManager: Mounting plugin VisualStudioCodeSourceCodeAccess
LogPluginManager: Mounting plugin VisualStudioSourceCodeAccess
LogPluginManager: Mounting plugin XCodeSourceCodeAccess
LogPluginManager: Mounting plugin AssetManagerEditor
LogPluginManager: Mounting plugin CryptoKeys
LogPluginManager: Mounting plugin DataValidation
LogPluginManager: Mounting plugin FacialAnimation
LogPluginManager: Mounting plugin GameplayTagsEditor
LogPluginManager: Mounting plugin MacGraphicsSwitching
LogPluginManager: Mounting plugin MaterialAnalyzer
LogPluginManager: Mounting plugin MobileLauncherProfileWizard
LogPluginManager: Mounting plugin PluginBrowser
LogPluginManager: Mounting plugin SpeedTreeImporter
LogPluginManager: Mounting plugin DatasmithContent
LogPluginManager: Mounting plugin VariantManagerContent
LogPluginManager: Mounting plugin AlembicImporter
LogPluginManager: Mounting plugin AppleImageUtils
LogPluginManager: Mounting plugin AppleVision
LogPluginManager: Mounting plugin BackChannel
LogPluginManager: Mounting plugin CharacterAI
LogPluginManager: Mounting plugin GeometryCache
LogPluginManager: Mounting plugin HTML5Networking
LogPluginManager: Mounting plugin ProxyLODPlugin
LogPluginManager: Mounting plugin SkeletalReduction
LogPluginManager: Mounting plugin MagicLeap
LogPluginManager: Mounting plugin MagicLeapMedia
LogPluginManager: Mounting plugin AndroidMedia
LogPluginManager: Mounting plugin AvfMedia
LogPluginManager: Mounting plugin ImgMedia
LogPluginManager: Mounting plugin LinearTimecode
LogPluginManager: Mounting plugin MediaCompositing
LogPluginManager: Mounting plugin MediaPlayerEditor
LogPluginManager: Mounting plugin WebMMedia
LogPluginManager: Mounting plugin WmfMedia
LogPluginManager: Mounting plugin TcpMessaging
LogPluginManager: Mounting plugin UdpMessaging
LogPluginManager: Mounting plugin ActorSequence
LogPluginManager: Mounting plugin LevelSequenceEditor
LogPluginManager: Mounting plugin MatineeToLevelSequence
LogPluginManager: Mounting plugin NetcodeUnitTest
LogPluginManager: Mounting plugin NUTUnrealEngine4
LogPluginManager: Mounting plugin OnlineSubsystemGooglePlay
LogPluginManager: Mounting plugin OnlineSubsystemIOS
LogPluginManager: Mounting plugin OnlineSubsystem
LogPluginManager: Mounting plugin OnlineSubsystemNull
LogPluginManager: Mounting plugin OnlineSubsystemUtils
LogPluginManager: Mounting plugin LauncherChunkInstaller
LogPluginManager: Mounting plugin AndroidDeviceProfileSelector
LogPluginManager: Mounting plugin AndroidMoviePlayer
LogPluginManager: Mounting plugin AndroidPermission
LogPluginManager: Mounting plugin AppleMoviePlayer
LogPluginManager: Mounting plugin ArchVisCharacter
LogPluginManager: Mounting plugin AudioCapture
LogPluginManager: Mounting plugin CableComponent
LogPluginManager: Mounting plugin CustomMeshComponent
LogPluginManager: Mounting plugin EditableMesh
LogPluginManager: Mounting plugin ExampleDeviceProfileSelector
LogPluginManager: Mounting plugin Firebase
LogPluginManager: Mounting plugin GoogleCloudMessaging
LogPluginManager: Mounting plugin IOSDeviceProfileSelector
LogPluginManager: Mounting plugin LinuxDeviceProfileSelector
LogPluginManager: Mounting plugin LocationServicesBPLibrary
LogPluginManager: Mounting plugin MobilePatchingUtils
LogPluginManager: Mounting plugin OculusVR
LogPluginManager: Mounting plugin PhysXVehicles
LogPluginManager: Mounting plugin ProceduralMeshComponent
LogPluginManager: Mounting plugin RuntimePhysXCooking
LogPluginManager: Mounting plugin SignificanceManager
LogPluginManager: Mounting plugin SteamVR
LogPluginManager: Mounting plugin WebMMoviePlayer
LogPluginManager: Mounting plugin WindowsMoviePlayer
LogInit: Using libcurl 7.55.1-DEV
LogInit:  - built for x86_64-pc-win32
LogInit:  - supports SSL with OpenSSL/1.1.1
LogInit:  - supports HTTP deflate (compression) using libz 1.2.8
LogInit:  - other features:
LogInit:      CURL_VERSION_SSL
LogInit:      CURL_VERSION_LIBZ
LogInit:      CURL_VERSION_IPV6
LogInit:      CURL_VERSION_ASYNCHDNS
LogInit:      CURL_VERSION_LARGEFILE
LogInit:      CURL_VERSION_IDN
LogInit:  CurlRequestOptions (configurable via config and command line):
LogInit:  - bVerifyPeer = true  - Libcurl will verify peer certificate
LogInit:  - bUseHttpProxy = false  - Libcurl will NOT use HTTP proxy
LogInit:  - bDontReuseConnections = false  - Libcurl will reuse connections
LogInit:  - MaxHostConnections = 16  - Libcurl will limit the number of connections to a host
LogInit:  - LocalHostAddr = Default
LogInit:  - BufferSize = 65536
LogInit: WinSock: version 1.1 (2.2), MaxSocks=32767, MaxUdp=65467
LogInit: Build: ++UE4+Release-4.22-CL-7053642
LogInit: Engine Version: 4.22.3-7053642+++UE4+Release-4.22
LogInit: Compatible Engine Version: 4.22.0-5660361+++UE4+Release-4.22
LogInit: Net CL: 5660361
LogInit: OS: Windows 10 (Release 1903) (), CPU:        Intel(R) Core(TM) i3-3227U CPU @ 1.90GHz, GPU: Intel(R) HD Graphics 4000
LogInit: Compiled (64-bit): Jun 18 2019 03:09:11
LogInit: Compiled with Visual C++: 19.16.27025.01
LogInit: Build Configuration: Development
LogInit: Branch Name: ++UE4+Release-4.22
LogInit: Command Line: 
LogInit: Base Directory: C:/Program Files/Epic Games/UE_4.22/Engine/Binaries/Win64/
LogInit: Installed Engine Build: 1
LogDevObjectVersion: Number of dev versions registered: 23
LogDevObjectVersion:   Dev-Blueprints (B0D832E4-1F89-4F0D-ACCF-7EB736FD4AA2): 10
LogDevObjectVersion:   Dev-Build (E1C64328-A22C-4D53-A36C-8E866417BD8C): 0
LogDevObjectVersion:   Dev-Core (375EC13C-06E4-48FB-B500-84F0262A717E): 3
LogDevObjectVersion:   Dev-Editor (E4B068ED-F494-42E9-A231-DA0B2E46BB41): 30
LogDevObjectVersion:   Dev-Framework (CFFC743F-43B0-4480-9391-14DF171D2073): 35
LogDevObjectVersion:   Dev-Mobile (B02B49B5-BB20-44E9-A304-32B752E40360): 2
LogDevObjectVersion:   Dev-Networking (A4E4105C-59A1-49B5-A7C5-40C4547EDFEE): 0
LogDevObjectVersion:   Dev-Online (39C831C9-5AE6-47DC-9A44-9C173E1C8E7C): 0
LogDevObjectVersion:   Dev-Physics (78F01B33-EBEA-4F98-B9B4-84EACCB95AA2): 0
LogDevObjectVersion:   Dev-Platform (6631380F-2D4D-43E0-8009-CF276956A95A): 0
LogDevObjectVersion:   Dev-Rendering (12F88B9F-8875-4AFC-A67C-D90C383ABD29): 28
LogDevObjectVersion:   Dev-Sequencer (7B5AE74C-D270-4C10-A958-57980B212A5A): 11
LogDevObjectVersion:   Dev-VR (D7296918-1DD6-4BDD-9DE2-64A83CC13884): 2
LogDevObjectVersion:   Dev-LoadTimes (C2A15278-BFE7-4AFE-6C17-90FF531DF755): 1
LogDevObjectVersion:   Private-Geometry (6EACA3D4-40EC-4CC1-B786-8BED09428FC5): 3
LogDevObjectVersion:   Dev-AnimPhys (29E575DD-E0A3-4627-9D10-D276232CDCEA): 17
LogDevObjectVersion:   Dev-Anim (AF43A65D-7FD3-4947-9873-3E8ED9C1BB05): 2
LogDevObjectVersion:   Dev-ReflectionCapture (6B266CEC-1EC7-4B8F-A30B-E4D90942FC07): 1
LogDevObjectVersion:   Dev-Automation (0DF73D61-A23F-47EA-B727-89E90C41499A): 1
LogDevObjectVersion:   FortniteMain (601D1886-AC64-4F84-AA16-D3DE0DEAC7D6): 25
LogDevObjectVersion:   Dev-Enterprise (9DFFBCD6-494F-0158-E221-12823C92A888): 6
LogDevObjectVersion:   Dev-Niagara (F2AED0AC-9AFE-416F-8664-AA7FFA26D6FC): 1
LogDevObjectVersion:   Dev-Destruction (174F1F0B-B4C6-45A5-B13F-2EE8D0FB917D): 2
LogInit: Presizing for max 16777216 objects, including 0 objects not considered by GC, pre-allocating 0 bytes for permanent pool.
LogInit: Object subsystem initialized
LogConfig: Setting CVar [[con.DebugEarlyDefault:1]]
LogConfig: Setting CVar [[r.setres:1280x720]]
[2019.10.23-13.18.57:494][  0]LogConfig: Setting CVar [[r.VSync:0]]
[2019.10.23-13.18.57:494][  0]LogConfig: Setting CVar [[r.RHICmdBypass:0]]
[2019.10.23-13.18.57:495][  0]LogConfig: Applying CVar settings from Section [/Script/Engine.RendererSettings] File [C:/Users/Kunnatee/Documents/Unreal Projects/CrazyWizardBySPT(SplatterKrean)/Saved/Config/Windows/Engine.ini]
[2019.10.23-13.18.57:495][  0]LogConfig: Setting CVar [[r.GPUCrashDebugging:0]]
[2019.10.23-13.18.57:495][  0]LogConfig: Applying CVar settings from Section [/Script/Engine.RendererOverrideSettings] File [C:/Users/Kunnatee/Documents/Unreal Projects/CrazyWizardBySPT(SplatterKrean)/Saved/Config/Windows/Engine.ini]
[2019.10.23-13.18.57:495][  0]LogConfig: Applying CVar settings from Section [/Script/Engine.StreamingSettings] File [C:/Users/Kunnatee/Documents/Unreal Projects/CrazyWizardBySPT(SplatterKrean)/Saved/Config/Windows/Engine.ini]
[2019.10.23-13.18.57:495][  0]LogConfig: Setting CVar [[s.MinBulkDataSizeForAsyncLoading:131072]]
[2019.10.23-13.18.57:495][  0]LogConfig: Setting CVar [[s.AsyncLoadingThreadEnabled:0]]
[2019.10.23-13.18.57:495][  0]LogConfig: Setting CVar [[s.EventDrivenLoaderEnabled:1]]
[2019.10.23-13.18.57:495][  0]LogConfig: Setting CVar [[s.WarnIfTimeLimitExceeded:0]]
[2019.10.23-13.18.57:495][  0]LogConfig: Setting CVar [[s.TimeLimitExceededMultiplier:1.5]]
[2019.10.23-13.18.57:495][  0]LogConfig: Setting CVar [[s.TimeLimitExceededMinTime:0.005]]
[2019.10.23-13.18.57:495][  0]LogConfig: Setting CVar [[s.UseBackgroundLevelStreaming:1]]
[2019.10.23-13.18.57:495][  0]LogConfig: Setting CVar [[s.PriorityAsyncLoadingExtraTime:15.0]]
[2019.10.23-13.18.57:495][  0]LogConfig: Setting CVar [[s.LevelStreamingActorsUpdateTimeLimit:5.0]]
[2019.10.23-13.18.57:495][  0]LogConfig: Setting CVar [[s.PriorityLevelStreamingActorsUpdateExtraTime:5.0]]
[2019.10.23-13.18.57:495][  0]LogConfig: Setting CVar [[s.LevelStreamingComponentsRegistrationGranularity:10]]
[2019.10.23-13.18.57:496][  0]LogConfig: Setting CVar [[s.UnregisterComponentsTimeLimit:1.0]]
[2019.10.23-13.18.57:496][  0]LogConfig: Setting CVar [[s.LevelStreamingComponentsUnregistrationGranularity:5]]
[2019.10.23-13.18.57:496][  0]LogConfig: Applying CVar settings from Section [/Script/Engine.GarbageCollectionSettings] File [C:/Users/Kunnatee/Documents/Unreal Projects/CrazyWizardBySPT(SplatterKrean)/Saved/Config/Windows/Engine.ini]
[2019.10.23-13.18.57:496][  0]LogConfig: Setting CVar [[gc.MaxObjectsNotConsideredByGC:1]]
[2019.10.23-13.18.57:496][  0]LogConfig: Setting CVar [[gc.SizeOfPermanentObjectPool:0]]
[2019.10.23-13.18.57:496][  0]LogConfig: Setting CVar [[gc.FlushStreamingOnGC:0]]
[2019.10.23-13.18.57:496][  0]LogConfig: Setting CVar [[gc.NumRetriesBeforeForcingGC:10]]
[2019.10.23-13.18.57:496][  0]LogConfig: Setting CVar [[gc.AllowParallelGC:1]]
[2019.10.23-13.18.57:496][  0]LogConfig: Setting CVar [[gc.TimeBetweenPurgingPendingKillObjects:61.1]]
[2019.10.23-13.18.57:496][  0]LogConfig: Setting CVar [[gc.MaxObjectsInEditor:16777216]]
[2019.10.23-13.18.57:496][  0]LogConfig: Setting CVar [[gc.IncrementalBeginDestroyEnabled:1]]
[2019.10.23-13.18.57:496][  0]LogConfig: Setting CVar [[gc.CreateGCClusters:1]]
[2019.10.23-13.18.57:496][  0]LogConfig: Setting CVar [[gc.MinGCClusterSize:5]]
[2019.10.23-13.18.57:496][  0]LogConfig: Setting CVar [[gc.ActorClusteringEnabled:0]]
[2019.10.23-13.18.57:496][  0]LogConfig: Setting CVar [[gc.BlueprintClusteringEnabled:0]]
[2019.10.23-13.18.57:496][  0]LogConfig: Setting CVar [[gc.UseDisregardForGCOnDedicatedServers:0]]
[2019.10.23-13.18.57:496][  0]LogConfig: Applying CVar settings from Section [/Script/Engine.NetworkSettings] File [C:/Users/Kunnatee/Documents/Unreal Projects/CrazyWizardBySPT(SplatterKrean)/Saved/Config/Windows/Engine.ini]
[2019.10.23-13.18.57:496][  0]LogConfig: Applying CVar settings from Section [/Script/UnrealEd.CookerSettings] File [C:/Users/Kunnatee/Documents/Unreal Projects/CrazyWizardBySPT(SplatterKrean)/Saved/Config/Windows/Engine.ini]
[2019.10.23-13.18.57:615][  0]LogConfig: Applying CVar settings from Section [ViewDistanceQuality@3] File [C:/Users/Kunnatee/Documents/Unreal Projects/CrazyWizardBySPT(SplatterKrean)/Saved/Config/Windows/Scalability.ini]
[2019.10.23-13.18.57:615][  0]LogConfig: Setting CVar [[r.SkeletalMeshLODBias:0]]
[2019.10.23-13.18.57:615][  0]LogConfig: Setting CVar [[r.ViewDistanceScale:1.0]]
[2019.10.23-13.18.57:616][  0]LogConfig: Applying CVar settings from Section [AntiAliasingQuality@3] File [C:/Users/Kunnatee/Documents/Unreal Projects/CrazyWizardBySPT(SplatterKrean)/Saved/Config/Windows/Scalability.ini]
[2019.10.23-13.18.57:616][  0]LogConfig: Setting CVar [[r.PostProcessAAQuality:4]]
[2019.10.23-13.18.57:616][  0]LogConfig: Applying CVar settings from Section [ShadowQuality@3] File [C:/Users/Kunnatee/Documents/Unreal Projects/CrazyWizardBySPT(SplatterKrean)/Saved/Config/Windows/Scalability.ini]
[2019.10.23-13.18.57:616][  0]LogConfig: Setting CVar [[r.LightFunctionQuality:1]]
[2019.10.23-13.18.57:616][  0]LogConfig: Setting CVar [[r.ShadowQuality:5]]
[2019.10.23-13.18.57:616][  0]LogConfig: Setting CVar [[r.Shadow.CSM.MaxCascades:10]]
[2019.10.23-13.18.57:616][  0]LogConfig: Setting CVar [[r.Shadow.MaxResolution:2048]]
[2019.10.23-13.18.57:616][  0]LogConfig: Setting CVar [[r.Shadow.MaxCSMResolution:2048]]
[2019.10.23-13.18.57:616][  0]LogConfig: Setting CVar [[r.Shadow.RadiusThreshold:0.01]]
[2019.10.23-13.18.57:616][  0]LogConfig: Setting CVar [[r.Shadow.DistanceScale:1.0]]
[2019.10.23-13.18.57:616][  0]LogConfig: Setting CVar [[r.Shadow.CSM.TransitionScale:1.0]]
[2019.10.23-13.18.57:616][  0]LogConfig: Setting CVar [[r.Shadow.PreShadowResolutionFactor:1.0]]
[2019.10.23-13.18.57:616][  0]LogConfig: Setting CVar [[r.DistanceFieldShadowing:1]]
[2019.10.23-13.18.57:616][  0]LogConfig: Setting CVar [[r.DistanceFieldAO:1]]
[2019.10.23-13.18.57:616][  0]LogConfig: Setting CVar [[r.AOQuality:2]]
[2019.10.23-13.18.57:616][  0]LogConfig: Setting CVar [[r.VolumetricFog:1]]
[2019.10.23-13.18.57:617][  0]LogConfig: Setting CVar [[r.VolumetricFog.GridPixelSize:8]]
[2019.10.23-13.18.57:617][  0]LogConfig: Setting CVar [[r.VolumetricFog.GridSizeZ:128]]
[2019.10.23-13.18.57:617][  0]LogConfig: Setting CVar [[r.VolumetricFog.HistoryMissSupersampleCount:4]]
[2019.10.23-13.18.57:617][  0]LogConfig: Setting CVar [[r.LightMaxDrawDistanceScale:1]]
[2019.10.23-13.18.57:617][  0]LogConfig: Setting CVar [[r.CapsuleShadows:1]]
[2019.10.23-13.18.57:617][  0]LogConfig: Applying CVar settings from Section [PostProcessQuality@3] File [C:/Users/Kunnatee/Documents/Unreal Projects/CrazyWizardBySPT(SplatterKrean)/Saved/Config/Windows/Scalability.ini]
[2019.10.23-13.18.57:617][  0]LogConfig: Setting CVar [[r.MotionBlurQuality:4]]
[2019.10.23-13.18.57:617][  0]LogConfig: Setting CVar [[r.AmbientOcclusionMipLevelFactor:0.4]]
[2019.10.23-13.18.57:617][  0]LogConfig: Setting CVar [[r.AmbientOcclusionMaxQuality:100]]
[2019.10.23-13.18.57:617][  0]LogConfig: Setting CVar [[r.AmbientOcclusionLevels:-1]]
[2019.10.23-13.18.57:617][  0]LogConfig: Setting CVar [[r.AmbientOcclusionRadiusScale:1.0]]
[2019.10.23-13.18.57:617][  0]LogConfig: Setting CVar [[r.DepthOfFieldQuality:2]]
[2019.10.23-13.18.57:617][  0]LogConfig: Setting CVar [[r.RenderTargetPoolMin:400]]
[2019.10.23-13.18.57:617][  0]LogConfig: Setting CVar [[r.LensFlareQuality:2]]
[2019.10.23-13.18.57:617][  0]LogConfig: Setting CVar [[r.SceneColorFringeQuality:1]]
[2019.10.23-13.18.57:617][  0]LogConfig: Setting CVar [[r.EyeAdaptationQuality:2]]
[2019.10.23-13.18.57:617][  0]LogConfig: Setting CVar [[r.BloomQuality:5]]
[2019.10.23-13.18.57:618][  0]LogConfig: Setting CVar [[r.FastBlurThreshold:100]]
[2019.10.23-13.18.57:618][  0]LogConfig: Setting CVar [[r.Upscale.Quality:3]]
[2019.10.23-13.18.57:618][  0]LogConfig: Setting CVar [[r.Tonemapper.GrainQuantization:1]]
[2019.10.23-13.18.57:618][  0]LogConfig: Setting CVar [[r.LightShaftQuality:1]]
[2019.10.23-13.18.57:618][  0]LogConfig: Setting CVar [[r.Filter.SizeScale:1]]
[2019.10.23-13.18.57:618][  0]LogConfig: Setting CVar [[r.Tonemapper.Quality:5]]
[2019.10.23-13.18.57:618][  0]LogConfig: Setting CVar [[r.DOF.Gather.AccumulatorQuality:1        ; higher gathering accumulator quality]]
[2019.10.23-13.18.57:618][  0]LogConfig: Setting CVar [[r.DOF.Gather.PostfilterMethod:1          ; Median3x3 postfilering method]]
[2019.10.23-13.18.57:618][  0]LogConfig: Setting CVar [[r.DOF.Gather.EnableBokehSettings:0       ; no bokeh simulation when gathering]]
[2019.10.23-13.18.57:618][  0]LogConfig: Setting CVar [[r.DOF.Gather.RingCount:4                 ; medium number of samples when gathering]]
[2019.10.23-13.18.57:618][  0]LogConfig: Setting CVar [[r.DOF.Scatter.ForegroundCompositing:1    ; additive foreground scattering]]
[2019.10.23-13.18.57:618][  0]LogConfig: Setting CVar [[r.DOF.Scatter.BackgroundCompositing:2    ; additive background scattering]]
[2019.10.23-13.18.57:618][  0]LogConfig: Setting CVar [[r.DOF.Scatter.EnableBokehSettings:1      ; bokeh simulation when scattering]]
[2019.10.23-13.18.57:618][  0]LogConfig: Setting CVar [[r.DOF.Scatter.MaxSpriteRatio:0.1         ; only a maximum of 10% of scattered bokeh]]
[2019.10.23-13.18.57:619][  0]LogConfig: Setting CVar [[r.DOF.Recombine.Quality:1                ; cheap slight out of focus]]
[2019.10.23-13.18.57:619][  0]LogConfig: Setting CVar [[r.DOF.Recombine.EnableBokehSettings:0    ; no bokeh simulation on slight out of focus]]
[2019.10.23-13.18.57:619][  0]LogConfig: Setting CVar [[r.DOF.TemporalAAQuality:1                ; more stable temporal accumulation]]
[2019.10.23-13.18.57:619][  0]LogConfig: Setting CVar [[r.DOF.Kernel.MaxForegroundRadius:0.025]]
[2019.10.23-13.18.57:619][  0]LogConfig: Setting CVar [[r.DOF.Kernel.MaxBackgroundRadius:0.025]]
[2019.10.23-13.18.57:619][  0]LogConfig: Applying CVar settings from Section [TextureQuality@3] File [C:/Users/Kunnatee/Documents/Unreal Projects/CrazyWizardBySPT(SplatterKrean)/Saved/Config/Windows/Scalability.ini]
[2019.10.23-13.18.57:619][  0]LogConfig: Setting CVar [[r.Streaming.MipBias:0]]
[2019.10.23-13.18.57:619][  0]LogConfig: Setting CVar [[r.Streaming.AmortizeCPUToGPUCopy:0]]
[2019.10.23-13.18.57:619][  0]LogConfig: Setting CVar [[r.Streaming.MaxNumTexturesToStreamPerFrame:0]]
[2019.10.23-13.18.57:619][  0]LogConfig: Setting CVar [[r.Streaming.Boost:1]]
[2019.10.23-13.18.57:619][  0]LogConfig: Setting CVar [[r.MaxAnisotropy:8]]
[2019.10.23-13.18.57:619][  0]LogConfig: Setting CVar [[r.Streaming.LimitPoolSizeToVRAM:0]]
[2019.10.23-13.18.57:619][  0]LogConfig: Setting CVar [[r.Streaming.PoolSize:1000]]
[2019.10.23-13.18.57:619][  0]LogConfig: Setting CVar [[r.Streaming.MaxEffectiveScreenSize:0]]
[2019.10.23-13.18.57:619][  0]LogConfig: Applying CVar settings from Section [EffectsQuality@3] File [C:/Users/Kunnatee/Documents/Unreal Projects/CrazyWizardBySPT(SplatterKrean)/Saved/Config/Windows/Scalability.ini]
[2019.10.23-13.18.57:619][  0]LogConfig: Setting CVar [[r.TranslucencyLightingVolumeDim:64]]
[2019.10.23-13.18.57:619][  0]LogConfig: Setting CVar [[r.RefractionQuality:2]]
[2019.10.23-13.18.57:619][  0]LogConfig: Setting CVar [[r.SSR.Quality:3]]
[2019.10.23-13.18.57:619][  0]LogConfig: Setting CVar [[r.SceneColorFormat:4]]
[2019.10.23-13.18.57:620][  0]LogConfig: Setting CVar [[r.DetailMode:2]]
[2019.10.23-13.18.57:620][  0]LogConfig: Setting CVar [[r.TranslucencyVolumeBlur:1]]
[2019.10.23-13.18.57:620][  0]LogConfig: Setting CVar [[r.MaterialQualityLevel:1 ; High quality]]
[2019.10.23-13.18.57:620][  0]LogConfig: Setting CVar [[r.SSS.Scale:1]]
[2019.10.23-13.18.57:620][  0]LogConfig: Setting CVar [[r.SSS.SampleSet:2]]
[2019.10.23-13.18.57:620][  0]LogConfig: Setting CVar [[r.SSS.Quality:1]]
[2019.10.23-13.18.57:620][  0]LogConfig: Setting CVar [[r.SSS.HalfRes:1]]
[2019.10.23-13.18.57:620][  0]LogConfig: Setting CVar [[r.EmitterSpawnRateScale:1.0]]
[2019.10.23-13.18.57:620][  0]LogConfig: Setting CVar [[r.ParticleLightQuality:2]]
[2019.10.23-13.18.57:620][  0]LogConfig: Applying CVar settings from Section [FoliageQuality@3] File [C:/Users/Kunnatee/Documents/Unreal Projects/CrazyWizardBySPT(SplatterKrean)/Saved/Config/Windows/Scalability.ini]
[2019.10.23-13.18.57:620][  0]LogConfig: Setting CVar [[foliage.DensityScale:1.0]]
[2019.10.23-13.18.57:620][  0]LogConfig: Setting CVar [[grass.DensityScale:1.0]]
[2019.10.23-13.18.57:633][  0]LogInit: Selected Device Profile: [Windows]
[2019.10.23-13.18.57:634][  0]LogInit: Applying CVar settings loaded from the selected device profile: [Windows]
[2019.10.23-13.18.57:715][  0]LogHAL: Display: Platform has ~ 8 GB [8466190336 / 8589934592 / 8], which maps to Default [LargestMinGB=32, LargerMinGB=12, DefaultMinGB=8, SmallerMinGB=6, SmallestMinGB=0)
[2019.10.23-13.18.57:739][  0]LogConfig: Setting CVar [[r.Vulkan.UseRealUBs:0		; Required until we fix HLR fall-out]]
[2019.10.23-13.18.57:739][  0]LogInit: Going up to parent DeviceProfile []
[2019.10.23-13.18.57:740][  0]LogConfig: Applying CVar settings from Section [ViewDistanceQuality@0] File [C:/Users/Kunnatee/Documents/Unreal Projects/CrazyWizardBySPT(SplatterKrean)/Saved/Config/Windows/Scalability.ini]
[2019.10.23-13.18.57:740][  0]LogConfig: Setting CVar [[r.SkeletalMeshLODBias:2]]
[2019.10.23-13.18.57:740][  0]LogConfig: Setting CVar [[r.ViewDistanceScale:0.4]]
[2019.10.23-13.18.57:740][  0]LogConfig: Applying CVar settings from Section [AntiAliasingQuality@0] File [C:/Users/Kunnatee/Documents/Unreal Projects/CrazyWizardBySPT(SplatterKrean)/Saved/Config/Windows/Scalability.ini]
[2019.10.23-13.18.57:740][  0]LogConfig: Setting CVar [[r.PostProcessAAQuality:0]]
[2019.10.23-13.18.57:740][  0]LogConfig: Applying CVar settings from Section [ShadowQuality@0] File [C:/Users/Kunnatee/Documents/Unreal Projects/CrazyWizardBySPT(SplatterKrean)/Saved/Config/Windows/Scalability.ini]
[2019.10.23-13.18.57:740][  0]LogConfig: Setting CVar [[r.LightFunctionQuality:0]]
[2019.10.23-13.18.57:740][  0]LogConfig: Setting CVar [[r.ShadowQuality:0]]
[2019.10.23-13.18.57:740][  0]LogConfig: Setting CVar [[r.Shadow.CSM.MaxCascades:1]]
[2019.10.23-13.18.57:740][  0]LogConfig: Setting CVar [[r.Shadow.MaxResolution:512]]
[2019.10.23-13.18.57:740][  0]LogConfig: Setting CVar [[r.Shadow.MaxCSMResolution:512]]
[2019.10.23-13.18.57:740][  0]LogConfig: Setting CVar [[r.Shadow.RadiusThreshold:0.06]]
[2019.10.23-13.18.57:740][  0]LogConfig: Setting CVar [[r.Shadow.DistanceScale:0.6]]
[2019.10.23-13.18.57:740][  0]LogConfig: Setting CVar [[r.Shadow.CSM.TransitionScale:0]]
[2019.10.23-13.18.57:740][  0]LogConfig: Setting CVar [[r.Shadow.PreShadowResolutionFactor:0.5]]
[2019.10.23-13.18.57:740][  0]LogConfig: Setting CVar [[r.DistanceFieldShadowing:0]]
[2019.10.23-13.18.57:740][  0]LogConfig: Setting CVar [[r.DistanceFieldAO:0]]
[2019.10.23-13.18.57:740][  0]LogConfig: Setting CVar [[r.VolumetricFog:0]]
[2019.10.23-13.18.57:740][  0]LogConfig: Setting CVar [[r.LightMaxDrawDistanceScale:0]]
[2019.10.23-13.18.57:740][  0]LogConfig: Setting CVar [[r.CapsuleShadows:0]]
[2019.10.23-13.18.57:740][  0]LogConfig: Applying CVar settings from Section [PostProcessQuality@0] File [C:/Users/Kunnatee/Documents/Unreal Projects/CrazyWizardBySPT(SplatterKrean)/Saved/Config/Windows/Scalability.ini]
[2019.10.23-13.18.57:741][  0]LogConfig: Setting CVar [[r.MotionBlurQuality:0]]
[2019.10.23-13.18.57:741][  0]LogConfig: Setting CVar [[r.AmbientOcclusionMipLevelFactor:1.0]]
[2019.10.23-13.18.57:741][  0]LogConfig: Setting CVar [[r.AmbientOcclusionMaxQuality:0]]
[2019.10.23-13.18.57:741][  0]LogConfig: Setting CVar [[r.AmbientOcclusionLevels:0]]
[2019.10.23-13.18.57:741][  0]LogConfig: Setting CVar [[r.AmbientOcclusionRadiusScale:1.2]]
[2019.10.23-13.18.57:741][  0]LogConfig: Setting CVar [[r.DepthOfFieldQuality:0]]
[2019.10.23-13.18.57:741][  0]LogConfig: Setting CVar [[r.RenderTargetPoolMin:300]]
[2019.10.23-13.18.57:741][  0]LogConfig: Setting CVar [[r.LensFlareQuality:0]]
[2019.10.23-13.18.57:741][  0]LogConfig: Setting CVar [[r.SceneColorFringeQuality:0]]
[2019.10.23-13.18.57:741][  0]LogConfig: Setting CVar [[r.EyeAdaptationQuality:0]]
[2019.10.23-13.18.57:741][  0]LogConfig: Setting CVar [[r.BloomQuality:4]]
[2019.10.23-13.18.57:741][  0]LogConfig: Setting CVar [[r.FastBlurThreshold:0]]
[2019.10.23-13.18.57:741][  0]LogConfig: Setting CVar [[r.Upscale.Quality:1]]
[2019.10.23-13.18.57:741][  0]LogConfig: Setting CVar [[r.Tonemapper.GrainQuantization:0]]
[2019.10.23-13.18.57:741][  0]LogConfig: Setting CVar [[r.LightShaftQuality:0]]
[2019.10.23-13.18.57:741][  0]LogConfig: Setting CVar [[r.Filter.SizeScale:0.6]]
[2019.10.23-13.18.57:741][  0]LogConfig: Setting CVar [[r.Tonemapper.Quality:0]]
[2019.10.23-13.18.57:741][  0]LogConfig: Applying CVar settings from Section [TextureQuality@0] File [C:/Users/Kunnatee/Documents/Unreal Projects/CrazyWizardBySPT(SplatterKrean)/Saved/Config/Windows/Scalability.ini]
[2019.10.23-13.18.57:741][  0]LogConfig: Setting CVar [[r.Streaming.MipBias:16]]
[2019.10.23-13.18.57:741][  0]LogConfig: Setting CVar [[r.Streaming.AmortizeCPUToGPUCopy:1]]
[2019.10.23-13.18.57:741][  0]LogConfig: Setting CVar [[r.Streaming.MaxNumTexturesToStreamPerFrame:1]]
[2019.10.23-13.18.57:741][  0]LogConfig: Setting CVar [[r.Streaming.Boost:0.3]]
[2019.10.23-13.18.57:741][  0]LogConfig: Setting CVar [[r.MaxAnisotropy:0]]
[2019.10.23-13.18.57:742][  0]LogConfig: Setting CVar [[r.Streaming.LimitPoolSizeToVRAM:1]]
[2019.10.23-13.18.57:742][  0]LogConfig: Setting CVar [[r.Streaming.PoolSize:400]]
[2019.10.23-13.18.57:742][  0]LogConfig: Setting CVar [[r.Streaming.MaxEffectiveScreenSize:0]]
[2019.10.23-13.18.57:742][  0]LogConfig: Applying CVar settings from Section [EffectsQuality@0] File [C:/Users/Kunnatee/Documents/Unreal Projects/CrazyWizardBySPT(SplatterKrean)/Saved/Config/Windows/Scalability.ini]
[2019.10.23-13.18.57:742][  0]LogConfig: Setting CVar [[r.TranslucencyLightingVolumeDim:24]]
[2019.10.23-13.18.57:742][  0]LogConfig: Setting CVar [[r.RefractionQuality:0]]
[2019.10.23-13.18.57:742][  0]LogConfig: Setting CVar [[r.SSR.Quality:0]]
[2019.10.23-13.18.57:742][  0]LogConfig: Setting CVar [[r.SceneColorFormat:3]]
[2019.10.23-13.18.57:742][  0]LogConfig: Setting CVar [[r.DetailMode:0]]
[2019.10.23-13.18.57:742][  0]LogConfig: Setting CVar [[r.TranslucencyVolumeBlur:0]]
[2019.10.23-13.18.57:742][  0]LogConfig: Setting CVar [[r.MaterialQualityLevel:0 ; Low quality]]
[2019.10.23-13.18.57:742][  0]LogConfig: Setting CVar [[r.SSS.Scale:0]]
[2019.10.23-13.18.57:742][  0]LogConfig: Setting CVar [[r.SSS.SampleSet:0]]
[2019.10.23-13.18.57:742][  0]LogConfig: Setting CVar [[r.SSS.Quality:0]]
[2019.10.23-13.18.57:742][  0]LogConfig: Setting CVar [[r.SSS.HalfRes:1]]
[2019.10.23-13.18.57:742][  0]LogConfig: Setting CVar [[r.EmitterSpawnRateScale:0.125]]
[2019.10.23-13.18.57:742][  0]LogConfig: Setting CVar [[r.ParticleLightQuality:0]]
[2019.10.23-13.18.57:742][  0]LogConfig: Applying CVar settings from Section [FoliageQuality@0] File [C:/Users/Kunnatee/Documents/Unreal Projects/CrazyWizardBySPT(SplatterKrean)/Saved/Config/Windows/Scalability.ini]
[2019.10.23-13.18.57:743][  0]LogConfig: Setting CVar [[foliage.DensityScale:0]]
[2019.10.23-13.18.57:743][  0]LogConfig: Setting CVar [[grass.DensityScale:0]]
[2019.10.23-13.18.57:743][  0]LogConfig: Applying CVar settings from Section [Startup] File [../../../Engine/Config/ConsoleVariables.ini]
[2019.10.23-13.18.57:752][  0]LogConfig: Setting CVar [[net.UseAdaptiveNetUpdateFrequency:0]]
[2019.10.23-13.18.57:752][  0]LogConfig: Setting CVar [[p.chaos.AllowCreatePhysxBodies:1]]
[2019.10.23-13.18.57:752][  0]LogConfig: Applying CVar settings from Section [ConsoleVariables] File [C:/Users/Kunnatee/Documents/Unreal Projects/CrazyWizardBySPT(SplatterKrean)/Saved/Config/Windows/Engine.ini]
[2019.10.23-13.18.57:785][  0]LogInit: Computer: GAMYUI
[2019.10.23-13.18.57:785][  0]LogInit: User: Kunnatee
[2019.10.23-13.18.57:785][  0]LogInit: CPU Page size=4096, Cores=2
[2019.10.23-13.18.57:785][  0]LogInit: High frequency timer resolution =10.000000 MHz
[2019.10.23-13.18.57:786][  0]LogMemory: Memory total: Physical=7.9GB (8GB approx)
[2019.10.23-13.18.57:786][  0]LogMemory: Platform Memory Stats for Windows
[2019.10.23-13.18.57:787][  0]LogMemory: Process Physical Memory: 101.53 MB used, 101.53 MB peak
[2019.10.23-13.18.57:787][  0]LogMemory: Process Virtual Memory: 94.43 MB used, 94.43 MB peak
[2019.10.23-13.18.57:787][  0]LogMemory: Physical Memory: 5756.82 MB used,  2317.16 MB free, 8073.99 MB total
[2019.10.23-13.18.57:787][  0]LogMemory: Virtual Memory: 4649.66 MB used,  134213080.00 MB free, 134217728.00 MB total
[2019.10.23-13.18.58:411][  0]LogInit: Using OS detected language (en-US).
[2019.10.23-13.18.58:411][  0]LogInit: Using OS detected locale (en-GB).
[2019.10.23-13.18.58:421][  0]LogTextLocalizationManager: No specific localization for 'en-US' exists, so the 'en' localization will be used.
[2019.10.23-13.18.59:336][  0]LogInit: Setting process to per monitor DPI aware
[2019.10.23-13.19.00:116][  0]LogSlate: New Slate User Created.  User Index 0, Is Virtual User: 0
[2019.10.23-13.19.00:116][  0]LogSlate: Slate User Registered.  User Index 0, Is Virtual User: 0
[2019.10.23-13.19.07:803][  0]LogHMD: Failed to initialize OpenVR with code 110
[2019.10.23-13.19.07:803][  0]LogD3D11RHI: D3D11 adapters:
[2019.10.23-13.19.07:822][  0]LogD3D11RHI:    0. 'Intel(R) HD Graphics 4000' (Feature Level 11_0)
[2019.10.23-13.19.07:822][  0]LogD3D11RHI:       32/0/1760 MB DedicatedVideo/DedicatedSystem/SharedSystem, Outputs:1, VendorId:0x8086
[2019.10.23-13.19.07:831][  0]LogD3D11RHI:    1. 'Microsoft Basic Render Driver' (Feature Level 11_0)
[2019.10.23-13.19.07:831][  0]LogD3D11RHI:       0/0/4036 MB DedicatedVideo/DedicatedSystem/SharedSystem, Outputs:0, VendorId:0x1414
[2019.10.23-13.19.07:831][  0]LogD3D11RHI: Chosen D3D11 Adapter: 0
[2019.10.23-13.19.07:848][  0]LogD3D11RHI: Creating new Direct3DDevice
[2019.10.23-13.19.07:848][  0]LogD3D11RHI:     GPU DeviceId: 0x166 (for the marketing name, search the web for "GPU Device Id")
[2019.10.23-13.19.07:849][  0]LogWindows: EnumDisplayDevices:
[2019.10.23-13.19.07:849][  0]LogWindows:    0. 'Intel(R) HD Graphics 4000' (P:1 D:1)
[2019.10.23-13.19.07:850][  0]LogWindows:    1. 'Intel(R) HD Graphics 4000' (P:0 D:0)
[2019.10.23-13.19.07:851][  0]LogWindows:    2. 'Intel(R) HD Graphics 4000' (P:0 D:0)
[2019.10.23-13.19.07:852][  0]LogWindows: DebugString: FoundDriverCount:3 
[2019.10.23-13.19.07:852][  0]LogD3D11RHI:     Adapter Name: Intel(R) HD Graphics 4000
[2019.10.23-13.19.07:852][  0]LogD3D11RHI:   Driver Version: 10.18.10.4276 (internal:10.18.10.4276, unified:10.18.10.4276)
[2019.10.23-13.19.07:852][  0]LogD3D11RHI:      Driver Date: 8-17-2015
[2019.10.23-13.19.07:852][  0]LogRHI: Texture pool is 638 MB (70% of 912 MB)
[2019.10.23-13.19.07:868][  0]LogD3D11RHI: Async texture creation enabled
[2019.10.23-13.19.07:985][  0]LogRendererCore: FGlobalReadBuffer::InitRHI
[2019.10.23-13.19.07:987][  0]LogRendererCore: FGlobalReadBuffer::InitRHI
[2019.10.23-13.19.07:987][  0]LogRendererCore: FGlobalReadBuffer::InitRHI
[2019.10.23-13.19.08:003][  0]LogD3D11RHI: GPU Timing Frequency: 12.500000 (Debug: 2 0)
[2019.10.23-13.19.16:380][  0]LogTemp: Display: Module 'AllDesktopTargetPlatform' loaded TargetPlatform 'AllDesktop'
[2019.10.23-13.19.16:418][  0]LogTemp: Display: Module 'MacClientTargetPlatform' loaded TargetPlatform 'MacClient'
[2019.10.23-13.19.16:475][  0]LogTemp: Display: Module 'MacNoEditorTargetPlatform' loaded TargetPlatform 'MacNoEditor'
[2019.10.23-13.19.16:512][  0]LogTemp: Display: Module 'MacServerTargetPlatform' loaded TargetPlatform 'MacServer'
[2019.10.23-13.19.16:558][  0]LogTemp: Display: Module 'MacTargetPlatform' loaded TargetPlatform 'Mac'
[2019.10.23-13.19.16:677][  0]LogTemp: Display: Module 'WindowsClientTargetPlatform' loaded TargetPlatform 'WindowsClient'
[2019.10.23-13.19.16:732][  0]LogTemp: Display: Module 'WindowsNoEditorTargetPlatform' loaded TargetPlatform 'WindowsNoEditor'
[2019.10.23-13.19.16:769][  0]LogTemp: Display: Module 'WindowsServerTargetPlatform' loaded TargetPlatform 'WindowsServer'
[2019.10.23-13.19.16:792][  0]LogTemp: Display: Module 'WindowsTargetPlatform' loaded TargetPlatform 'Windows'
[2019.10.23-13.19.17:060][  0]LogTemp: Display: Module 'AndroidTargetPlatform' loaded TargetPlatform 'Android'
[2019.10.23-13.19.17:060][  0]LogTemp: Display: Module 'AndroidTargetPlatform' loaded TargetPlatform 'Android_ASTC'
[2019.10.23-13.19.17:060][  0]LogTemp: Display: Module 'AndroidTargetPlatform' loaded TargetPlatform 'Android_ATC'
[2019.10.23-13.19.17:060][  0]LogTemp: Display: Module 'AndroidTargetPlatform' loaded TargetPlatform 'Android_DXT'
[2019.10.23-13.19.17:061][  0]LogTemp: Display: Module 'AndroidTargetPlatform' loaded TargetPlatform 'Android_ETC1'
[2019.10.23-13.19.17:061][  0]LogTemp: Display: Module 'AndroidTargetPlatform' loaded TargetPlatform 'Android_ETC1a'
[2019.10.23-13.19.17:061][  0]LogTemp: Display: Module 'AndroidTargetPlatform' loaded TargetPlatform 'Android_ETC2'
[2019.10.23-13.19.17:061][  0]LogTemp: Display: Module 'AndroidTargetPlatform' loaded TargetPlatform 'Android_PVRTC'
[2019.10.23-13.19.17:061][  0]LogTemp: Display: Module 'AndroidTargetPlatform' loaded TargetPlatform 'AndroidClient'
[2019.10.23-13.19.17:061][  0]LogTemp: Display: Module 'AndroidTargetPlatform' loaded TargetPlatform 'Android_ASTCClient'
[2019.10.23-13.19.17:061][  0]LogTemp: Display: Module 'AndroidTargetPlatform' loaded TargetPlatform 'Android_ATCClient'
[2019.10.23-13.19.17:061][  0]LogTemp: Display: Module 'AndroidTargetPlatform' loaded TargetPlatform 'Android_DXTClient'
[2019.10.23-13.19.17:061][  0]LogTemp: Display: Module 'AndroidTargetPlatform' loaded TargetPlatform 'Android_ETC1Client'
[2019.10.23-13.19.17:061][  0]LogTemp: Display: Module 'AndroidTargetPlatform' loaded TargetPlatform 'Android_ETC1aClient'
[2019.10.23-13.19.17:061][  0]LogTemp: Display: Module 'AndroidTargetPlatform' loaded TargetPlatform 'Android_ETC2Client'
[2019.10.23-13.19.17:061][  0]LogTemp: Display: Module 'AndroidTargetPlatform' loaded TargetPlatform 'Android_PVRTCClient'
[2019.10.23-13.19.17:061][  0]LogTemp: Display: Module 'AndroidTargetPlatform' loaded TargetPlatform 'Android_Multi'
[2019.10.23-13.19.17:061][  0]LogTemp: Display: Module 'AndroidTargetPlatform' loaded TargetPlatform 'Android_MultiClient'
[2019.10.23-13.19.17:068][  0]LogTemp: Display: Module 'HTML5TargetPlatform' loaded TargetPlatform 'HTML5'
[2019.10.23-13.19.17:245][  0]LogTemp: Display: Module 'IOSTargetPlatform' loaded TargetPlatform 'IOSClient'
[2019.10.23-13.19.17:245][  0]LogTemp: Display: Module 'IOSTargetPlatform' loaded TargetPlatform 'IOS'
[2019.10.23-13.19.17:458][  0]LogTemp: Display: Module 'TVOSTargetPlatform' loaded TargetPlatform 'TVOSClient'
[2019.10.23-13.19.17:458][  0]LogTemp: Display: Module 'TVOSTargetPlatform' loaded TargetPlatform 'TVOS'
[2019.10.23-13.19.17:525][  0]LogTemp: Display: Module 'LinuxClientTargetPlatform' loaded TargetPlatform 'LinuxClient'
[2019.10.23-13.19.17:559][  0]LogTemp: Display: Module 'LinuxNoEditorTargetPlatform' loaded TargetPlatform 'LinuxNoEditor'
[2019.10.23-13.19.17:594][  0]LogTemp: Display: Module 'LinuxServerTargetPlatform' loaded TargetPlatform 'LinuxServer'
[2019.10.23-13.19.17:771][  0]LogTemp: Display: Module 'LinuxTargetPlatform' loaded TargetPlatform 'Linux'
[2019.10.23-13.19.17:907][  0]LogTemp: Display: Module 'LuminTargetPlatform' loaded TargetPlatform 'Lumin'
[2019.10.23-13.19.17:907][  0]LogTemp: Display: Module 'LuminTargetPlatform' loaded TargetPlatform 'LuminClient'
[2019.10.23-13.19.17:907][  0]LogTargetPlatformManager: Display: Building Assets For Windows
[2019.10.23-13.19.18:141][  0]LogAudioDebug: Display: Lib vorbis DLL was dynamically loaded.
[2019.10.23-13.19.19:009][  0]LogShaderCompilers: Guid format shader working directory is -41 characters bigger than the processId version (../../../../../../Users/Kunnatee/Documents/Unreal Projects/CrazyWizardBySPT(SplatterKrean)/Intermediate/Shaders/WorkingDirectory/1428/).
[2019.10.23-13.19.19:009][  0]LogShaderCompilers: Cleaned the shader compiler working directory 'C:/Users/Kunnatee/AppData/Local/Temp/UnrealShaderWorkingDir/E9F133DF488FA378C77B629A344CA92D/'.
[2019.10.23-13.19.19:080][  0]LogXGEController: Cleaning working directory: C:/Users/Kunnatee/AppData/Local/Temp/UnrealXGEWorkingDir/
[2019.10.23-13.19.19:081][  0]LogXGEController: Cannot use XGE Controller as Incredibuild is not installed on this machine.
[2019.10.23-13.19.19:082][  0]LogShaderCompilers: Cannot use XGE Shader Compiler as Incredibuild is not installed on this machine.
[2019.10.23-13.19.19:082][  0]LogShaderCompilers: Display: Using Local Shader Compiler.
[2019.10.23-13.19.29:245][  0]LogDerivedDataCache: Display: Max Cache Size: 512 MB
[2019.10.23-13.19.30:801][  0]LogDerivedDataCache: Loaded boot cache 1.53s 71MB C:/Users/Kunnatee/AppData/Local/UnrealEngine/4.22/DerivedDataCache/Boot.ddc.
[2019.10.23-13.19.30:801][  0]LogDerivedDataCache: Display: Loaded Boot cache: C:/Users/Kunnatee/AppData/Local/UnrealEngine/4.22/DerivedDataCache/Boot.ddc
[2019.10.23-13.19.30:801][  0]LogDerivedDataCache: FDerivedDataBackendGraph:  Pak pak cache file ../../../../../../Users/Kunnatee/Documents/Unreal Projects/CrazyWizardBySPT(SplatterKrean)/DerivedDataCache/DDC.ddp not found, will not use a pak cache.
[2019.10.23-13.19.30:801][  0]LogDerivedDataCache: Unable to find inner node Pak for hierarchical cache Hierarchy.
[2019.10.23-13.19.30:801][  0]LogDerivedDataCache: FDerivedDataBackendGraph:  CompressedPak pak cache file ../../../../../../Users/Kunnatee/Documents/Unreal Projects/CrazyWizardBySPT(SplatterKrean)/DerivedDataCache/Compressed.ddp not found, will not use a pak cache.
[2019.10.23-13.19.30:801][  0]LogDerivedDataCache: Unable to find inner node CompressedPak for hierarchical cache Hierarchy.
[2019.10.23-13.19.30:949][  0]LogDerivedDataCache: Display: Pak cache opened for reading ../../../Engine/DerivedDataCache/Compressed.ddp.
[2019.10.23-13.19.30:949][  0]LogDerivedDataCache: FDerivedDataBackendGraph:  EnterprisePak pak cache file ../../../Enterprise/DerivedDataCache/Compressed.ddp not found, will not use a pak cache.
[2019.10.23-13.19.30:949][  0]LogDerivedDataCache: Unable to find inner node EnterprisePak for hierarchical cache Hierarchy.
[2019.10.23-13.19.30:994][  0]LogDerivedDataCache: Using Local data cache path C:/Users/Kunnatee/AppData/Local/UnrealEngine/Common/DerivedDataCache: Writable
[2019.10.23-13.19.30:994][  0]LogDerivedDataCache: Shared data cache path not found in *engine.ini, will not use an Shared cache.
[2019.10.23-13.19.30:994][  0]LogDerivedDataCache: Unable to find inner node Shared for hierarchical cache Hierarchy.
[2019.10.23-13.19.31:093][  0]LogMaterial: Verifying Global Shaders for PCD3D_SM5
[2019.10.23-13.19.31:154][  0]LogSlate: Using FreeType 2.6.0
[2019.10.23-13.19.31:255][  0]LogSlate: SlateFontServices - WITH_FREETYPE: 1, WITH_HARFBUZZ: 1
[2019.10.23-13.19.35:789][  0]LogAssetRegistry: FAssetRegistry took 0.0675 seconds to start up
[2019.10.23-13.19.39:704][  0]LogInit: Selected Device Profile: [Windows]
[2019.10.23-13.19.41:659][  0]LogMeshReduction: Using QuadricMeshReduction for automatic static mesh reduction
[2019.10.23-13.19.41:659][  0]LogMeshReduction: Using SimplygonMeshReduction for automatic skeletal mesh reduction
[2019.10.23-13.19.41:659][  0]LogMeshReduction: Using ProxyLODMeshReduction for automatic mesh merging
[2019.10.23-13.19.41:659][  0]LogMeshReduction: No distributed automatic mesh merging module available
[2019.10.23-13.19.41:660][  0]LogMeshMerging: No distributed automatic mesh merging module available
[2019.10.23-13.19.42:161][  0]LogNetVersion: TihearMarbleV2 1.0.0, NetCL: 5660361, EngineNetVer: 10, GameNetVer: 0 (Checksum: 1881101847)
[2019.10.23-13.19.49:986][  0]LogPackageLocalizationCache: Processed 10 localized package path(s) for 1 prioritized culture(s) in 0.298080 seconds
[2019.10.23-13.19.50:028][  0]LogUObjectArray: 42205 objects as part of root set at end of initial load.
[2019.10.23-13.19.50:028][  0]LogUObjectAllocator: 7325032 out of 0 bytes used by permanent object pool.
[2019.10.23-13.19.50:028][  0]LogUObjectArray: CloseDisregardForGC: 0/0 objects in disregard for GC pool
[2019.10.23-13.20.26:109][  0]LogTcpMessaging: Initializing TcpMessaging bridge
[2019.10.23-13.20.26:155][  0]LogUdpMessaging: Initializing bridge on interface 0.0.0.0:0 to multicast group 230.0.0.1:6666.
[2019.10.23-13.20.27:200][  0]SourceControl: Source control is disabled
[2019.10.23-13.20.27:234][  0]SourceControl: Source control is disabled
[2019.10.23-13.20.27:313][  0]SourceControl: Source control is disabled
[2019.10.23-13.20.27:516][  0]SourceControl: Source control is disabled
[2019.10.23-13.20.29:569][  0]LogAndroidPermission: UAndroidPermissionCallbackProxy::GetInstance
[2019.10.23-13.20.31:054][  0]LogOcInput: OculusInput pre-init called
[2019.10.23-13.20.35:867][  0]LogEngine: Initializing Engine...
[2019.10.23-13.20.35:909][  0]LogHMD: Failed to initialize OpenVR with code 110
[2019.10.23-13.20.35:940][  0]LogStats: UGameplayTagsManager::InitializeManager -  0.024 s
[2019.10.23-13.20.37:379][  0]LogInit: Initializing FReadOnlyCVARCache
[2019.10.23-13.20.37:679][  0]LogAIModule: Creating AISystem for world Untitled
[2019.10.23-13.20.37:903][  0]LogInit: XAudio2 using 'Speakers (Realtek High Definition Audio)' : 2 channels at 48 kHz using 32 bits per sample (channel mask 0x3)
[2019.10.23-13.20.38:012][  0]LogInit: FAudioDevice initialized.
[2019.10.23-13.20.38:013][  0]LogNetVersion: Set ProjectVersion to 1.0.0.0. Version Checksum will be recalculated on next use.
[2019.10.23-13.20.38:267][  0]LogDerivedDataCache: Saved boot cache 0.25s 71MB C:/Users/Kunnatee/AppData/Local/UnrealEngine/4.22/DerivedDataCache/Boot.ddc.
[2019.10.23-13.20.38:278][  0]LogInit: Texture streaming: Enabled
[2019.10.23-13.20.38:491][  0]LogEngineSessionManager: EngineSessionManager initialized
[2019.10.23-13.20.38:743][  0]LogInit: Transaction tracking system initialized
[2019.10.23-13.20.38:994][  0]BlueprintLog: New page: Editor Load
[2019.10.23-13.20.40:532][  0]LocalizationService: Localization service is disabled
[2019.10.23-13.20.41:458][  0]LogLinker: Warning: Can't find file '/Game/ThirdPersonBP/ThirdPersonOverview'
[2019.10.23-13.20.41:459][  0]LogLinker: Warning: Can't find file '/Game/ThirdPersonBP/ThirdPersonOverview'
[2019.10.23-13.20.41:459][  0]LogUObjectGlobals: Warning: Failed to find object 'Class /Game/ThirdPersonBP/ThirdPersonOverview.ThirdPersonOverview_C'
[2019.10.23-13.20.46:645][  0]LogFileCache: Scanning file cache for directory 'C:/Users/Kunnatee/Documents/Unreal Projects/CrazyWizardBySPT(SplatterKrean)/Content/' took 0.06s
[2019.10.23-13.20.46:645][  0]LogCook: Display: Max memory allowance for cook 16384mb min free memory 0mb
[2019.10.23-13.20.46:645][  0]LogCook: Display: Mobile HDR setting 1
[2019.10.23-13.20.51:410][  0]SourceControl: Source control is disabled
[2019.10.23-13.20.51:412][  0]Cmd: MAP LOAD FILE="../../../../../../Users/Kunnatee/Documents/Unreal Projects/CrazyWizardBySPT(SplatterKrean)/Content/LevelTest.umap" TEMPLATE=0 SHOWPROGRESS=1 FEATURELEVEL=3
[2019.10.23-13.20.51:426][  0]LightingResults: New page: Lighting Build
[2019.10.23-13.20.51:520][  0]MapCheck: New page: Map Check
[2019.10.23-13.20.51:521][  0]LightingResults: New page: Lighting Build
[2019.10.23-13.20.52:073][  0]LogUObjectHash: Compacting FUObjectHashTables data took   4.93ms
[2019.10.23-13.20.54:457][  0]LogBlueprint: Warning: [Compiler EndGamePopUp_BP] Could not find a variable named "TimeInSec" in 'UI_C'.
Make sure 'UI_C' has been compiled for  Get TimeInSec
[2019.10.23-13.20.54:516][  0]LogBlueprint: Error: [Compiler EndGamePopUp_BP] Could not find an event-dispatcher named "StopTime" in 'UI_C'.
Make sure 'UI_C' has been compiled for  Call StopTime
[2019.10.23-13.20.54:516][  0]LogBlueprint: Error: [Compiler EndGamePopUp_BP] Could not find an event-dispatcher named "TimeContinue" in 'UI_C'.
Make sure 'UI_C' has been compiled for  Call TimeContinue
[2019.10.23-13.20.54:518][  0]LogBlueprint: Error: [Compiler EndGamePopUp_BP] The property associated with  Time in Sec  could not be found in '/Game/RollingBP/Blueprints/EndGamePopUp_BP.EndGamePopUp_BP_C'
[2019.10.23-13.20.54:562][  0]LogBlueprint: Warning: [Compiler EndGamePopUp_BP] [0153.01] Compile of EndGamePopUp_BP failed. 3 Fatal Issue(s) 1 Warning(s) [in 232 ms] (/Game/RollingBP/Blueprints/EndGamePopUp_BP.EndGamePopUp_BP)
[2019.10.23-13.20.58:241][  0]LogAIModule: Creating AISystem for world LevelTest
[2019.10.23-13.20.58:597][  0]LogEditorServer: Finished looking for orphan Actors (0.000 secs)
[2019.10.23-13.20.58:714][  0]LogUObjectHash: Compacting FUObjectHashTables data took   7.18ms
[2019.10.23-13.20.58:716][  0]Cmd: MAP CHECKDEP NOCLEARLOG
[2019.10.23-13.20.58:717][  0]MapCheck: Map check complete: 0 Error(s), 0 Warning(s), took 0.89ms to complete.
[2019.10.23-13.20.58:717][  0]LogFileHelpers: Loading map 'LevelTest' took 7.305
[2019.10.23-13.21.00:245][  0]LogSlate: Updating window title bar state: overlay mode, drag disabled, window buttons hidden, title bar hidden
[2019.10.23-13.21.00:265][  0]LogSlate: Updating window title bar state: overlay mode, drag disabled, window buttons hidden, title bar hidden
[2019.10.23-13.21.00:284][  0]LogSlate: Updating window title bar state: overlay mode, drag disabled, window buttons hidden, title bar hidden
[2019.10.23-13.21.00:307][  0]LogSlate: Updating window title bar state: overlay mode, drag disabled, window buttons hidden, title bar hidden
[2019.10.23-13.21.00:336][  0]LogSlate: Updating window title bar state: overlay mode, drag disabled, window buttons hidden, title bar hidden
[2019.10.23-13.21.00:361][  0]LogSlate: Updating window title bar state: overlay mode, drag disabled, window buttons hidden, title bar hidden
[2019.10.23-13.21.00:388][  0]LogSlate: Updating window title bar state: overlay mode, drag disabled, window buttons hidden, title bar hidden
[2019.10.23-13.21.00:414][  0]LogSlate: Updating window title bar state: overlay mode, drag disabled, window buttons hidden, title bar hidden
[2019.10.23-13.21.00:486][  0]LogCollectionManager: Loaded 0 collections in 0.003957 seconds
[2019.10.23-13.21.00:641][  0]LogFileCache: Scanning file cache for directory 'C:/Users/Kunnatee/Documents/Unreal Projects/CrazyWizardBySPT(SplatterKrean)/Saved/Collections/' took 0.01s
[2019.10.23-13.21.00:641][  0]LogFileCache: Scanning file cache for directory 'C:/Users/Kunnatee/Documents/Unreal Projects/CrazyWizardBySPT(SplatterKrean)/Content/Developers/Kunnatee/Collections/' took 0.01s
[2019.10.23-13.21.00:641][  0]LogFileCache: Scanning file cache for directory 'C:/Users/Kunnatee/Documents/Unreal Projects/CrazyWizardBySPT(SplatterKrean)/Content/Collections/' took 0.00s
[2019.10.23-13.21.00:641][  0]LogCollectionManager: Rebuilt the GUID cache for 0 collections in 0.000001 seconds
[2019.10.23-13.21.00:665][  0]LogContentBrowser: Native class hierarchy populated in 0.0225 seconds. Added 2732 classes and 659 folders.
[2019.10.23-13.21.00:769][  0]LogContentBrowser: Native class hierarchy updated for 'WidgetCarousel' in 0.0007 seconds. Added 0 classes and 0 folders.
[2019.10.23-13.21.00:884][  0]LogPakFile: Registered encryption key '00000000000000000000000000000000': 0 pak files mounted, 0 remain pending
[2019.10.23-13.21.00:915][  0]LogPakFile: Registered encryption key '00000000000000000000000000000000': 0 pak files mounted, 0 remain pending
[2019.10.23-13.21.00:933][  0]LogPakFile: Registered encryption key '00000000000000000000000000000000': 0 pak files mounted, 0 remain pending
[2019.10.23-13.21.01:155][  0]LogPakFile: Registered encryption key '00000000000000000000000000000000': 0 pak files mounted, 0 remain pending
[2019.10.23-13.21.01:196][  0]LogPakFile: Registered encryption key '00000000000000000000000000000000': 0 pak files mounted, 0 remain pending
[2019.10.23-13.21.01:210][  0]LogPakFile: Registered encryption key '00000000000000000000000000000000': 0 pak files mounted, 0 remain pending
[2019.10.23-13.21.01:230][  0]LogPakFile: Registered encryption key '00000000000000000000000000000000': 0 pak files mounted, 0 remain pending
[2019.10.23-13.21.01:268][  0]LogPakFile: Registered encryption key '00000000000000000000000000000000': 0 pak files mounted, 0 remain pending
[2019.10.23-13.21.01:284][  0]LogPakFile: Registered encryption key '00000000000000000000000000000000': 0 pak files mounted, 0 remain pending
[2019.10.23-13.21.01:322][  0]LogPakFile: Registered encryption key '00000000000000000000000000000000': 0 pak files mounted, 0 remain pending
[2019.10.23-13.21.01:475][  0]LogPakFile: Registered encryption key '00000000000000000000000000000000': 0 pak files mounted, 0 remain pending
[2019.10.23-13.21.01:515][  0]LogPakFile: Registered encryption key '00000000000000000000000000000000': 0 pak files mounted, 0 remain pending
[2019.10.23-13.21.01:545][  0]LogPakFile: Registered encryption key '00000000000000000000000000000000': 0 pak files mounted, 0 remain pending
[2019.10.23-13.21.01:577][  0]LogPakFile: Registered encryption key '00000000000000000000000000000000': 0 pak files mounted, 0 remain pending
[2019.10.23-13.21.01:613][  0]LogPakFile: Registered encryption key '00000000000000000000000000000000': 0 pak files mounted, 0 remain pending
[2019.10.23-13.21.01:640][  0]LogPakFile: Registered encryption key '00000000000000000000000000000000': 0 pak files mounted, 0 remain pending
[2019.10.23-13.21.01:659][  0]LogPakFile: Registered encryption key '00000000000000000000000000000000': 0 pak files mounted, 0 remain pending
[2019.10.23-13.21.01:808][  0]LogPakFile: Registered encryption key '00000000000000000000000000000000': 0 pak files mounted, 0 remain pending
[2019.10.23-13.21.01:824][  0]LogPakFile: Registered encryption key '00000000000000000000000000000000': 0 pak files mounted, 0 remain pending
[2019.10.23-13.21.01:855][  0]LogPakFile: Registered encryption key '00000000000000000000000000000000': 0 pak files mounted, 0 remain pending
[2019.10.23-13.21.01:871][  0]LogPakFile: Registered encryption key '00000000000000000000000000000000': 0 pak files mounted, 0 remain pending
[2019.10.23-13.21.01:889][  0]LogPakFile: Registered encryption key '00000000000000000000000000000000': 0 pak files mounted, 0 remain pending
[2019.10.23-13.21.01:931][  0]LogPakFile: Registered encryption key '00000000000000000000000000000000': 0 pak files mounted, 0 remain pending
[2019.10.23-13.21.01:963][  0]LogPakFile: Registered encryption key '00000000000000000000000000000000': 0 pak files mounted, 0 remain pending
[2019.10.23-13.21.01:986][  0]LogPakFile: Registered encryption key '00000000000000000000000000000000': 0 pak files mounted, 0 remain pending
[2019.10.23-13.21.02:123][  0]LogPakFile: Registered encryption key '00000000000000000000000000000000': 0 pak files mounted, 0 remain pending
[2019.10.23-13.21.03:954][  0]LogContentBrowser: Native class hierarchy updated for 'AddContentDialog' in 0.0007 seconds. Added 0 classes and 0 folders.
[2019.10.23-13.21.04:014][  0]LogContentBrowser: Native class hierarchy updated for 'SceneOutliner' in 0.0008 seconds. Added 1 classes and 2 folders.
[2019.10.23-13.21.05:201][  0]LogSlate: Took 0.019594 seconds to synchronously load lazily loaded font '../../../Engine/Content/Slate/Fonts/Roboto-Regular.ttf' (155K)
[2019.10.23-13.21.05:257][  0]LogSlate: Took 0.048489 seconds to synchronously load lazily loaded font '../../../Engine/Content/Slate/Fonts/Roboto-Bold.ttf' (160K)
[2019.10.23-13.21.05:401][  0]LogSlate: Took 0.044066 seconds to synchronously load lazily loaded font '../../../Engine/Content/Editor/Slate/Fonts/FontAwesome.ttf' (139K)
[2019.10.23-13.21.05:865][  0]LogRenderer: Reallocating scene render targets to support 780x392 Format 9 NumSamples 1 (Frame:1).
[2019.10.23-13.21.07:545][  0]LogSlate: Took 0.018515 seconds to synchronously load lazily loaded font '../../../Engine/Content/Slate/Fonts/Roboto-Light.ttf' (167K)
[2019.10.23-13.21.07:949][  0]LogContentBrowser: Native class hierarchy updated for 'HierarchicalLODOutliner' in 0.0007 seconds. Added 0 classes and 0 folders.
[2019.10.23-13.21.07:949][  0]LogLoad: (Engine Initialization) Total time: 166.40 seconds
[2019.10.23-13.21.07:949][  0]LogLoad: (Engine Initialization) Total Blueprint compile time: 0.00 seconds
[2019.10.23-13.21.08:259][  0]LoadErrors: Error: /Game/RollingBP/Blueprints/EndGamePopUp_BP : Failed import for Function /Game/Blueprints/Widget/UI.UI_C:StopTime__DelegateSignature Referenced by export Function /Game/RollingBP/Blueprints/EndGamePopUp_BP.EndGamePopUp_BP_C:ExecuteUbergraph_EndGamePopUp_BP
[2019.10.23-13.21.08:259][  0]LoadErrors: Error: /Game/RollingBP/Blueprints/EndGamePopUp_BP : Failed import for Function /Game/Blueprints/Widget/UI.UI_C:TimeContinue__DelegateSignature Referenced by export Function /Game/RollingBP/Blueprints/EndGamePopUp_BP.EndGamePopUp_BP_C:ExecuteUbergraph_EndGamePopUp_BP
[2019.10.23-13.21.08:259][  0]LoadErrors: Error: /Game/RollingBP/Blueprints/EndGamePopUp_BP : Failed import for IntProperty /Game/Blueprints/Widget/UI.UI_C:TimeInSec Referenced by export Function /Game/RollingBP/Blueprints/EndGamePopUp_BP.EndGamePopUp_BP_C:Get_YourTimeScore
[2019.10.23-13.21.08:260][  0]LoadErrors: Error: /Game/RollingBP/Blueprints/EndGamePopUp_BP : Failed import for MulticastDelegateProperty /Game/Blueprints/Widget/UI.UI_C:StopTime Referenced by export Function /Game/RollingBP/Blueprints/EndGamePopUp_BP.EndGamePopUp_BP_C:ExecuteUbergraph_EndGamePopUp_BP
[2019.10.23-13.21.08:260][  0]LoadErrors: Error: /Game/RollingBP/Blueprints/EndGamePopUp_BP : Failed import for MulticastDelegateProperty /Game/Blueprints/Widget/UI.UI_C:TimeContinue Referenced by export Function /Game/RollingBP/Blueprints/EndGamePopUp_BP.EndGamePopUp_BP_C:ExecuteUbergraph_EndGamePopUp_BP
[2019.10.23-13.21.08:563][  0]LogContentStreaming: Texture pool size now 400 MB
[2019.10.23-13.21.08:913][  0]LogSlate: FSceneViewport::OnFocusLost() reason 2
[2019.10.23-13.21.11:328][  4]LogAssetRegistry: Asset discovery search completed in 95.5688 seconds
[2019.10.23-13.21.11:354][  4]LogCollectionManager: Rebuilt the object cache for 0 collections in 0.000001 seconds (found 0 objects)
[2019.10.23-13.21.11:355][  4]LogCollectionManager: Fixed up redirectors for 0 collections in 0.000311 seconds (updated 0 objects)
[2019.10.23-13.21.15:298][ 16]LogFileCache: Retrieving MD5 hashes for directory 'C:/Users/Kunnatee/Documents/Unreal Projects/CrazyWizardBySPT(SplatterKrean)/Content/' took 6.98s
[2019.10.23-13.21.59:896][559]LogSlate: Window 'Message Log' being destroyed
[2019.10.23-13.21.59:909][559]LogSlate: Window 'Message Log' being destroyed
[2019.10.23-13.22.07:378][801]LogSlate: FSceneViewport::OnFocusLost() reason 0
[2019.10.23-13.22.22:366][454]LogSlate: Took 0.003469 seconds to synchronously load lazily loaded font '../../../Engine/Content/Slate/Fonts/Roboto-Light.ttf' (167K)
[2019.10.23-13.22.22:380][454]LogAssetEditorManager: Opening Asset editor for WidgetBlueprint /Game/RollingBP/Blueprints/EndGamePopUp_BP.EndGamePopUp_BP
[2019.10.23-13.22.23:956][454]LogContentBrowser: Native class hierarchy updated for 'BlueprintGraph' in 0.0018 seconds. Added 121 classes and 0 folders.
[2019.10.23-13.22.30:328][454]LogBlueprintActionDatabase: Requesting refresh due to module change: SequencerWidgets (loaded)
[2019.10.23-13.22.34:155][454]LogSlate: Took 0.026896 seconds to synchronously load lazily loaded font '../../../Engine/Content/Slate/Fonts/Roboto-BoldCondensed.ttf' (158K)
[2019.10.23-13.25.03:193][367]LogSavePackage: Moving '../../../../../../Users/Kunnatee/Documents/Unreal Projects/CrazyWizardBySPT(SplatterKrean)/Saved/EndGamePopUp_BP74A87D384CC654A5422AD79167E330E1.tmp' to '../../../../../../Users/Kunnatee/Documents/Unreal Projects/CrazyWizardBySPT(SplatterKrean)/Content/RollingBP/Blueprints/EndGamePopUp_BP.uasset'
[2019.10.23-13.25.26:849][144]LogSlate: Took 0.006807 seconds to synchronously load lazily loaded font '../../../Engine/Content/Slate/Fonts/Roboto-Italic.ttf' (157K)
[2019.10.23-13.25.42:629][645]BlueprintLog: New page: Compile EndGamePopUp_BP
[2019.10.23-13.25.42:674][645]LogBlueprint: Error: [Compiler EndGamePopUp_BP] Can't connect pins  Target  and  Found Widgets : UI Object Reference is not compatible with Array of UI Oct 19 Object References.
[2019.10.23-13.25.42:676][645]LogBlueprint: Error: [Compiler EndGamePopUp_BP] Can't connect pins  Found Widgets  and  Target : Array of UI Oct 19 Object References is not compatible with UI Object Reference.
[2019.10.23-13.25.42:677][645]LogBlueprint: Error: [Compiler EndGamePopUp_BP] Invalid pin connection from ' Found Widgets ' to ' Target '. You may have changed the type after the connections were made.
[2019.10.23-13.25.42:683][645]LogBlueprint: Error: [Compiler EndGamePopUp_BP] COMPILER ERROR: failed building connection with 'Array of UI Object References is not compatible with Array of UI Oct 19 Object References.' at  Get (a copy)
[2019.10.23-13.25.42:683][645]LogBlueprint: Warning: [Compiler EndGamePopUp_BP] 'UI Oct 19' does not inherit from 'UI' ( Cast To UI_Oct19  would always fail).
[2019.10.23-13.25.42:686][645]LogBlueprint: Error: [Compiler EndGamePopUp_BP] Could not find an event-dispatcher named "StopTime" in 'UI_C'.
Make sure 'UI_C' has been compiled for  Call StopTime
[2019.10.23-13.25.42:687][645]LogBlueprint: Error: [Compiler EndGamePopUp_BP] Could not find an event-dispatcher named "TimeContinue" in 'UI_C'.
Make sure 'UI_C' has been compiled for  Call TimeContinue
[2019.10.23-13.25.42:688][645]LogBlueprint: Error: [Compiler EndGamePopUp_BP] The current value of the ' Array ' pin is invalid: Array inputs (like 'Target Array') must have an input wired into them (try connecting a MakeArray node).
[2019.10.23-13.25.42:858][645]LogUObjectHash: Compacting FUObjectHashTables data took  16.65ms
[2019.10.23-13.25.42:904][645]LogBlueprint: Warning: [Compiler EndGamePopUp_BP] [0441.35] Compile of EndGamePopUp_BP failed. 7 Fatal Issue(s) 1 Warning(s) [in 275 ms] (/Game/RollingBP/Blueprints/EndGamePopUp_BP.EndGamePopUp_BP)
[2019.10.23-13.25.57:017][142]LogSlate: Prevented a slow task dialog from being summoned while a context menu was open
[2019.10.23-13.26.26:264][ 80]LogEditorTransaction: Undo Delete current selection
[2019.10.23-13.29.18:740][654]LogEditorTransaction: Undo Delete current selection
[2019.10.23-13.29.38:843][456]BlueprintLog: New page: Compile EndGamePopUp_BP
[2019.10.23-13.29.38:878][456]LogBlueprint: Error: [Compiler EndGamePopUp_BP] COMPILER ERROR: failed building connection with 'Array of UI Object References is not compatible with Array of UI Oct 19 Object References.' at  Get (a copy)
[2019.10.23-13.29.38:878][456]LogBlueprint: Warning: [Compiler EndGamePopUp_BP] 'UI Oct 19' does not inherit from 'UI' ( Cast To UI_Oct19  would always fail).
[2019.10.23-13.29.38:883][456]LogBlueprint: Error: [Compiler EndGamePopUp_BP] The current value of the ' Array ' pin is invalid: Array inputs (like 'Target Array') must have an input wired into them (try connecting a MakeArray node).
[2019.10.23-13.29.38:992][456]LogUObjectHash: Compacting FUObjectHashTables data took  13.16ms
[2019.10.23-13.29.39:038][456]LogBlueprint: Warning: [Compiler EndGamePopUp_BP] [0677.49] Compile of EndGamePopUp_BP failed. 2 Fatal Issue(s) 1 Warning(s) [in 194 ms] (/Game/RollingBP/Blueprints/EndGamePopUp_BP.EndGamePopUp_BP)
[2019.10.23-13.30.35:600][572]BlueprintLog: New page: Compile EndGamePopUp_BP
[2019.10.23-13.30.35:759][572]LogUObjectHash: Compacting FUObjectHashTables data took  13.42ms
[2019.10.23-13.30.38:703][665]LogSavePackage: Moving '../../../../../../Users/Kunnatee/Documents/Unreal Projects/CrazyWizardBySPT(SplatterKrean)/Saved/EndGamePopUp_BP8DCF46814969D573148E49A672C63214.tmp' to '../../../../../../Users/Kunnatee/Documents/Unreal Projects/CrazyWizardBySPT(SplatterKrean)/Content/RollingBP/Blueprints/EndGamePopUp_BP.uasset'
[2019.10.23-13.31.24:210][438]BlueprintLog: New page: Compile EndGamePopUp_BP
[2019.10.23-13.31.24:360][438]LogUObjectHash: Compacting FUObjectHashTables data took  12.69ms
[2019.10.23-13.31.26:407][501]LogSavePackage: Moving '../../../../../../Users/Kunnatee/Documents/Unreal Projects/CrazyWizardBySPT(SplatterKrean)/Saved/EndGamePopUp_BP18ECECAE48382125959584A8B5F47DB2.tmp' to '../../../../../../Users/Kunnatee/Documents/Unreal Projects/CrazyWizardBySPT(SplatterKrean)/Content/RollingBP/Blueprints/EndGamePopUp_BP.uasset'
[2019.10.23-13.31.31:904][725]BlueprintLog: New page: Compile EndGamePopUp_BP
[2019.10.23-13.31.32:036][725]LogUObjectHash: Compacting FUObjectHashTables data took  11.61ms
[2019.10.23-13.31.33:802][776]LogSavePackage: Moving '../../../../../../Users/Kunnatee/Documents/Unreal Projects/CrazyWizardBySPT(SplatterKrean)/Saved/EndGamePopUp_BP77BE559F481CEFE9D613099E50ECC5A2.tmp' to '../../../../../../Users/Kunnatee/Documents/Unreal Projects/CrazyWizardBySPT(SplatterKrean)/Content/RollingBP/Blueprints/EndGamePopUp_BP.uasset'
[2019.10.23-13.31.38:484][952]LogUObjectHash: Compacting FUObjectHashTables data took   9.83ms
[2019.10.23-13.31.39:305][952]LogSavePackage: Moving '../../../../../../Users/Kunnatee/Documents/Unreal Projects/CrazyWizardBySPT(SplatterKrean)/Saved/LevelTestEAF509844D72ABBCC2037E8E6770F9A1.tmp' to '../../../../../../Users/Kunnatee/Documents/Unreal Projects/CrazyWizardBySPT(SplatterKrean)/Content/LevelTest.umap'
[2019.10.23-13.31.39:399][952]Cmd: OBJ SAVEPACKAGE PACKAGE="/Game/LevelTest_BuiltData" FILE="../../../../../../Users/Kunnatee/Documents/Unreal Projects/CrazyWizardBySPT(SplatterKrean)/Content/LevelTest_BuiltData.uasset" SILENT=true
[2019.10.23-13.31.39:693][952]LogSavePackage: Moving '../../../../../../Users/Kunnatee/Documents/Unreal Projects/CrazyWizardBySPT(SplatterKrean)/Saved/LevelTest_BuiltData7AEE31F4430872B4B55877B476D7727C.tmp' to '../../../../../../Users/Kunnatee/Documents/Unreal Projects/CrazyWizardBySPT(SplatterKrean)/Content/LevelTest_BuiltData.uasset'
[2019.10.23-13.31.40:464][974]LogUObjectHash: Compacting FUObjectHashTables data took   8.05ms
